============================================================
Processing CC samples
============================================================

Processing cc energy_cut=0
Looking in: /home/virgolaema/dune/online-pointing-utils/data/prod_cc/clusters_cc_valid_bg_tick3_ch2_min2_tot2_e0p0
  Found 2 cluster file(s)
  View X - MARLEY: 686, Background: 21556, Main track: 199

Processing cc energy_cut=0.5
Looking in: /home/virgolaema/dune/online-pointing-utils/data/prod_cc/clusters_cc_valid_bg_tick3_ch2_min2_tot2_e0p5
  Found 2 cluster file(s)
  View X - MARLEY: 637, Background: 7853, Main track: 197

Processing cc energy_cut=1
Looking in: /home/virgolaema/dune/online-pointing-utils/data/prod_cc/clusters_cc_valid_bg_tick3_ch2_min2_tot2_e1p0
  Found 2 cluster file(s)
  View X - MARLEY: 562, Background: 4592, Main track: 192

Processing cc energy_cut=1.5
Looking in: /home/virgolaema/dune/online-pointing-utils/data/prod_cc/clusters_cc_valid_bg_tick3_ch2_min2_tot2_e1p5
  Found 2 cluster file(s)
  View X - MARLEY: 479, Background: 2428, Main track: 187

Processing cc energy_cut=2
Looking in: /home/virgolaema/dune/online-pointing-utils/data/prod_cc/clusters_cc_valid_bg_tick3_ch2_min2_tot2_e2p0
  Found 2 cluster file(s)
  View X - MARLEY: 430, Background: 1024, Main track: 185

Processing cc energy_cut=2.5
Looking in: /home/virgolaema/dune/online-pointing-utils/data/prod_cc/clusters_cc_valid_bg_tick3_ch2_min2_tot2_e2p5
  Found 2 cluster file(s)
  View X - MARLEY: 381, Background: 183, Main track: 182

Processing cc energy_cut=3
Looking in: /home/virgolaema/dune/online-pointing-utils/data/prod_cc/clusters_cc_valid_bg_tick3_ch2_min2_tot2_e3p0
  Found 2 cluster file(s)
  View X - MARLEY: 351, Background: 40, Main track: 180

Processing cc energy_cut=3.5
Looking in: /home/virgolaema/dune/online-pointing-utils/data/prod_cc/clusters_cc_valid_bg_tick3_ch2_min2_tot2_e3p5
  Found 2 cluster file(s)
  View X - MARLEY: 333, Background: 15, Main track: 177

Processing cc energy_cut=4
Looking in: /home/virgolaema/dune/online-pointing-utils/data/prod_cc/clusters_cc_valid_bg_tick3_ch2_min2_tot2_e4p0
  Found 2 cluster file(s)
  View X - MARLEY: 309, Background: 14, Main track: 175

Processing cc energy_cut=4.5
Looking in: /home/virgolaema/dune/online-pointing-utils/data/prod_cc/clusters_cc_valid_bg_tick3_ch2_min2_tot2_e4p5
  Found 2 cluster file(s)
  View X - MARLEY: 296, Background: 14, Main track: 175

Processing cc energy_cut=5
Looking in: /home/virgolaema/dune/online-pointing-utils/data/prod_cc/clusters_cc_valid_bg_tick3_ch2_min2_tot2_e5p0
  Found 2 cluster file(s)
  View X - MARLEY: 286, Background: 14, Main track: 173

============================================================
Processing ES samples
============================================================

Processing es energy_cut=0
Looking in: /home/virgolaema/dune/online-pointing-utils/data/prod_es/clusters_es_valid_bg_tick3_ch2_min2_tot2_e0p0
  Found 2 cluster file(s)
  View X - MARLEY: 353, Background: 20780, Main track: 190

Processing es energy_cut=0.5
Looking in: /home/virgolaema/dune/online-pointing-utils/data/prod_es/clusters_es_valid_bg_tick3_ch2_min2_tot2_e0p5
  Found 2 cluster file(s)
  View X - MARLEY: 341, Background: 7432, Main track: 190

Processing es energy_cut=1
Looking in: /home/virgolaema/dune/online-pointing-utils/data/prod_es/clusters_es_valid_bg_tick3_ch2_min2_tot2_e1p0
  Found 2 cluster file(s)
  View X - MARLEY: 327, Background: 4500, Main track: 190

Processing es energy_cut=1.5
Looking in: /home/virgolaema/dune/online-pointing-utils/data/prod_es/clusters_es_valid_bg_tick3_ch2_min2_tot2_e1p5
  Found 2 cluster file(s)
  View X - MARLEY: 300, Background: 2418, Main track: 188

Processing es energy_cut=2
Looking in: /home/virgolaema/dune/online-pointing-utils/data/prod_es/clusters_es_valid_bg_tick3_ch2_min2_tot2_e2p0
  Found 2 cluster file(s)
  View X - MARLEY: 279, Background: 710, Main track: 181

Processing es energy_cut=2.5
Looking in: /home/virgolaema/dune/online-pointing-utils/data/prod_es/clusters_es_valid_bg_tick3_ch2_min2_tot2_e2p5
  Found 2 cluster file(s)
  View X - MARLEY: 265, Background: 90, Main track: 177

Processing es energy_cut=3
Looking in: /home/virgolaema/dune/online-pointing-utils/data/prod_es/clusters_es_valid_bg_tick3_ch2_min2_tot2_e3p0
  Found 2 cluster file(s)
  View X - MARLEY: 250, Background: 17, Main track: 171

Processing es energy_cut=3.5
Looking in: /home/virgolaema/dune/online-pointing-utils/data/prod_es/clusters_es_valid_bg_tick3_ch2_min2_tot2_e3p5
  Found 2 cluster file(s)
  View X - MARLEY: 234, Background: 5, Main track: 167

Processing es energy_cut=4
Looking in: /home/virgolaema/dune/online-pointing-utils/data/prod_es/clusters_es_valid_bg_tick3_ch2_min2_tot2_e4p0
  Found 2 cluster file(s)
  View X - MARLEY: 225, Background: 5, Main track: 163

Processing es energy_cut=4.5
Looking in: /home/virgolaema/dune/online-pointing-utils/data/prod_es/clusters_es_valid_bg_tick3_ch2_min2_tot2_e4p5
  Found 2 cluster file(s)
  View X - MARLEY: 213, Background: 5, Main track: 156

Processing es energy_cut=5
Looking in: /home/virgolaema/dune/online-pointing-utils/data/prod_es/clusters_es_valid_bg_tick3_ch2_min2_tot2_e5p0
  Found 2 cluster file(s)
  View X - MARLEY: 207, Background: 5, Main track: 153

Results saved to energy_cut_scan_data.txt

============================================================
Analysis complete!
============================================================
