Home directory set from CLI to: /afs/cern.ch/work/e/evilla/private/dune/online-pointing-utils

init.sh script started
 Repository home is /afs/cern.ch/work/e/evilla/private/dune/online-pointing-utils
 Parameters directory is /afs/cern.ch/work/e/evilla/private/dune/online-pointing-utils/parameters
 Setting up environment for lxplus using /cvmfs/sft.cern.ch/lcg/views/LCG_104/x86_64-el9-gcc11-opt/setup.sh
 WARNING: python environment not found, not activating.
init.sh finished

**************************
Selected options:
Run backtrack:		false
Run analyze_tps:	false
Run add backgrounds:	true
Run make clusters:	false
Run analyze:		false
Run generate images:	false
Run generate volumes:	false
Run analyze volumes:	false
Clean clusters (no backgrounds):	false
No compile:		true
Clean compile:		false
Override:		true
**************************

**************************
Sample selected: .
Global json settings file provided: /afs/cern.ch/work/e/evilla/private/dune/online-pointing-utils/json/es_fixed_myproc.json
**************************
 Looking for json settings using command: /afs/cern.ch/work/e/evilla/private/dune/online-pointing-utils/scripts/findSettings.sh -j /afs/cern.ch/work/e/evilla/private/dune/online-pointing-utils/json/es_fixed_myproc.json
Global settings file found, full path is: /afs/cern.ch/work/e/evilla/private/dune/online-pointing-utils/json/es_fixed_myproc.json 

Using this for all steps, overriding individual jsons.
Compiling the code with the following command:
/afs/cern.ch/work/e/evilla/private/dune/online-pointing-utils/scripts/compile.sh -p /afs/cern.ch/work/e/evilla/private/dune/online-pointing-utils --no-compile true --clean-compile false
Starting script /pool/condor/dir_3252846/sequence.sh
Environment is already initialized, not running init.sh again.
If it is not loaded properly, run export INIT_DONE=false and rerun init.sh
 Got home path as argument
  No compilation was requested. Stopping execution of this script.

Running add backgrounds step with command:
/afs/cern.ch/work/e/evilla/private/dune/online-pointing-utils/scripts/add_backgrounds.sh -j /afs/cern.ch/work/e/evilla/private/dune/online-pointing-utils/json/es_fixed_myproc.json --no-compile -f true -v false -d false --max-files 20 --skip-files 1380
Environment is already initialized, not running init.sh again.
If it is not loaded properly, run export INIT_DONE=false and rerun init.sh
 Looking for json settings using command: /afs/cern.ch/work/e/evilla/private/dune/online-pointing-utils/scripts/findSettings.sh -j /afs/cern.ch/work/e/evilla/private/dune/online-pointing-utils/json/es_fixed_myproc.json
Settings file found, full path is: /afs/cern.ch/work/e/evilla/private/dune/online-pointing-utils/json/es_fixed_myproc.json 

Compiling the code with the following command:
/afs/cern.ch/work/e/evilla/private/dune/online-pointing-utils/scripts/compile.sh -p /afs/cern.ch/work/e/evilla/private/dune/online-pointing-utils --no-compile true --clean-compile
Starting script /afs/cern.ch/work/e/evilla/private/dune/online-pointing-utils/scripts/add_backgrounds.sh
Environment is already initialized, not running init.sh again.
If it is not loaded properly, run export INIT_DONE=false and rerun init.sh
 Got home path as argument
  No compilation was requested. Stopping execution of this script.

Running: /afs/cern.ch/work/e/evilla/private/dune/online-pointing-utils/build//src/app/add_backgrounds -j /afs/cern.ch/work/e/evilla/private/dune/online-pointing-utils/json/es_fixed_myproc.json -f
30/10/2025 16:20:43 [32m[add_backgrounds.cpp][0m: > add_backgrounds app - Merge signal TPs with random background events, writing *_tps_bg.root files.

30/10/2025 16:20:43 [32m[add_backgrounds.cpp][0m: Usage: 
30/10/2025 16:20:43 [32m[add_backgrounds.cpp][0m: ──────────── Main options ────────────
30/10/2025 16:20:43 [32m[add_backgrounds.cpp][0m: json {-j,--json}: JSON file containing the configuration (expected: 1 value)
30/10/2025 16:20:43 [32m[add_backgrounds.cpp][0m: skip_files {-s,--skip}: Number of files to skip at start (overrides JSON) (expected: N values)
30/10/2025 16:20:43 [32m[add_backgrounds.cpp][0m: max_files {-m,--max}: Maximum number of files to process (overrides JSON) (expected: N values)
30/10/2025 16:20:43 [32m[add_backgrounds.cpp][0m: verboseMode {-v,--verbose}: Run in verbose mode (trigger)
30/10/2025 16:20:43 [32m[add_backgrounds.cpp][0m: debugMode {-d,--debug}: Run in debug mode (more detailed than verbose) (trigger)
30/10/2025 16:20:43 [32m[add_backgrounds.cpp][0m: override {-f,--override}: Override existing output files (trigger)


30/10/2025 16:20:43 [32m[add_backgrounds.cpp][0m: Number of files to skip at start: 0
30/10/2025 16:20:43 [32m[add_backgrounds.cpp][0m: Configuration:
30/10/2025 16:20:43 [32m[add_backgrounds.cpp][0m:  - Signal type: cc
30/10/2025 16:20:43 [32m[add_backgrounds.cpp][0m:  - Signal folder (pure signal TPs): /eos/user/e/evilla/dune/sn-tps/production_es/fixed_tps/
30/10/2025 16:20:43 [32m[add_backgrounds.cpp][0m:  - Background folder (pure bg TPs): /eos/user/e/evilla/dune/sn-tps/bkgs/
30/10/2025 16:20:43 [32m[add_backgrounds.cpp][0m:  - Output folder (merged TPs): /eos/user/e/evilla/dune/sn-tps/production_es/fixed_tps/bkgs/
30/10/2025 16:20:43 [32m[add_backgrounds.cpp][0m:  - Add backgrounds around vertex only: NO
30/10/2025 16:20:43 [32m[add_backgrounds.cpp][0m:  - Max files to process: unlimited
30/10/2025 16:20:43 [32m[utils.cpp][0m: [find_input_files] Called with pattern: sig
30/10/2025 16:34:49 [32m[add_backgrounds.cpp][0m: Found 4520 signal files
30/10/2025 16:34:49 [32m[utils.cpp][0m: [find_input_files] Called with pattern: bg
30/10/2025 16:39:56 [32m[add_backgrounds.cpp][0m: Found 346 background files
Adding backgrounds...   0% (    0 it/s)
[1F[1K30/10/2025 16:41:32 [31m[Backtracking.cpp][0m: Cannot create output file: /eos/user/e/evilla/dune/sn-tps/production_es/fixed_tps/bkgs//prodmarley_nue_flat_es_dune10kt_1x2x2_20250826T082330Z_gen_000003_supernova_g4_detsim_ana_2025-10-21T_092418Z_bg_tps.root
30/10/2025 16:42:15 [31m[Backtracking.cpp][0m: Cannot create output file: /eos/user/e/evilla/dune/sn-tps/production_es/fixed_tps/bkgs//prodmarley_nue_flat_es_dune10kt_1x2x2_20250826T082334Z_gen_000005_supernova_g4_detsim_ana_2025-10-21T_092851Z_bg_tps.root
30/10/2025 16:42:16 [31m[Clustering.cpp][0m: Cannot open: /eos/user/e/evilla/dune/sn-tps/bkgs/BG_5_tps.root
30/10/2025 16:42:16 [33m[add_backgrounds.cpp][0m: Background file /eos/user/e/evilla/dune/sn-tps/bkgs/BG_5_tps.root has no events!
30/10/2025 16:44:18 [31m[Clustering.cpp][0m: Cannot open: /eos/user/e/evilla/dune/sn-tps/bkgs/BG_75_tps.root
30/10/2025 16:44:18 [33m[add_backgrounds.cpp][0m: Background file /eos/user/e/evilla/dune/sn-tps/bkgs/BG_75_tps.root has no events!
30/10/2025 16:44:18 [31m[Clustering.cpp][0m: Cannot open: /eos/user/e/evilla/dune/sn-tps/bkgs/BG_76_tps.root
30/10/2025 16:44:18 [33m[add_backgrounds.cpp][0m: Background file /eos/user/e/evilla/dune/sn-tps/bkgs/BG_76_tps.root has no events!
30/10/2025 16:45:07 [31m[Backtracking.cpp][0m: Cannot create output file: /eos/user/e/evilla/dune/sn-tps/production_es/fixed_tps/bkgs//prodmarley_nue_flat_es_dune10kt_1x2x2_20250826T082336Z_gen_000009_supernova_g4_detsim_ana_2025-10-21T_094414Z_bg_tps.root
30/10/2025 16:46:29 [31m[Backtracking.cpp][0m: Cannot create output file: /eos/user/e/evilla/dune/sn-tps/production_es/fixed_tps/bkgs//prodmarley_nue_flat_es_dune10kt_1x2x2_20250826T082337Z_gen_000012_supernova_g4_detsim_ana_2025-10-21T_092825Z_bg_tps.root
30/10/2025 16:48:27 [31m[Backtracking.cpp][0m: Cannot create output file: /eos/user/e/evilla/dune/sn-tps/production_es/fixed_tps/bkgs//prodmarley_nue_flat_es_dune10kt_1x2x2_20250826T082338Z_gen_000015_supernova_g4_detsim_ana_2025-10-21T_092459Z_bg_tps.root
30/10/2025 16:49:26 [31m[Clustering.cpp][0m: Cannot open: /eos/user/e/evilla/dune/sn-tps/bkgs/BG_108_tps.root
30/10/2025 16:49:26 [33m[add_backgrounds.cpp][0m: Background file /eos/user/e/evilla/dune/sn-tps/bkgs/BG_108_tps.root has no events!
30/10/2025 16:50:43 [31m[Backtracking.cpp][0m: Cannot create output file: /eos/user/e/evilla/dune/sn-tps/production_es/fixed_tps/bkgs//prodmarley_nue_flat_es_dune10kt_1x2x2_20250826T082340Z_gen_000019_supernova_g4_detsim_ana_2025-10-21T_094511Z_bg_tps.root
30/10/2025 16:51:46 [31m[Clustering.cpp][0m: Cannot open: /eos/user/e/evilla/dune/sn-tps/bkgs/BG_119_tps.root
30/10/2025 16:51:46 [33m[add_backgrounds.cpp][0m: Background file /eos/user/e/evilla/dune/sn-tps/bkgs/BG_119_tps.root has no events!
30/10/2025 16:52:32 [31m[Clustering.cpp][0m: Cannot open: /eos/user/e/evilla/dune/sn-tps/bkgs/BG_11_tps.root
30/10/2025 16:52:32 [33m[add_backgrounds.cpp][0m: Background file /eos/user/e/evilla/dune/sn-tps/bkgs/BG_11_tps.root has no events!
30/10/2025 16:54:58 [31m[Clustering.cpp][0m: Cannot open: /eos/user/e/evilla/dune/sn-tps/bkgs/BG_134_tps.root
30/10/2025 16:54:58 [33m[add_backgrounds.cpp][0m: Background file /eos/user/e/evilla/dune/sn-tps/bkgs/BG_134_tps.root has no events!
30/10/2025 16:56:42 [31m[Backtracking.cpp][0m: Cannot create output file: /eos/user/e/evilla/dune/sn-tps/production_es/fixed_tps/bkgs//prodmarley_nue_flat_es_dune10kt_1x2x2_20250826T082344Z_gen_000026_supernova_g4_detsim_ana_2025-10-21T_094445Z_bg_tps.root
Adding backgrounds...   1% (    0 it/s)
[1F[1K30/10/2025 16:58:43 [31m[Clustering.cpp][0m: Cannot open: /eos/user/e/evilla/dune/sn-tps/bkgs/BG_149_tps.root
30/10/2025 16:58:43 [33m[add_backgrounds.cpp][0m: Background file /eos/user/e/evilla/dune/sn-tps/bkgs/BG_149_tps.root has no events!
30/10/2025 16:58:43 [31m[Clustering.cpp][0m: Cannot open: /eos/user/e/evilla/dune/sn-tps/bkgs/BG_14_tps.root
30/10/2025 16:58:43 [33m[add_backgrounds.cpp][0m: Background file /eos/user/e/evilla/dune/sn-tps/bkgs/BG_1Error: Add backgrounds step failed.
