Home directory set from CLI to: /afs/cern.ch/work/e/evilla/private/dune/online-pointing-utils

init.sh script started
 Repository home is /afs/cern.ch/work/e/evilla/private/dune/online-pointing-utils
 Parameters directory is /afs/cern.ch/work/e/evilla/private/dune/online-pointing-utils/parameters
 Setting up environment for lxplus using /cvmfs/sft.cern.ch/lcg/views/LCG_104/x86_64-el9-gcc11-opt/setup.sh
 WARNING: python environment not found, not activating.
init.sh finished

**************************
Selected options:
Run backtrack:		true
Run analyze_tps:	false
Run add backgrounds:	false
Run make clusters:	false
Run analyze:		false
Run generate images:	false
Run generate volumes:	false
Run analyze volumes:	false
Clean clusters (no backgrounds):	false
No compile:		true
Clean compile:		false
Override:		true
**************************

**************************
Sample selected: .
Global json settings file provided: /afs/cern.ch/work/e/evilla/private/dune/online-pointing-utils/json/bg_fixed_myproc.json
**************************
 Looking for json settings using command: /afs/cern.ch/work/e/evilla/private/dune/online-pointing-utils/scripts/findSettings.sh -j /afs/cern.ch/work/e/evilla/private/dune/online-pointing-utils/json/bg_fixed_myproc.json
Global settings file found, full path is: /afs/cern.ch/work/e/evilla/private/dune/online-pointing-utils/json/bg_fixed_myproc.json 

Using this for all steps, overriding individual jsons.
Compiling the code with the following command:
/afs/cern.ch/work/e/evilla/private/dune/online-pointing-utils/scripts/compile.sh -p /afs/cern.ch/work/e/evilla/private/dune/online-pointing-utils --no-compile true --clean-compile false
Starting script /pool/condor/dir_1123833/sequence.sh
Environment is already initialized, not running init.sh again.
If it is not loaded properly, run export INIT_DONE=false and rerun init.sh
 Got home path as argument
  No compilation was requested. Stopping execution of this script.

Running backtrack step with command:
/afs/cern.ch/work/e/evilla/private/dune/online-pointing-utils/scripts/backtrack.sh -j /afs/cern.ch/work/e/evilla/private/dune/online-pointing-utils/json/bg_fixed_myproc.json --no-compile -f true -v false -d false --max-files 10 --skip-files 60
Environment is already initialized, not running init.sh again.
If it is not loaded properly, run export INIT_DONE=false and rerun init.sh
 Looking for json settings using command: /afs/cern.ch/work/e/evilla/private/dune/online-pointing-utils/scripts/findSettings.sh -j /afs/cern.ch/work/e/evilla/private/dune/online-pointing-utils/json/bg_fixed_myproc.json
Settings file found, full path is: /afs/cern.ch/work/e/evilla/private/dune/online-pointing-utils/json/bg_fixed_myproc.json 

Compiling the code with the following command:
/afs/cern.ch/work/e/evilla/private/dune/online-pointing-utils/scripts/compile.sh -p /afs/cern.ch/work/e/evilla/private/dune/online-pointing-utils --no-compile true --clean-compile false
Starting script /afs/cern.ch/work/e/evilla/private/dune/online-pointing-utils/scripts/backtrack.sh
Environment is already initialized, not running init.sh again.
If it is not loaded properly, run export INIT_DONE=false and rerun init.sh
 Got home path as argument
  No compilation was requested. Stopping execution of this script.

Running: /afs/cern.ch/work/e/evilla/private/dune/online-pointing-utils/build//src/app/backtrack_tpstream -j /afs/cern.ch/work/e/evilla/private/dune/online-pointing-utils/json/bg_fixed_myproc.json --max-files 10 --skip-files 60 --override
30/10/2025 12:21:57 [32m[backtrack_tpstream.cpp][0m: > backtrack app - extract TPs and attach truth, writing *_tps_bktr<N>.root files (N: backtracker_error_margin).

30/10/2025 12:21:57 [32m[backtrack_tpstream.cpp][0m: Usage: 
30/10/2025 12:21:57 [32m[backtrack_tpstream.cpp][0m: ──────────── Main options ────────────
30/10/2025 12:21:57 [32m[backtrack_tpstream.cpp][0m: json {-j,--json}: JSON file containing the configuration (expected: 1 value)
30/10/2025 12:21:57 [32m[backtrack_tpstream.cpp][0m: outFolder {--output-folder}: Output folder path (default: data) (expected: 1 value)
30/10/2025 12:21:57 [32m[backtrack_tpstream.cpp][0m: inputFile {-i,--input-file}: Input file with list OR single ROOT file path (overrides JSON inputs) (expected: 1 value)
30/10/2025 12:21:57 [32m[backtrack_tpstream.cpp][0m: bktrMargin {--bktr-margin}: Override backtracker_error_margin (int) (expected: 1 value)
30/10/2025 12:21:57 [32m[backtrack_tpstream.cpp][0m: maxFiles {--max-files}: Maximum number of files to process (overrides JSON max_files) (expected: 1 value)
30/10/2025 12:21:57 [32m[backtrack_tpstream.cpp][0m: skipFiles {--skip-files}: Number of files to skip at start (overrides JSON skip_files) (expected: 1 value)
30/10/2025 12:21:57 [32m[backtrack_tpstream.cpp][0m: ──────────── Triggers ────────────
30/10/2025 12:21:57 [32m[backtrack_tpstream.cpp][0m: verboseMode {-v,--verbose}: Run in verbose mode (trigger)
30/10/2025 12:21:57 [32m[backtrack_tpstream.cpp][0m: debugMode {-d,--debug}: Run in debug mode (more detailed than verbose) (trigger)
30/10/2025 12:21:57 [32m[backtrack_tpstream.cpp][0m: overrideMode {-f,--override}: Force reprocessing even if output already exists (trigger)


30/10/2025 12:21:57 [32m[backtrack_tpstream.cpp][0m: Loading JSON config: /afs/cern.ch/work/e/evilla/private/dune/online-pointing-utils/json/bg_fixed_myproc.json
30/10/2025 12:21:57 [32m[backtrack_tpstream.cpp][0m: Using backtracker_error_margin: 10
30/10/2025 12:21:57 [32m[utils.cpp][0m: [find_input_files] Called with pattern: tpstream
30/10/2025 12:21:58 [32m[backtrack_tpstream.cpp][0m: Number of valid files: 346
30/10/2025 12:21:58 [32m[backtrack_tpstream.cpp][0m: Max files (from CLI): 10
30/10/2025 12:21:58 [32m[backtrack_tpstream.cpp][0m: Number of files to skip at start (from CLI): 60
30/10/2025 12:21:58 [32m[backtrack_tpstream.cpp][0m: Output folder (pure signal TPs): /eos/user/e/evilla/dune/sn-tps/bkgs/
30/10/2025 12:21:58 [32m[backtrack_tpstream.cpp][0m: Effective time window (TDC ticks): 352 (conversion_tdc_to_tpc=32)
30/10/2025 12:21:58 [32m[backtrack_tpstream.cpp][0m: Channel tolerance (channels): 0
30/10/2025 12:21:58 [32m[backtrack_tpstream.cpp][0m: Skipping file 1: /eos/user/e/evilla/dune/sn-tps/bkgs/BG_0_tpstream.root
30/10/2025 12:21:58 [32m[backtrack_tpstream.cpp][0m: Skipping file 2: /eos/user/e/evilla/dune/sn-tps/bkgs/BG_100_tpstream.root
30/10/2025 12:21:58 [32m[backtrack_tpstream.cpp][0m: Skipping file 3: /eos/user/e/evilla/dune/sn-tps/bkgs/BG_101_tpstream.root
30/10/2025 12:21:58 [32m[backtrack_tpstream.cpp][0m: Skipping file 4: /eos/user/e/evilla/dune/sn-tps/bkgs/BG_102_tpstream.root
30/10/2025 12:21:58 [32m[backtrack_tpstream.cpp][0m: Skipping file 5: /eos/user/e/evilla/dune/sn-tps/bkgs/BG_103_tpstream.root
30/10/2025 12:21:58 [32m[backtrack_tpstream.cpp][0m: Skipping file 6: /eos/user/e/evilla/dune/sn-tps/bkgs/BG_104_tpstream.root
30/10/2025 12:21:58 [32m[backtrack_tpstream.cpp][0m: Skipping file 7: /eos/user/e/evilla/dune/sn-tps/bkgs/BG_105_tpstream.root
30/10/2025 12:21:58 [32m[backtrack_tpstream.cpp][0m: Skipping file 8: /eos/user/e/evilla/dune/sn-tps/bkgs/BG_106_tpstream.root
30/10/2025 12:21:58 [32m[backtrack_tpstream.cpp][0m: Skipping file 9: /eos/user/e/evilla/dune/sn-tps/bkgs/BG_107_tpstream.root
30/10/2025 12:21:58 [32m[backtrack_tpstream.cpp][0m: Skipping file 10: /eos/user/e/evilla/dune/sn-tps/bkgs/BG_108_tpstream.root
30/10/2025 12:21:58 [32m[backtrack_tpstream.cpp][0m: Skipping file 11: /eos/user/e/evilla/dune/sn-tps/bkgs/BG_109_tpstream.root
30/10/2025 12:21:58 [32m[backtrack_tpstream.cpp][0m: Skipping file 12: /eos/user/e/evilla/dune/sn-tps/bkgs/BG_10_tpstream.root
30/10/2025 12:21:58 [32m[backtrack_tpstream.cpp][0m: Skipping file 13: /eos/user/e/evilla/dune/sn-tps/bkgs/BG_110_tpstream.root
30/10/2025 12:21:58 [32m[backtrack_tpstream.cpp][0m: Skipping file 14: /eos/user/e/evilla/dune/sn-tps/bkgs/BG_111_tpstream.root
30/10/2025 12:21:58 [32m[backtrack_tpstream.cpp][0m: Skipping file 15: /eos/user/e/evilla/dune/sn-tps/bkgs/BG_112_tpstream.root
30/10/2025 12:21:58 [32m[backtrack_tpstream.cpp][0m: Skipping file 16: /eos/user/e/evilla/dune/sn-tps/bkgs/BG_113_tpstream.root
30/10/2025 12:21:58 [32m[backtrack_tpstream.cpp][0m: Skipping file 17: /eos/user/e/evilla/dune/sn-tps/bkgs/BG_114_tpstream.root
30/10/2025 12:21:58 [32m[backtrack_tpstream.cpp][0m: Skipping file 18: /eos/user/e/evilla/dune/sn-tps/bkgs/BG_115_tpstream.root
30/10/2025 12:21:58 [32m[backtrack_tpstream.cpp][0m: Skipping file 19: /eos/user/e/evilla/dune/sn-tps/bkgs/BG_116_tpstream.root
30/10/2025 12:21:58 [32m[backtrack_tpstream.cpp][0m: Skipping file 20: /eos/user/e/evilla/dune/sn-tps/bkgs/BG_117_tpstream.root
30/10/2025 12:21:58 [32m[backtrack_tpstream.cpp][0m: Skipping file 21: /eos/user/e/evilla/dune/sn-tps/bkgs/BG_118_tpstream.root
30/10/2025 12:21:58 [32m[backtrack_tpstream.cpp][0m: Skipping file 22: /eos/user/e/evilla/dune/sn-tps/bkgs/BG_119_tpstream.root
30/10/2025 12:21:58 [32m[backtrack_tpstream.cpp][0m: Skipping file 23: /eos/user/e/evilla/dune/sn-tps/bkgs/BG_11_tpstream.root
30/10/2025 12:21:58 [32m[backtrack_tpstream.cpp][0m: Skipping file 24: /eos/user/e/evilla/dune/sn-tps/bkgs/BG_120_tpstream.root
30/10/2025 12:21:58 [32m[backtrack_tpstream.cpp][0m: Skipping file 25: /eos/user/e/evilla/dune/sn-tps/bkgs/BG_121_tpstream.root
30/10/2025 12:21:58 [32m[backtrack_tpstream.cpp][0m: Skipping file 26: /eos/user/e/evilla/dune/sn-tps/bkgs/BG_122_tpstream.root
30/10/2025 12:21:58 [32m[backtrack_tpstream.cpp][0m: Skipping file 27: /eos/user/e/evilla/dune/sn-tps/bkgs/BG_123_tpstream.root
30/10/2025 12:21:58 [32m[backtrack_tpstream.cpp][0m: Skipping file 28: /eos/user/e/evilla/dune/sn-tps/bkgs/BG_124_tpstream.root
30/10/2025 12:21:58 [32m[backtrack_tpstream.cpp][0m: Skipping file 29: /eos/user/e/evilla/dune/sn-tps/bkgs/BG_125_tpstream.root
30/10/2025 12:21:58 [32m[backtrack_tpstream.cpp][0m: Skipping file 30: /eos/user/e/evilla/dune/sn-tps/bkgs/BG_126_tpstream.root
30/10/2025 12:21:58 [32m[backtrack_tpstream.cpp][0m: Skipping file 31: /eos/user/e/evilla/dune/sn-tps/bkgs/BG_127_tpstream.root
30/10/2025 12:21:58 [32m[backtrack_tpstream.cpp][0m: Skipping file 32: /eos/user/e/evilla/dune/sn-tps/bkgs/BG_128_tpstream.root
30/10/2025 12:21:58 [32m[backtrack_tpstream.cpp][0m: Skipping file 33: /eos/user/e/evilla/dune/sn-tps/bkgs/BG_129_tpstream.root
30/10/2025 12:21:58 [32m[backtrack_tpstream.cpp][0m: Skipping file 34: /eos/user/e/evilla/dune/sn-tps/bkgs/BG_12_tpstream.root
30/10/2025 12:21:58 [32m[backtrack_tpstream.cpp][0m: Skipping file 35: /eos/user/e/evilla/dune/sn-tps/bkgs/BG_130_tpstream.root
30/10/2025 12:21:58 [32m[backtrack_tpstream.cpp][0m: Skipping file 36: /eos/user/e/evilla/dune/sn-tps/bkgs/BG_131_tpstream.root
30/10/2025 12:21:58 [32m[backtrack_tpstream.cpp][0m: Skipping file 37: /eos/user/e/evilla/dune/sn-tps/bkgs/BG_132_tpstream.root
30/10/2025 12:21:58 [32m[backtrack_tpstream.cpp][0m: Skipping file 38: /eos/user/e/evilla/dune/sn-tps/bkgs/BG_133_tpstream.root
30/10/2025 12:21:58 [32m[backtrack_tpstream.cpp][0m: Skipping file 39: /eos/user/e/evilla/dune/sn-tps/bkgs/BG_134_tpstream.root
30/10/2025 12:21:58 [32m[backtrack_tpstream.cpp][0m: Skipping file 40: /eos/user/e/evilla/dune/sn-tps/bkgs/BG_135_tpstream.root
30/10/2025 12:21:58 [32m[backtrack_tpstream.cpp][0m: Skipping file 41: /eos/user/e/evilla/dune/sn-tps/bkgs/BG_136_tpstream.root
30/10/2025 12:21:58 [32m[backtrack_tpstream.cpp][0m: Skipping file 42: /eos/user/e/evilla/dune/sn-tps/bkgs/BG_137_tpstream.root
30/10/2025 12:21:58 [32m[backtrack_tpstream.cpp][0m: Skipping file 43: /eos/user/e/evilla/dune/sn-tps/bkgs/BG_138_tpstream.root
30/10/2025 12:21:58 [32m[backtrack_tpstream.cpp][0m: Skipping file 44: /eos/user/e/evilla/dune/sn-tps/bkgs/BG_139_tpstream.root
30/10/2025 12:21:58 [32m[backtrack_tpstream.cpp][0m: Skipping file 45: /eos/user/e/evilla/dune/sn-tps/bkgs/BG_13_tpstream.root
30/10/2025 12:21:58 [32m[backtrack_tpstream.cpp][0m: Skipping file 46: /eos/user/e/evilla/dune/sn-tps/bkgs/BG_140_tpstream.root
30/10/2025 12:21:58 [32m[backtrack_tpstream.cpp][0m: Skipping file 47: /eos/user/e/evilla/dune/sn-tps/bkgs/BG_141_tpstream.root
30/10/2025 12:21:58 [32m[backtrack_tpstream.cpp][0m: Skipping file 48: /eos/user/e/evilla/dune/sn-tps/bkgs/BG_142_tpstream.root
30/10/2025 12:21:58 [32m[backtrack_tpstream.cpp][0m: Skipping file 49: /eos/user/e/evilla/dune/sn-tps/bkgs/BG_143_tpstream.root
30/10/2025 12:21:58 [32m[backtrack_tpstream.cpp][0m: Skipping file 50: /eos/user/e/evilla/dune/sn-tps/bkgs/BG_144_tpstream.root
30/10/2025 12:21:58 [32m[backtrack_tpstream.cpp][0m: Skipping file 51: /eos/user/e/evilla/dune/sn-tps/bkgs/BG_145_tpstream.root
30/10/2025 12:21:58 [32m[backtrack_tpstream.cpp][0m: Skipping file 52: /eos/user/e/evilla/dune/sn-tps/bkgs/BG_146_tpstream.root
30/10/2025 12:21:58 [32m[backtrack_tpstream.cpp][0m: Skipping file 53: /eos/user/e/evilla/dune/sn-tps/bkgs/BG_147_tpstream.root
30/10/2025 12:21:58 [32m[backtrack_tpstream.cpp][0m: Skipping file 54: /eos/user/e/evilla/dune/sn-tps/bkgs/BG_148_tpstream.root
30/10/2025 12:21:58 [32m[backtrack_tpstream.cpp][0m: Skipping file 55: /eos/user/e/evilla/dune/sn-tps/bkgs/BG_149_tpstream.root
30/10/2025 12:21:58 [32m[backtrack_tpstream.cpp][0m: Skipping file 56: /eos/user/e/evilla/dune/sn-tps/bkgs/BG_14_tpstream.root
30/10/2025 12:21:58 [32m[backtrack_tpstream.cpp][0m: Skipping file 57: /eos/user/e/evilla/dune/sn-tps/bkgs/BG_150_tpstream.root
30/10/2025 12:21:58 [32m[backtrack_tpstream.cpp][0m: Skipping file 58: /eos/user/e/evilla/dune/sn-tps/bkgs/BG_151_tpstream.root
30/10/2025 12:21:58 [32m[backtrack_tpstream.cpp][0m: Skipping file 59: /eos/user/e/evilla/dune/sn-tps/bkgs/BG_152_tpstream.root
30/10/2025 12:21:58 [32m[backtrack_tpstream.cpp][0m: Skipping file 60: /eos/user/e/evilla/dune/sn-tps/bkgs/BG_153_tpstream.root
Processing files...  10% (    2 it/s)
[1F[1K30/10/2025 12:22:02 [33m[Backtracking.cpp][0m: TriggerPrimitive version is not 2, be sure to have converted time_peak to samples_to_peak
Processing files...  20% (    0 it/s)
[1F[1KProcessing files...  30% (    0 it/s)
[1F[1KProcessing files...  40% (    0 it/s)
[1F[1KProcessing files...  50% (    0 it/s)
[1F[1KProcessing files...  60% (    0 it/s)
[1F[1KProcessing files...  70% (    0 it/s)
[1F[1KProcessing files...  80% (    0 it/s)
[1F[1KProcessing files...  90% (    0 it/s)
[1F[1KProcessing files... 100% (    0 it/s)
30/10/2025 12:43:33 [32m[backtrack_tpstream.cpp][0m: Reached max_files limit (10), stopping.
30/10/2025 12:43:33 [32m[backtrack_tpstream.cpp][0m: 
30/10/2025 12:43:33 [32m[backtrack_tpstream.cpp][0m: List of output files (10):
30/10/2025 12:43:33 [32m[backtrack_tpstream.cpp][0m:  - /eos/user/e/evilla/dune/sn-tps/bkgs//BG_154_tps.root
30/10/2025 12:43:33 [32m[backtrack_tpstream.cpp][0m:  - /eos/user/e/evilla/dune/sn-tps/bkgs//BG_155_tps.root
30/10/2025 12:43:33 [32m[backtrack_tpstream.cpp][0m:  - /eos/user/e/evilla/dune/sn-tps/bkgs//BG_156_tps.root
30/10/2025 12:43:33 [32m[backtrack_tpstream.cpp][0m:  - /eos/user/e/evilla/dune/sn-tps/bkgs//BG_157_tps.root
30/10/2025 12:43:33 [32m[backtrack_tpstream.cpp][0m:  - /eos/user/e/evilla/dune/sn-tps/bkgs//BG_158_tps.root
30/10/2025 12:43:33 [32m[backtrack_tpstream.cpp][0m:  - /eos/user/e/evilla/dune/sn-tps/bkgs//BG_159_tps.root
30/10/2025 12:43:33 [32m[backtrack_tpstream.cpp][0m:  - /eos/user/e/evilla/dune/sn-tps/bkgs//BG_15_tps.root
30/10/2025 12:43:33 [32m[backtrack_tpstream.cpp][0m:  - /eos/user/e/evilla/dune/sn-tps/bkgs//BG_160_tps.root
30/10/2025 12:43:33 [32m[backtrack_tpstream.cpp][0m:  - /eos/user/e/evilla/dune/sn-tps/bkgs//BG_161_tps.root
30/10/2025 12:43:33 [32m[backtrack_tpstream.cpp][0m:  - /eos/user/e/evilla/dune/sn-tps/bkgs//BG_162_tps.root

All requested steps completed, hopefully successfully.
