/pool/condor/dir_2702969/sequence.sh: line 10: /pool/condor/scripts/init.sh: No such file or directory
SysError in <TFile::TFile>: file /eos/user/e/evilla/dune/sn-tps/production_es/fixed_tps/bkgs//prodmarley_nue_flat_es_dune10kt_1x2x2_20250826T082329Z_gen_000001_supernova_g4_detsim_ana_2025-10-21T_090355Z_bg_tps.root can not be opened Input/output error
SysError in <TFile::ReadBuffer>: error reading from file /eos/user/e/evilla/dune/sn-tps/production_es/fixed_tps/prodmarley_nue_flat_es_dune10kt_1x2x2_20250826T082329Z_gen_000002_supernova_g4_detsim_ana_2025-10-21T_092404Z_tps.root Input/output error
Error in <TFile::Init>: /eos/user/e/evilla/dune/sn-tps/production_es/fixed_tps/prodmarley_nue_flat_es_dune10kt_1x2x2_20250826T082329Z_gen_000002_supernova_g4_detsim_ana_2025-10-21T_092404Z_tps.root failed to read the file type data.
SysError in <TFile::TFile>: file /eos/user/e/evilla/dune/sn-tps/production_es/fixed_tps/bkgs//prodmarley_nue_flat_es_dune10kt_1x2x2_20250826T082329Z_gen_000002_supernova_g4_detsim_ana_2025-10-21T_092404Z_bg_tps.root can not be opened Input/output error
SysError in <TFile::TFile>: file /eos/user/e/evilla/dune/sn-tps/production_es/fixed_tps/bkgs//prodmarley_nue_flat_es_dune10kt_1x2x2_20250826T082334Z_gen_000005_supernova_g4_detsim_ana_2025-10-21T_092851Z_bg_tps.root can not be opened Input/output error
SysError in <TFile::TFile>: file /eos/user/e/evilla/dune/sn-tps/production_es/fixed_tps/bkgs//prodmarley_nue_flat_es_dune10kt_1x2x2_20250826T082336Z_gen_000010_supernova_g4_detsim_ana_2025-10-21T_094453Z_bg_tps.root can not be opened Input/output error
SysError in <TFile::TFile>: file /eos/user/e/evilla/dune/sn-tps/production_es/fixed_tps/bkgs//prodmarley_nue_flat_es_dune10kt_1x2x2_20250826T082340Z_gen_000019_supernova_g4_detsim_ana_2025-10-21T_094511Z_bg_tps.root can not be opened Input/output error
SysError in <TFile::TFile>: file /eos/user/e/evilla/dune/sn-tps/production_es/fixed_tps/bkgs//prodmarley_nue_flat_es_dune10kt_1x2x2_20250826T082341Z_gen_000021_supernova_g4_detsim_ana_2025-10-21T_092301Z_bg_tps.root can not be opened Input/output error
SysError in <TFile::TFile>: file /eos/user/e/evilla/dune/sn-tps/production_es/fixed_tps/bkgs//prodmarley_nue_flat_es_dune10kt_1x2x2_20250826T082342Z_gen_000022_supernova_g4_detsim_ana_2025-10-21T_090421Z_bg_tps.root can not be opened Input/output error
SysError in <TFile::TFile>: file /eos/user/e/evilla/dune/sn-tps/production_es/fixed_tps/bkgs//prodmarley_nue_flat_es_dune10kt_1x2x2_20250826T082343Z_gen_000023_supernova_g4_detsim_ana_2025-10-21T_094430Z_bg_tps.root can not be opened Input/output error
SysError in <TFile::TFile>: file /eos/user/e/evilla/dune/sn-tps/production_es/fixed_tps/bkgs//prodmarley_nue_flat_es_dune10kt_1x2x2_20250826T082343Z_gen_000025_supernova_g4_detsim_ana_2025-10-21T_092432Z_bg_tps.root can not be opened Input/output error
SysError in <TFile::TFile>: file /eos/user/e/evilla/dune/sn-tps/production_es/fixed_tps/bkgs//prodmarley_nue_flat_es_dune10kt_1x2x2_20250826T082344Z_gen_000027_supernova_g4_detsim_ana_2025-10-21T_084427Z_bg_tps.root can not be opened Input/output error
SysError in <TFile::TFile>: file /eos/user/e/evilla/dune/sn-tps/production_es/fixed_tps/bkgs//prodmarley_nue_flat_es_dune10kt_1x2x2_20250826T082348Z_gen_000030_supernova_g4_detsim_ana_2025-10-21T_090302Z_bg_tps.root can not be opened Input/output error
SysError in <TFile::TFile>: file /eos/user/e/evilla/dune/sn-tps/production_es/fixed_tps/bkgs//prodmarley_nue_flat_es_dune10kt_1x2x2_20250826T082349Z_gen_000032_supernova_g4_detsim_ana_2025-10-21T_092740Z_bg_tps.root can not be opened Input/output error
SysError in <TFile::TFile>: file /eos/user/e/evilla/dune/sn-tps/production_es/fixed_tps/bkgs//prodmarley_nue_flat_es_dune10kt_1x2x2_20250826T082350Z_gen_000034_supernova_g4_detsim_ana_2025-10-21T_090428Z_bg_tps.root can not be opened Input/output error
SysError in <TFile::TFile>: file /eos/user/e/evilla/dune/sn-tps/production_es/fixed_tps/bkgs//prodmarley_nue_flat_es_dune10kt_1x2x2_20250826T082351Z_gen_000039_supernova_g4_detsim_ana_2025-10-21T_084428Z_bg_tps.root can not be opened Input/output error
SysError in <TFile::TFile>: file /eos/user/e/evilla/dune/sn-tps/production_es/fixed_tps/bkgs//prodmarley_nue_flat_es_dune10kt_1x2x2_20250826T082351Z_gen_000040_supernova_g4_detsim_ana_2025-10-21T_094503Z_bg_tps.root can not be opened Input/output error
SysError in <TFile::ReadBuffer>: error reading from file /eos/user/e/evilla/dune/sn-tps/bkgs/BG_75_tps.root Input/output error
Error in <TFile::Init>: /eos/user/e/evilla/dune/sn-tps/bkgs/BG_75_tps.root failed to read the file type data.
SysError in <TFile::TFile>: file /eos/user/e/evilla/dune/sn-tps/production_es/fixed_tps/bkgs//prodmarley_nue_flat_es_dune10kt_1x2x2_20250826T082356Z_gen_000042_supernova_g4_detsim_ana_2025-10-21T_090255Z_bg_tps.root can not be opened Input/output error
SysError in <TFile::TFile>: file /eos/user/e/evilla/dune/sn-tps/production_es/fixed_tps/bkgs//prodmarley_nue_flat_es_dune10kt_1x2x2_20250826T082356Z_gen_000043_supernova_g4_detsim_ana_2025-10-21T_092535Z_bg_tps.root can not be opened Input/output error
SysError in <TFile::TFile>: file /eos/user/e/evilla/dune/sn-tps/production_es/fixed_tps/bkgs//prodmarley_nue_flat_es_dune10kt_1x2x2_20250826T082357Z_gen_000044_supernova_g4_detsim_ana_2025-10-21T_092950Z_bg_tps.root can not be opened Input/output error
SysError in <TFile::TFile>: file /eos/user/e/evilla/dune/sn-tps/production_es/fixed_tps/bkgs//prodmarley_nue_flat_es_dune10kt_1x2x2_20250826T082359Z_gen_000047_supernova_g4_detsim_ana_2025-10-21T_094513Z_bg_tps.root can not be opened Input/output error
SysError in <TFile::TFile>: file /eos/user/e/evilla/dune/sn-tps/production_es/fixed_tps/bkgs//prodmarley_nue_flat_es_dune10kt_1x2x2_20250826T082359Z_gen_000048_supernova_g4_detsim_ana_2025-10-21T_084424Z_bg_tps.root can not be opened Input/output error
SysError in <TFile::TFile>: file /eos/user/e/evilla/dune/sn-tps/production_es/fixed_tps/bkgs//prodmarley_nue_flat_es_dune10kt_1x2x2_20250826T082400Z_gen_000050_supernova_g4_detsim_ana_2025-10-21T_090414Z_bg_tps.root can not be opened Input/output error
SysError in <TFile::TFile>: file /eos/user/e/evilla/dune/sn-tps/production_es/fixed_tps/bkgs//prodmarley_nue_flat_es_dune10kt_1x2x2_20250826T082400Z_gen_000052_supernova_g4_detsim_ana_2025-10-21T_092331Z_bg_tps.root can not be opened Input/output error
SysError in <TFile::TFile>: file /eos/user/e/evilla/dune/sn-tps/production_es/fixed_tps/bkgs//prodmarley_nue_flat_es_dune10kt_1x2x2_20250826T082401Z_gen_000053_supernova_g4_detsim_ana_2025-10-21T_084431Z_bg_tps.root can not be opened Input/output error
SysError in <TFile::TFile>: file /eos/user/e/evilla/dune/sn-tps/production_es/fixed_tps/bkgs//prodmarley_nue_flat_es_dune10kt_1x2x2_20250826T082401Z_gen_000056_supernova_g4_detsim_ana_2025-10-21T_092846Z_bg_tps.root can not be opened Input/output error
SysError in <TFile::TFile>: file /eos/user/e/evilla/dune/sn-tps/production_es/fixed_tps/bkgs//prodmarley_nue_flat_es_dune10kt_1x2x2_20250826T082402Z_gen_000058_supernova_g4_detsim_ana_2025-10-21T_092752Z_bg_tps.root can not be opened Input/output error
SysError in <TFile::TFile>: file /eos/user/e/evilla/dune/sn-tps/production_es/fixed_tps/bkgs//prodmarley_nue_flat_es_dune10kt_1x2x2_20250826T082402Z_gen_000059_supernova_g4_detsim_ana_2025-10-21T_094516Z_bg_tps.root can not be opened Input/output error
SysError in <TFile::TFile>: file /eos/user/e/evilla/dune/sn-tps/production_es/fixed_tps/bkgs//prodmarley_nue_flat_es_dune10kt_1x2x2_20250826T082403Z_gen_000063_supernova_g4_detsim_ana_2025-10-21T_092429Z_bg_tps.root can not be opened Input/output error
SysError in <TFile::TFile>: file /eos/user/e/evilla/dune/sn-tps/production_es/fixed_tps/bkgs//prodmarley_nue_flat_es_dune10kt_1x2x2_20250826T082405Z_gen_000071_supernova_g4_detsim_ana_2025-10-21T_091825Z_bg_tps.root can not be opened Input/output error
SysError in <TFile::TFile>: file /eos/user/e/evilla/dune/sn-tps/production_es/fixed_tps/bkgs//prodmarley_nue_flat_es_dune10kt_1x2x2_20250826T082406Z_gen_000075_supernova_g4_detsim_ana_2025-10-21T_092829Z_bg_tps.root can not be opened Input/output error
SysError in <TFile::TFile>: file /eos/user/e/evilla/dune/sn-tps/production_es/fixed_tps/bkgs//prodmarley_nue_flat_es_dune10kt_1x2x2_20250826T082407Z_gen_000077_supernova_g4_detsim_ana_2025-10-21T_091831Z_bg_tps.root can not be opened Input/output error
SysError in <TFile::TFile>: file /eos/user/e/evilla/dune/sn-tps/production_es/fixed_tps/bkgs//prodmarley_nue_flat_es_dune10kt_1x2x2_20250826T082410Z_gen_000084_supernova_g4_detsim_ana_2025-10-21T_092235Z_bg_tps.root can not be opened Input/output error
SysError in <TFile::TFile>: file /eos/user/e/evilla/dune/sn-tps/production_es/fixed_tps/bkgs//prodmarley_nue_flat_es_dune10kt_1x2x2_20250826T082412Z_gen_000088_supernova_g4_detsim_ana_2025-10-21T_090305Z_bg_tps.root can not be opened Input/output error
SysError in <TFile::TFile>: file /eos/user/e/evilla/dune/sn-tps/production_es/fixed_tps/bkgs//prodmarley_nue_flat_es_dune10kt_1x2x2_20250826T082413Z_gen_000091_supernova_g4_detsim_ana_2025-10-21T_091800Z_bg_tps.root can not be opened Input/output error
SysError in <TFile::TFile>: file /eos/user/e/evilla/dune/sn-tps/production_es/fixed_tps/bkgs//prodmarley_nue_flat_es_dune10kt_1x2x2_20250826T082413Z_gen_000092_supernova_g4_detsim_ana_2025-10-21T_094451Z_bg_tps.root can not be opened Input/output error
SysError in <TFile::TFile>: file /eos/user/e/evilla/dune/sn-tps/production_es/fixed_tps/bkgs//prodmarley_nue_flat_es_dune10kt_1x2x2_20250826T082415Z_gen_000096_supernova_g4_detsim_ana_2025-10-21T_094457Z_bg_tps.root can not be opened Input/output error
SysError in <TFile::TFile>: file /eos/user/e/evilla/dune/sn-tps/production_es/fixed_tps/bkgs//prodmarley_nue_flat_es_dune10kt_1x2x2_20250826T082415Z_gen_000097_supernova_g4_detsim_ana_2025-10-21T_092326Z_bg_tps.root can not be opened Input/output error
SysError in <TFile::TFile>: file /eos/user/e/evilla/dune/sn-tps/production_es/fixed_tps/bkgs//prodmarley_nue_flat_es_dune10kt_1x2x2_20250826T082416Z_gen_000098_supernova_g4_detsim_ana_2025-10-21T_094452Z_bg_tps.root can not be opened Input/output error
SysError in <TFile::TFile>: file /eos/user/e/evilla/dune/sn-tps/production_es/fixed_tps/bkgs//prodmarley_nue_flat_es_dune10kt_1x2x2_20250826T082416Z_gen_000100_supernova_g4_detsim_ana_2025-10-21T_090257Z_bg_tps.root can not be opened Input/output error
SysError in <TFile::TFile>: file /eos/user/e/evilla/dune/sn-tps/production_es/fixed_tps/bkgs//prodmarley_nue_flat_es_dune10kt_1x2x2_20250826T082418Z_gen_000103_supernova_g4_detsim_ana_2025-10-21T_092851Z_bg_tps.root can not be opened Input/output error
SysError in <TFile::TFile>: file /eos/user/e/evilla/dune/sn-tps/production_es/fixed_tps/bkgs//prodmarley_nue_flat_es_dune10kt_1x2x2_20250826T082419Z_gen_000105_supernova_g4_detsim_ana_2025-10-21T_094514Z_bg_tps.root can not be opened Input/output error
SysError in <TFile::TFile>: file /eos/user/e/evilla/dune/sn-tps/production_es/fixed_tps/bkgs//prodmarley_nue_flat_es_dune10kt_1x2x2_20250826T082420Z_gen_000109_supernova_g4_detsim_ana_2025-10-21T_093221Z_bg_tps.root can not be opened Input/output error
SysError in <TFile::TFile>: file /eos/user/e/evilla/dune/sn-tps/production_es/fixed_tps/bkgs//prodmarley_nue_flat_es_dune10kt_1x2x2_20250826T082421Z_gen_000111_supernova_g4_detsim_ana_2025-10-21T_092846Z_bg_tps.root can not be opened Input/output error
SysError in <TFile::TFile>: file /eos/user/e/evilla/dune/sn-tps/production_es/fixed_tps/bkgs//prodmarley_nue_flat_es_dune10kt_1x2x2_20250826T082422Z_gen_000113_supernova_g4_detsim_ana_2025-10-21T_094423Z_bg_tps.root can not be opened Input/output error
SysError in <TFile::TFile>: file /eos/user/e/evilla/dune/sn-tps/production_es/fixed_tps/bkgs//prodmarley_nue_flat_es_dune10kt_1x2x2_20250826T082424Z_gen_000116_supernova_g4_detsim_ana_2025-10-21T_090413Z_bg_tps.root can not be opened Input/output error
SysError in <TFile::TFile>: file /eos/user/e/evilla/dune/sn-tps/production_es/fixed_tps/bkgs//prodmarley_nue_flat_es_dune10kt_1x2x2_20250826T082425Z_gen_000118_supernova_g4_detsim_ana_2025-10-21T_092314Z_bg_tps.root can not be opened Input/output error
SysError in <TFile::TFile>: file /eos/user/e/evilla/dune/sn-tps/production_es/fixed_tps/bkgs//prodmarley_nue_flat_es_dune10kt_1x2x2_20250826T082425Z_gen_000119_supernova_g4_detsim_ana_2025-10-21T_092323Z_bg_tps.root can not be opened Input/output error
SysError in <TFile::TFile>: file /eos/user/e/evilla/dune/sn-tps/production_es/fixed_tps/bkgs//prodmarley_nue_flat_es_dune10kt_1x2x2_20250826T082425Z_gen_000120_supernova_g4_detsim_ana_2025-10-21T_084425Z_bg_tps.root can not be opened Input/output error
SysError in <TFile::TFile>: file /eos/user/e/evilla/dune/sn-tps/production_es/fixed_tps/bkgs//prodmarley_nue_flat_es_dune10kt_1x2x2_20250826T082428Z_gen_000122_supernova_g4_detsim_ana_2025-10-21T_090337Z_bg_tps.root can not be opened Input/output error
SysError in <TFile::TFile>: file /eos/user/e/evilla/dune/sn-tps/production_es/fixed_tps/bkgs//prodmarley_nue_flat_es_dune10kt_1x2x2_20250826T082428Z_gen_000123_supernova_g4_detsim_ana_2025-10-21T_084435Z_bg_tps.root can not be opened Input/output error
SysError in <TFile::TFile>: file /eos/user/e/evilla/dune/sn-tps/production_es/fixed_tps/bkgs//prodmarley_nue_flat_es_dune10kt_1x2x2_20250826T082429Z_gen_000124_supernova_g4_detsim_ana_2025-10-21T_092236Z_bg_tps.root can not be opened Input/output error
SysError in <TFile::TFile>: file /eos/user/e/evilla/dune/sn-tps/production_es/fixed_tps/bkgs//prodmarley_nue_flat_es_dune10kt_1x2x2_20250826T082431Z_gen_000125_supernova_g4_detsim_ana_2025-10-21T_092806Z_bg_tps.root can not be opened Input/output error
SysError in <TFile::TFile>: file /eos/user/e/evilla/dune/sn-tps/production_es/fixed_tps/bkgs//prodmarley_nue_flat_es_dune10kt_1x2x2_20250826T082433Z_gen_000127_supernova_g4_detsim_ana_2025-10-21T_094510Z_bg_tps.root can not be opened Input/output error
SysError in <TFile::TFile>: file /eos/user/e/evilla/dune/sn-tps/production_es/fixed_tps/bkgs//prodmarley_nue_flat_es_dune10kt_1x2x2_20250826T082438Z_gen_000133_supernova_g4_detsim_ana_2025-10-21T_092807Z_bg_tps.root can not be opened Input/output error
SysError in <TFile::TFile>: file /eos/user/e/evilla/dune/sn-tps/production_es/fixed_tps/bkgs//prodmarley_nue_flat_es_dune10kt_1x2x2_20250826T082439Z_gen_000134_supernova_g4_detsim_ana_2025-10-21T_092422Z_bg_tps.root can not be opened Input/output error
SysError in <TFile::TFile>: file /eos/user/e/evilla/dune/sn-tps/production_es/fixed_tps/bkgs//prodmarley_nue_flat_es_dune10kt_1x2x2_20250826T082441Z_gen_000136_supernova_g4_detsim_ana_2025-10-21T_090431Z_bg_tps.root can not be opened Input/output error
SysError in <TFile::TFile>: file /eos/user/e/evilla/dune/sn-tps/production_es/fixed_tps/bkgs//prodmarley_nue_flat_es_dune10kt_1x2x2_20250826T082446Z_gen_000138_supernova_g4_detsim_ana_2025-10-21T_094450Z_bg_tps.root can not be opened Input/output error
SysError in <TFile::TFile>: file /eos/user/e/evilla/dune/sn-tps/production_es/fixed_tps/bkgs//prodmarley_nue_flat_es_dune10kt_1x2x2_20250826T082449Z_gen_000142_supernova_g4_detsim_ana_2025-10-21T_084420Z_bg_tps.root can not be opened Input/output error
SysError in <TFile::TFile>: file /eos/user/e/evilla/dune/sn-tps/production_es/fixed_tps/bkgs//prodmarley_nue_flat_es_dune10kt_1x2x2_20250826T082449Z_gen_000143_supernova_g4_detsim_ana_2025-10-21T_092537Z_bg_tps.root can not be opened Input/output error
SysError in <TFile::TFile>: file /eos/user/e/evilla/dune/sn-tps/production_es/fixed_tps/bkgs//prodmarley_nue_flat_es_dune10kt_1x2x2_20250826T082450Z_gen_000144_supernova_g4_detsim_ana_2025-10-21T_092813Z_bg_tps.root can not be opened Input/output error
SysError in <TFile::TFile>: file /eos/user/e/evilla/dune/sn-tps/production_es/fixed_tps/bkgs//prodmarley_nue_flat_es_dune10kt_1x2x2_20250826T082453Z_gen_000147_supernova_g4_detsim_ana_2025-10-21T_094507Z_bg_tps.root can not be opened Input/output error
SysError in <TFile::TFile>: file /eos/user/e/evilla/dune/sn-tps/production_es/fixed_tps/bkgs//prodmarley_nue_flat_es_dune10kt_1x2x2_20250826T082459Z_gen_000152_supernova_g4_detsim_ana_2025-10-21T_093224Z_bg_tps.root can not be opened Input/output error
SysError in <TFile::TFile>: file /eos/user/e/evilla/dune/sn-tps/production_es/fixed_tps/bkgs//prodmarley_nue_flat_es_dune10kt_1x2x2_20250826T082502Z_gen_000155_supernova_g4_detsim_ana_2025-10-21T_092317Z_bg_tps.root can not be opened Input/output error
SysError in <TFile::TFile>: file /eos/user/e/evilla/dune/sn-tps/production_es/fixed_tps/bkgs//prodmarley_nue_flat_es_dune10kt_1x2x2_20250826T082503Z_gen_000157_supernova_g4_detsim_ana_2025-10-21T_090406Z_bg_tps.root can not be opened Input/output error
SysError in <TFile::TFile>: file /eos/user/e/evilla/dune/sn-tps/production_es/fixed_tps/bkgs//prodmarley_nue_flat_es_dune10kt_1x2x2_20250826T082504Z_gen_000159_supernova_g4_detsim_ana_2025-10-21T_084433Z_bg_tps.root can not be opened Input/output error
SysError in <TFile::TFile>: file /eos/user/e/evilla/dune/sn-tps/production_es/fixed_tps/bkgs//prodmarley_nue_flat_es_dune10kt_1x2x2_20250826T082505Z_gen_000162_supernova_g4_detsim_ana_2025-10-21T_091755Z_bg_tps.root can not be opened Input/output error
SysError in <TFile::TFile>: file /eos/user/e/evilla/dune/sn-tps/production_es/fixed_tps/bkgs//prodmarley_nue_flat_es_dune10kt_1x2x2_20250826T082505Z_gen_000163_supernova_g4_detsim_ana_2025-10-21T_094502Z_bg_tps.root can not be opened Input/output error
SysError in <TFile::TFile>: file /eos/user/e/evilla/dune/sn-tps/production_es/fixed_tps/bkgs//prodmarley_nue_flat_es_dune10kt_1x2x2_20250826T082506Z_gen_000165_supernova_g4_detsim_ana_2025-10-21T_092831Z_bg_tps.root can not be opened Input/output error
SysError in <TFile::TFile>: file /eos/user/e/evilla/dune/sn-tps/production_es/fixed_tps/bkgs//prodmarley_nue_flat_es_dune10kt_1x2x2_20250826T082507Z_gen_000168_supernova_g4_detsim_ana_2025-10-21T_094501Z_bg_tps.root can not be opened Input/output error
SysError in <TFile::TFile>: file /eos/user/e/evilla/dune/sn-tps/production_es/fixed_tps/bkgs//prodmarley_nue_flat_es_dune10kt_1x2x2_20250826T082512Z_gen_000172_supernova_g4_detsim_ana_2025-10-21T_094436Z_bg_tps.root can not be opened Input/output error
SysError in <TFile::TFile>: file /eos/user/e/evilla/dune/sn-tps/production_es/fixed_tps/bkgs//prodmarley_nue_flat_es_dune10kt_1x2x2_20250826T082513Z_gen_000177_supernova_g4_detsim_ana_2025-10-21T_092531Z_bg_tps.root can not be opened Input/output error
SysError in <TFile::TFile>: file /eos/user/e/evilla/dune/sn-tps/production_es/fixed_tps/bkgs//prodmarley_nue_flat_es_dune10kt_1x2x2_20250826T082513Z_gen_000179_supernova_g4_detsim_ana_2025-10-21T_092806Z_bg_tps.root can not be opened Input/output error
SysError in <TFile::ReadBuffer>: error reading from file /eos/user/e/evilla/dune/sn-tps/bkgs/BG_275_tps.root Input/output error
Warning in <TFile::GetRecordHeader>: /eos/user/e/evilla/dune/sn-tps/bkgs/BG_275_tps.root: failed to read the StreamerInfo data from disk.
SysError in <TFile::TFile>: file /eos/user/e/evilla/dune/sn-tps/production_es/fixed_tps/bkgs//prodmarley_nue_flat_es_dune10kt_1x2x2_20250826T082514Z_gen_000182_supernova_g4_detsim_ana_2025-10-21T_094511Z_bg_tps.root can not be opened Input/output error
SysError in <TFile::TFile>: file /eos/user/e/evilla/dune/sn-tps/production_es/fixed_tps/bkgs//prodmarley_nue_flat_es_dune10kt_1x2x2_20250826T082514Z_gen_000183_supernova_g4_detsim_ana_2025-10-21T_092536Z_bg_tps.root can not be opened Input/output error
SysError in <TFile::TFile>: file /eos/user/e/evilla/dune/sn-tps/production_es/fixed_tps/bkgs//prodmarley_nue_flat_es_dune10kt_1x2x2_20250826T082515Z_gen_000185_supernova_g4_detsim_ana_2025-10-21T_090419Z_bg_tps.root can not be opened Input/output error
SysError in <TFile::TFile>: file /eos/user/e/evilla/dune/sn-tps/production_es/fixed_tps/bkgs//prodmarley_nue_flat_es_dune10kt_1x2x2_20250826T082515Z_gen_000186_supernova_g4_detsim_ana_2025-10-21T_092816Z_bg_tps.root can not be opened Input/output error
Error in <TFile::ReadBuffer>: error reading all requested bytes from file /eos/user/e/evilla/dune/sn-tps/bkgs/BG_301_tps.root, got 167636 of 188110
Error in <TBranch::GetBasket>: File: /eos/user/e/evilla/dune/sn-tps/bkgs/BG_301_tps.root at byte:3229414762, branch:version, entry:0, badread=0, nerrors=1, basketnumber=0
Error in <TBranch::GetBasket>: File: /eos/user/e/evilla/dune/sn-tps/bkgs/BG_301_tps.root at byte:3229414762, branch:version, entry:1, badread=0, nerrors=2, basketnumber=0
Error in <TBranch::GetBasket>: File: /eos/user/e/evilla/dune/sn-tps/bkgs/BG_301_tps.root at byte:3229414762, branch:version, entry:2, badread=0, nerrors=3, basketnumber=0
Error in <TBranch::GetBasket>: File: /eos/user/e/evilla/dune/sn-tps/bkgs/BG_301_tps.root at byte:3229414762, branch:version, entry:3, badread=0, nerrors=4, basketnumber=0
Error in <TBranch::GetBasket>: File: /eos/user/e/evilla/dune/sn-tps/bkgs/BG_301_tps.root at byte:3229414762, branch:version, entry:4, badread=0, nerrors=5, basketnumber=0
Error in <TBranch::GetBasket>: File: /eos/user/e/evilla/dune/sn-tps/bkgs/BG_301_tps.root at byte:3229414762, branch:version, entry:5, badread=0, nerrors=6, basketnumber=0
Error in <TBranch::GetBasket>: File: /eos/user/e/evilla/dune/sn-tps/bkgs/BG_301_tps.root at byte:3229414762, branch:version, entry:6, badread=0, nerrors=7, basketnumber=0
Error in <TBranch::GetBasket>: File: /eos/user/e/evilla/dune/sn-tps/bkgs/BG_301_tps.root at byte:3229414762, branch:version, entry:7, badread=0, nerrors=8, basketnumber=0
Error in <TBranch::GetBasket>: File: /eos/user/e/evilla/dune/sn-tps/bkgs/BG_301_tps.root at byte:3229414762, branch:version, entry:8, badread=0, nerrors=9, basketnumber=0

 *** Break *** bus error



===========================================================
There was a crash.
This is the entire stack trace of all threads:
===========================================================
#0  0x000014ac8f8d8fba in wait4 () from /lib64/libc.so.6
#1  0x000014ac8f84b7e3 in do_system () from /lib64/libc.so.6
#2  0x000014ac918fbc2c in TUnixSystem::StackTrace() () from /cvmfs/sft.cern.ch/lcg/views/LCG_104/x86_64-el9-gcc11-opt/lib/libCore.so
#3  0x000014ac918f9345 in TUnixSystem::DispatchSignals(ESignals) () from /cvmfs/sft.cern.ch/lcg/views/LCG_104/x86_64-el9-gcc11-opt/lib/libCore.so
#4  <signal handler called>
#5  0x000000000046dac8 in std::_Tuple_impl<0ul, nlohmann::byte_container_with_subtype<std::vector<unsigned char, std::allocator<unsigned char> > >*, nlohmann::basic_json<std::map, std::vector, std::__cxx11::basic_string<char, std::char_traits<char>, std::allocator<char> >, bool, long, unsigned long, double, std::allocator, nlohmann::adl_serializer, std::vector<unsigned char, std::allocator<unsigned char> > >::create<nlohmann::byte_container_with_subtype<std::vector<unsigned char, std::allocator<unsigned char> > >>()::{lambda(nlohmann::byte_container_with_subtype<std::vector<unsigned char, std::allocator<unsigned char> > >*)#1}>::_M_head(std::_Tuple_impl<0ul, nlohmann::byte_container_with_subtype<std::vector<unsigned char, std::allocator<unsigned char> > >*, nlohmann::basic_json<std::map, std::vector, std::__cxx11::basic_string<char, std::char_traits<char>, std::allocator<char> >, bool, long, unsigned long, double, std::allocator, nlohmann::adl_serializer, std::vector<unsigned char, std::allocator<unsigned char> > >::create<nlohmann::byte_container_with_subtype<std::vector<unsigned char, std::allocator<unsigned char> > >>()::{lambda(nlohmann::byte_container_with_subtype<std::vector<unsigned char, std::allocator<unsigned char> > >*)#1}> const&) ()
#6  0x000000000046929c in void std::allocator_traits<std::allocator<TriggerPrimitive> >::construct<TriggerPrimitive, TriggerPrimitive>(std::allocator<TriggerPrimitive>&, TriggerPrimitive*, TriggerPrimitive&&) ()
===========================================================


The lines below might hint at the cause of the crash. If you see question
marks as part of the stack trace, try to recompile with debugging information
enabled and export CLING_DEBUG=1 environment variable before running.
You may get help by asking at the ROOT forum https://root.cern/forum
Only if you are really convinced it is a bug in ROOT then please submit a
report at https://root.cern/bugs Please post the ENTIRE stack trace
from above as an attachment in addition to anything else
that might help us fixing this issue.
===========================================================
#5  0x000000000046dac8 in std::_Tuple_impl<0ul, nlohmann::byte_container_with_subtype<std::vector<unsigned char, std::allocator<unsigned char> > >*, nlohmann::basic_json<std::map, std::vector, std::__cxx11::basic_string<char, std::char_traits<char>, std::allocator<char> >, bool, long, unsigned long, double, std::allocator, nlohmann::adl_serializer, std::vector<unsigned char, std::allocator<unsigned char> > >::create<nlohmann::byte_container_with_subtype<std::vector<unsigned char, std::allocator<unsigned char> > >>()::{lambda(nlohmann::byte_container_with_subtype<std::vector<unsigned char, std::allocator<unsigned char> > >*)#1}>::_M_head(std::_Tuple_impl<0ul, nlohmann::byte_container_with_subtype<std::vector<unsigned char, std::allocator<unsigned char> > >*, nlohmann::basic_json<std::map, std::vector, std::__cxx11::basic_string<char, std::char_traits<char>, std::allocator<char> >, bool, long, unsigned long, double, std::allocator, nlohmann::adl_serializer, std::vector<unsigned char, std::allocator<unsigned char> > >::create<nlohmann::byte_container_with_subtype<std::vector<unsigned char, std::allocator<unsigned char> > >>()::{lambda(nlohmann::byte_container_with_subtype<std::vector<unsigned char, std::allocator<unsigned char> > >*)#1}> const&) ()
#6  0x000000000046929c in void std::allocator_traits<std::allocator<TriggerPrimitive> >::construct<TriggerPrimitive, TriggerPrimitive>(std::allocator<TriggerPrimitive>&, TriggerPrimitive*, TriggerPrimitive&&) ()
===========================================================


/afs/cern.ch/work/e/evilla/private/dune/online-pointing-utils/scripts/add_backgrounds.sh: line 126:   434 Bus error               (core dumped) $command_to_run
