Home directory set from CLI to: /afs/cern.ch/work/e/evilla/private/dune/online-pointing-utils

init.sh script started
 Repository home is /afs/cern.ch/work/e/evilla/private/dune/online-pointing-utils
 Parameters directory is /afs/cern.ch/work/e/evilla/private/dune/online-pointing-utils/parameters
 WARNING: python environment not found, not activating.
init.sh finished

**************************
Selected options:
Run backtrack:		true
Run analyze_tps:	false
Run add backgrounds:	false
Run make clusters:	false
Run analyze:		false
Run generate images:	false
Run generate volumes:	false
Run analyze volumes:	false
Clean clusters (no backgrounds):	false
No compile:		false
Clean compile:		false
Override:		true
**************************

**************************
Sample selected: .
Global json settings file provided: /afs/cern.ch/work/e/evilla/private/dune/online-pointing-utils/json/es_fixed_myproc.json
**************************
 Looking for json settings using command: /afs/cern.ch/work/e/evilla/private/dune/online-pointing-utils/scripts/findSettings.sh -j /afs/cern.ch/work/e/evilla/private/dune/online-pointing-utils/json/es_fixed_myproc.json
Global settings file found, full path is: /afs/cern.ch/work/e/evilla/private/dune/online-pointing-utils/json/es_fixed_myproc.json 

Using this for all steps, overriding individual jsons.
Compiling the code with the following command:
/afs/cern.ch/work/e/evilla/private/dune/online-pointing-utils/scripts/compile.sh -p /afs/cern.ch/work/e/evilla/private/dune/online-pointing-utils --no-compile false --clean-compile false
Starting script /pool/condor/dir_3880074/sequence.sh
Environment is already initialized, not running init.sh again.
If it is not loaded properly, run export INIT_DONE=false and rerun init.sh
 Got home path as argument
  Compiling the code, these steps need to be run from build/
-- Detected GCC version: 11.3.0
-- [32m[INFO]:[m Looking for ROOT install...
-- [32m[INFO]:[m [ROOT]: ROOT found.
-- [32m[INFO]:[m [ROOT]: ROOT cmake use file /cvmfs/sft.cern.ch/lcg/views/LCG_104/x86_64-el9-gcc11-opt/cmake/ROOTUseFile.cmake
-- [32m[INFO]:[m [ROOT]: ROOT include directory: /cvmfs/sft.cern.ch/lcg/views/LCG_104/x86_64-el9-gcc11-opt/include
-- [32m[INFO]:[m [ROOT]: ROOT C++ Flags:  -std=c++17 -pipe -fsigned-char -pthread
-- ROOT compiled with C++17
-- [32m[INFO]:[m nlohmann JSON header found: /cvmfs/sft.cern.ch/lcg/views/LCG_104/x86_64-el9-gcc11-opt/include/nlohmann/json.hpp
-- [32m[INFO]:[m Adding submodules to the project...
-- [32m[INFO]:[m Looking for simple-cpp-cmd-line-parser submodule...
-- [1;33m[WARN]:[m Checking submodule: simple-cpp-cmd-line-parser
-- [32m[INFO]:[m Git submodule simple-cpp-cmd-line-parser is present
-- [32m[INFO]:[m Looking for simple-cpp-logger submodule...
-- [1;33m[WARN]:[m Checking submodule: simple-cpp-logger
-- [32m[INFO]:[m Git submodule simple-cpp-logger is present
-- [32m[INFO]:[m Looking for cpp-generic-toolbox submodule...
-- [1;33m[WARN]:[m Checking submodule: cpp-generic-toolbox
-- [32m[INFO]:[m Git submodule cpp-generic-toolbox is present
-- [32m[INFO]:[m Configuring ana library...
-- [32m[INFO]:[m Creating plot_avg_times app...
-- [32m[INFO]:[m Creating make_clusters app...
-- [32m[INFO]:[m Creating backtrack_tpstream app...
-- [32m[INFO]:[m Creating analyze_clusters app...
-- [32m[INFO]:[m Creating analyze_tps app...
-- [32m[INFO]:[m Creating extract_calibration app...
-- [32m[INFO]:[m Creating display app...
-- [32m[INFO]:[m Creating add_backgrounds app...
-- [32m[INFO]:[m Creating extract_energy_cut_stats app...
-- [32m[INFO]:[m Creating split_by_apa app...
-- Configuring done (1.5s)
-- Generating done (116.9s)
-- Build files have been written to: /afs/cern.ch/work/e/evilla/private/dune/online-pointing-utils/build
Using -1 processors for compilation
  Make failed. Stopping execution.

