Home directory set from CLI to: /afs/cern.ch/work/e/evilla/private/dune/online-pointing-utils

init.sh script started
 Repository home is /afs/cern.ch/work/e/evilla/private/dune/online-pointing-utils
 Parameters directory is /afs/cern.ch/work/e/evilla/private/dune/online-pointing-utils/parameters
 Setting up environment for lxplus using /cvmfs/sft.cern.ch/lcg/views/LCG_104/x86_64-el9-gcc11-opt/setup.sh
 WARNING: python environment not found, not activating.
init.sh finished

**************************
Selected options:
Run backtrack:		true
Run analyze_tps:	false
Run add backgrounds:	false
Run make clusters:	false
Run analyze:		false
Run generate images:	false
Run generate volumes:	false
Run analyze volumes:	false
Clean clusters (no backgrounds):	false
No compile:		true
Clean compile:		false
Override:		true
**************************

**************************
Sample selected: .
Global json settings file provided: /afs/cern.ch/work/e/evilla/private/dune/online-pointing-utils/json/bg_fixed_myproc.json
**************************
 Looking for json settings using command: /afs/cern.ch/work/e/evilla/private/dune/online-pointing-utils/scripts/findSettings.sh -j /afs/cern.ch/work/e/evilla/private/dune/online-pointing-utils/json/bg_fixed_myproc.json
Global settings file found, full path is: /afs/cern.ch/work/e/evilla/private/dune/online-pointing-utils/json/bg_fixed_myproc.json 

Using this for all steps, overriding individual jsons.
Compiling the code with the following command:
/afs/cern.ch/work/e/evilla/private/dune/online-pointing-utils/scripts/compile.sh -p /afs/cern.ch/work/e/evilla/private/dune/online-pointing-utils --no-compile true --clean-compile false
Starting script /pool/condor/dir_3071623/sequence.sh
Environment is already initialized, not running init.sh again.
If it is not loaded properly, run export INIT_DONE=false and rerun init.sh
 Got home path as argument
  No compilation was requested. Stopping execution of this script.

Running backtrack step with command:
/afs/cern.ch/work/e/evilla/private/dune/online-pointing-utils/scripts/backtrack.sh -j /afs/cern.ch/work/e/evilla/private/dune/online-pointing-utils/json/bg_fixed_myproc.json --no-compile -f true -v false -d false --max-files 10 --skip-files 240
Environment is already initialized, not running init.sh again.
If it is not loaded properly, run export INIT_DONE=false and rerun init.sh
 Looking for json settings using command: /afs/cern.ch/work/e/evilla/private/dune/online-pointing-utils/scripts/findSettings.sh -j /afs/cern.ch/work/e/evilla/private/dune/online-pointing-utils/json/bg_fixed_myproc.json
Settings file found, full path is: /afs/cern.ch/work/e/evilla/private/dune/online-pointing-utils/json/bg_fixed_myproc.json 

Compiling the code with the following command:
/afs/cern.ch/work/e/evilla/private/dune/online-pointing-utils/scripts/compile.sh -p /afs/cern.ch/work/e/evilla/private/dune/online-pointing-utils --no-compile true --clean-compile false
Starting script /afs/cern.ch/work/e/evilla/private/dune/online-pointing-utils/scripts/backtrack.sh
Environment is already initialized, not running init.sh again.
If it is not loaded properly, run export INIT_DONE=false and rerun init.sh
 Got home path as argument
  No compilation was requested. Stopping execution of this script.

Running: /afs/cern.ch/work/e/evilla/private/dune/online-pointing-utils/build//src/app/backtrack_tpstream -j /afs/cern.ch/work/e/evilla/private/dune/online-pointing-utils/json/bg_fixed_myproc.json --max-files 10 --skip-files 240 --override
30/10/2025 12:22:36 [32m[backtrack_tpstream.cpp][0m: > backtrack app - extract TPs and attach truth, writing *_tps_bktr<N>.root files (N: backtracker_error_margin).

30/10/2025 12:22:36 [32m[backtrack_tpstream.cpp][0m: Usage: 
30/10/2025 12:22:36 [32m[backtrack_tpstream.cpp][0m: ──────────── Main options ────────────
30/10/2025 12:22:36 [32m[backtrack_tpstream.cpp][0m: json {-j,--json}: JSON file containing the configuration (expected: 1 value)
30/10/2025 12:22:36 [32m[backtrack_tpstream.cpp][0m: outFolder {--output-folder}: Output folder path (default: data) (expected: 1 value)
30/10/2025 12:22:36 [32m[backtrack_tpstream.cpp][0m: inputFile {-i,--input-file}: Input file with list OR single ROOT file path (overrides JSON inputs) (expected: 1 value)
30/10/2025 12:22:36 [32m[backtrack_tpstream.cpp][0m: bktrMargin {--bktr-margin}: Override backtracker_error_margin (int) (expected: 1 value)
30/10/2025 12:22:36 [32m[backtrack_tpstream.cpp][0m: maxFiles {--max-files}: Maximum number of files to process (overrides JSON max_files) (expected: 1 value)
30/10/2025 12:22:36 [32m[backtrack_tpstream.cpp][0m: skipFiles {--skip-files}: Number of files to skip at start (overrides JSON skip_files) (expected: 1 value)
30/10/2025 12:22:36 [32m[backtrack_tpstream.cpp][0m: ──────────── Triggers ────────────
30/10/2025 12:22:36 [32m[backtrack_tpstream.cpp][0m: verboseMode {-v,--verbose}: Run in verbose mode (trigger)
30/10/2025 12:22:36 [32m[backtrack_tpstream.cpp][0m: debugMode {-d,--debug}: Run in debug mode (more detailed than verbose) (trigger)
30/10/2025 12:22:36 [32m[backtrack_tpstream.cpp][0m: overrideMode {-f,--override}: Force reprocessing even if output already exists (trigger)


30/10/2025 12:22:36 [32m[backtrack_tpstream.cpp][0m: Loading JSON config: /afs/cern.ch/work/e/evilla/private/dune/online-pointing-utils/json/bg_fixed_myproc.json
30/10/2025 12:22:36 [32m[backtrack_tpstream.cpp][0m: Using backtracker_error_margin: 10
30/10/2025 12:22:36 [32m[utils.cpp][0m: [find_input_files] Called with pattern: tpstream
30/10/2025 12:22:37 [32m[backtrack_tpstream.cpp][0m: Number of valid files: 346
30/10/2025 12:22:37 [32m[backtrack_tpstream.cpp][0m: Max files (from CLI): 10
30/10/2025 12:22:37 [32m[backtrack_tpstream.cpp][0m: Number of files to skip at start (from CLI): 240
30/10/2025 12:22:37 [32m[backtrack_tpstream.cpp][0m: Output folder (pure signal TPs): /eos/user/e/evilla/dune/sn-tps/bkgs/
30/10/2025 12:22:37 [32m[backtrack_tpstream.cpp][0m: Effective time window (TDC ticks): 352 (conversion_tdc_to_tpc=32)
30/10/2025 12:22:37 [32m[backtrack_tpstream.cpp][0m: Channel tolerance (channels): 0
30/10/2025 12:22:37 [32m[backtrack_tpstream.cpp][0m: Skipping file 1: /eos/user/e/evilla/dune/sn-tps/bkgs/BG_0_tpstream.root
30/10/2025 12:22:37 [32m[backtrack_tpstream.cpp][0m: Skipping file 2: /eos/user/e/evilla/dune/sn-tps/bkgs/BG_100_tpstream.root
30/10/2025 12:22:37 [32m[backtrack_tpstream.cpp][0m: Skipping file 3: /eos/user/e/evilla/dune/sn-tps/bkgs/BG_101_tpstream.root
30/10/2025 12:22:37 [32m[backtrack_tpstream.cpp][0m: Skipping file 4: /eos/user/e/evilla/dune/sn-tps/bkgs/BG_102_tpstream.root
30/10/2025 12:22:37 [32m[backtrack_tpstream.cpp][0m: Skipping file 5: /eos/user/e/evilla/dune/sn-tps/bkgs/BG_103_tpstream.root
30/10/2025 12:22:37 [32m[backtrack_tpstream.cpp][0m: Skipping file 6: /eos/user/e/evilla/dune/sn-tps/bkgs/BG_104_tpstream.root
30/10/2025 12:22:37 [32m[backtrack_tpstream.cpp][0m: Skipping file 7: /eos/user/e/evilla/dune/sn-tps/bkgs/BG_105_tpstream.root
30/10/2025 12:22:37 [32m[backtrack_tpstream.cpp][0m: Skipping file 8: /eos/user/e/evilla/dune/sn-tps/bkgs/BG_106_tpstream.root
30/10/2025 12:22:37 [32m[backtrack_tpstream.cpp][0m: Skipping file 9: /eos/user/e/evilla/dune/sn-tps/bkgs/BG_107_tpstream.root
30/10/2025 12:22:37 [32m[backtrack_tpstream.cpp][0m: Skipping file 10: /eos/user/e/evilla/dune/sn-tps/bkgs/BG_108_tpstream.root
30/10/2025 12:22:37 [32m[backtrack_tpstream.cpp][0m: Skipping file 11: /eos/user/e/evilla/dune/sn-tps/bkgs/BG_109_tpstream.root
30/10/2025 12:22:37 [32m[backtrack_tpstream.cpp][0m: Skipping file 12: /eos/user/e/evilla/dune/sn-tps/bkgs/BG_10_tpstream.root
30/10/2025 12:22:37 [32m[backtrack_tpstream.cpp][0m: Skipping file 13: /eos/user/e/evilla/dune/sn-tps/bkgs/BG_110_tpstream.root
30/10/2025 12:22:37 [32m[backtrack_tpstream.cpp][0m: Skipping file 14: /eos/user/e/evilla/dune/sn-tps/bkgs/BG_111_tpstream.root
30/10/2025 12:22:37 [32m[backtrack_tpstream.cpp][0m: Skipping file 15: /eos/user/e/evilla/dune/sn-tps/bkgs/BG_112_tpstream.root
30/10/2025 12:22:37 [32m[backtrack_tpstream.cpp][0m: Skipping file 16: /eos/user/e/evilla/dune/sn-tps/bkgs/BG_113_tpstream.root
30/10/2025 12:22:37 [32m[backtrack_tpstream.cpp][0m: Skipping file 17: /eos/user/e/evilla/dune/sn-tps/bkgs/BG_114_tpstream.root
30/10/2025 12:22:37 [32m[backtrack_tpstream.cpp][0m: Skipping file 18: /eos/user/e/evilla/dune/sn-tps/bkgs/BG_115_tpstream.root
30/10/2025 12:22:37 [32m[backtrack_tpstream.cpp][0m: Skipping file 19: /eos/user/e/evilla/dune/sn-tps/bkgs/BG_116_tpstream.root
30/10/2025 12:22:37 [32m[backtrack_tpstream.cpp][0m: Skipping file 20: /eos/user/e/evilla/dune/sn-tps/bkgs/BG_117_tpstream.root
30/10/2025 12:22:37 [32m[backtrack_tpstream.cpp][0m: Skipping file 21: /eos/user/e/evilla/dune/sn-tps/bkgs/BG_118_tpstream.root
30/10/2025 12:22:37 [32m[backtrack_tpstream.cpp][0m: Skipping file 22: /eos/user/e/evilla/dune/sn-tps/bkgs/BG_119_tpstream.root
30/10/2025 12:22:37 [32m[backtrack_tpstream.cpp][0m: Skipping file 23: /eos/user/e/evilla/dune/sn-tps/bkgs/BG_11_tpstream.root
30/10/2025 12:22:37 [32m[backtrack_tpstream.cpp][0m: Skipping file 24: /eos/user/e/evilla/dune/sn-tps/bkgs/BG_120_tpstream.root
30/10/2025 12:22:37 [32m[backtrack_tpstream.cpp][0m: Skipping file 25: /eos/user/e/evilla/dune/sn-tps/bkgs/BG_121_tpstream.root
30/10/2025 12:22:37 [32m[backtrack_tpstream.cpp][0m: Skipping file 26: /eos/user/e/evilla/dune/sn-tps/bkgs/BG_122_tpstream.root
30/10/2025 12:22:37 [32m[backtrack_tpstream.cpp][0m: Skipping file 27: /eos/user/e/evilla/dune/sn-tps/bkgs/BG_123_tpstream.root
30/10/2025 12:22:37 [32m[backtrack_tpstream.cpp][0m: Skipping file 28: /eos/user/e/evilla/dune/sn-tps/bkgs/BG_124_tpstream.root
30/10/2025 12:22:37 [32m[backtrack_tpstream.cpp][0m: Skipping file 29: /eos/user/e/evilla/dune/sn-tps/bkgs/BG_125_tpstream.root
30/10/2025 12:22:37 [32m[backtrack_tpstream.cpp][0m: Skipping file 30: /eos/user/e/evilla/dune/sn-tps/bkgs/BG_126_tpstream.root
30/10/2025 12:22:37 [32m[backtrack_tpstream.cpp][0m: Skipping file 31: /eos/user/e/evilla/dune/sn-tps/bkgs/BG_127_tpstream.root
30/10/2025 12:22:37 [32m[backtrack_tpstream.cpp][0m: Skipping file 32: /eos/user/e/evilla/dune/sn-tps/bkgs/BG_128_tpstream.root
30/10/2025 12:22:37 [32m[backtrack_tpstream.cpp][0m: Skipping file 33: /eos/user/e/evilla/dune/sn-tps/bkgs/BG_129_tpstream.root
30/10/2025 12:22:37 [32m[backtrack_tpstream.cpp][0m: Skipping file 34: /eos/user/e/evilla/dune/sn-tps/bkgs/BG_12_tpstream.root
30/10/2025 12:22:37 [32m[backtrack_tpstream.cpp][0m: Skipping file 35: /eos/user/e/evilla/dune/sn-tps/bkgs/BG_130_tpstream.root
30/10/2025 12:22:37 [32m[backtrack_tpstream.cpp][0m: Skipping file 36: /eos/user/e/evilla/dune/sn-tps/bkgs/BG_131_tpstream.root
30/10/2025 12:22:37 [32m[backtrack_tpstream.cpp][0m: Skipping file 37: /eos/user/e/evilla/dune/sn-tps/bkgs/BG_132_tpstream.root
30/10/2025 12:22:37 [32m[backtrack_tpstream.cpp][0m: Skipping file 38: /eos/user/e/evilla/dune/sn-tps/bkgs/BG_133_tpstream.root
30/10/2025 12:22:37 [32m[backtrack_tpstream.cpp][0m: Skipping file 39: /eos/user/e/evilla/dune/sn-tps/bkgs/BG_134_tpstream.root
30/10/2025 12:22:37 [32m[backtrack_tpstream.cpp][0m: Skipping file 40: /eos/user/e/evilla/dune/sn-tps/bkgs/BG_135_tpstream.root
30/10/2025 12:22:37 [32m[backtrack_tpstream.cpp][0m: Skipping file 41: /eos/user/e/evilla/dune/sn-tps/bkgs/BG_136_tpstream.root
30/10/2025 12:22:37 [32m[backtrack_tpstream.cpp][0m: Skipping file 42: /eos/user/e/evilla/dune/sn-tps/bkgs/BG_137_tpstream.root
30/10/2025 12:22:37 [32m[backtrack_tpstream.cpp][0m: Skipping file 43: /eos/user/e/evilla/dune/sn-tps/bkgs/BG_138_tpstream.root
30/10/2025 12:22:37 [32m[backtrack_tpstream.cpp][0m: Skipping file 44: /eos/user/e/evilla/dune/sn-tps/bkgs/BG_139_tpstream.root
30/10/2025 12:22:37 [32m[backtrack_tpstream.cpp][0m: Skipping file 45: /eos/user/e/evilla/dune/sn-tps/bkgs/BG_13_tpstream.root
30/10/2025 12:22:37 [32m[backtrack_tpstream.cpp][0m: Skipping file 46: /eos/user/e/evilla/dune/sn-tps/bkgs/BG_140_tpstream.root
30/10/2025 12:22:37 [32m[backtrack_tpstream.cpp][0m: Skipping file 47: /eos/user/e/evilla/dune/sn-tps/bkgs/BG_141_tpstream.root
30/10/2025 12:22:37 [32m[backtrack_tpstream.cpp][0m: Skipping file 48: /eos/user/e/evilla/dune/sn-tps/bkgs/BG_142_tpstream.root
30/10/2025 12:22:37 [32m[backtrack_tpstream.cpp][0m: Skipping file 49: /eos/user/e/evilla/dune/sn-tps/bkgs/BG_143_tpstream.root
30/10/2025 12:22:37 [32m[backtrack_tpstream.cpp][0m: Skipping file 50: /eos/user/e/evilla/dune/sn-tps/bkgs/BG_144_tpstream.root
30/10/2025 12:22:37 [32m[backtrack_tpstream.cpp][0m: Skipping file 51: /eos/user/e/evilla/dune/sn-tps/bkgs/BG_145_tpstream.root
30/10/2025 12:22:37 [32m[backtrack_tpstream.cpp][0m: Skipping file 52: /eos/user/e/evilla/dune/sn-tps/bkgs/BG_146_tpstream.root
30/10/2025 12:22:37 [32m[backtrack_tpstream.cpp][0m: Skipping file 53: /eos/user/e/evilla/dune/sn-tps/bkgs/BG_147_tpstream.root
30/10/2025 12:22:37 [32m[backtrack_tpstream.cpp][0m: Skipping file 54: /eos/user/e/evilla/dune/sn-tps/bkgs/BG_148_tpstream.root
30/10/2025 12:22:37 [32m[backtrack_tpstream.cpp][0m: Skipping file 55: /eos/user/e/evilla/dune/sn-tps/bkgs/BG_149_tpstream.root
30/10/2025 12:22:37 [32m[backtrack_tpstream.cpp][0m: Skipping file 56: /eos/user/e/evilla/dune/sn-tps/bkgs/BG_14_tpstream.root
30/10/2025 12:22:37 [32m[backtrack_tpstream.cpp][0m: Skipping file 57: /eos/user/e/evilla/dune/sn-tps/bkgs/BG_150_tpstream.root
30/10/2025 12:22:37 [32m[backtrack_tpstream.cpp][0m: Skipping file 58: /eos/user/e/evilla/dune/sn-tps/bkgs/BG_151_tpstream.root
30/10/2025 12:22:37 [32m[backtrack_tpstream.cpp][0m: Skipping file 59: /eos/user/e/evilla/dune/sn-tps/bkgs/BG_152_tpstream.root
30/10/2025 12:22:37 [32m[backtrack_tpstream.cpp][0m: Skipping file 60: /eos/user/e/evilla/dune/sn-tps/bkgs/BG_153_tpstream.root
30/10/2025 12:22:37 [32m[backtrack_tpstream.cpp][0m: Skipping file 61: /eos/user/e/evilla/dune/sn-tps/bkgs/BG_154_tpstream.root
30/10/2025 12:22:37 [32m[backtrack_tpstream.cpp][0m: Skipping file 62: /eos/user/e/evilla/dune/sn-tps/bkgs/BG_155_tpstream.root
30/10/2025 12:22:37 [32m[backtrack_tpstream.cpp][0m: Skipping file 63: /eos/user/e/evilla/dune/sn-tps/bkgs/BG_156_tpstream.root
30/10/2025 12:22:37 [32m[backtrack_tpstream.cpp][0m: Skipping file 64: /eos/user/e/evilla/dune/sn-tps/bkgs/BG_157_tpstream.root
30/10/2025 12:22:37 [32m[backtrack_tpstream.cpp][0m: Skipping file 65: /eos/user/e/evilla/dune/sn-tps/bkgs/BG_158_tpstream.root
30/10/2025 12:22:37 [32m[backtrack_tpstream.cpp][0m: Skipping file 66: /eos/user/e/evilla/dune/sn-tps/bkgs/BG_159_tpstream.root
30/10/2025 12:22:37 [32m[backtrack_tpstream.cpp][0m: Skipping file 67: /eos/user/e/evilla/dune/sn-tps/bkgs/BG_15_tpstream.root
30/10/2025 12:22:37 [32m[backtrack_tpstream.cpp][0m: Skipping file 68: /eos/user/e/evilla/dune/sn-tps/bkgs/BG_160_tpstream.root
30/10/2025 12:22:37 [32m[backtrack_tpstream.cpp][0m: Skipping file 69: /eos/user/e/evilla/dune/sn-tps/bkgs/BG_161_tpstream.root
30/10/2025 12:22:37 [32m[backtrack_tpstream.cpp][0m: Skipping file 70: /eos/user/e/evilla/dune/sn-tps/bkgs/BG_162_tpstream.root
30/10/2025 12:22:37 [32m[backtrack_tpstream.cpp][0m: Skipping file 71: /eos/user/e/evilla/dune/sn-tps/bkgs/BG_163_tpstream.root
30/10/2025 12:22:37 [32m[backtrack_tpstream.cpp][0m: Skipping file 72: /eos/user/e/evilla/dune/sn-tps/bkgs/BG_164_tpstream.root
30/10/2025 12:22:37 [32m[backtrack_tpstream.cpp][0m: Skipping file 73: /eos/user/e/evilla/dune/sn-tps/bkgs/BG_165_tpstream.root
30/10/2025 12:22:37 [32m[backtrack_tpstream.cpp][0m: Skipping file 74: /eos/user/e/evilla/dune/sn-tps/bkgs/BG_166_tpstream.root
30/10/2025 12:22:37 [32m[backtrack_tpstream.cpp][0m: Skipping file 75: /eos/user/e/evilla/dune/sn-tps/bkgs/BG_167_tpstream.root
30/10/2025 12:22:37 [32m[backtrack_tpstream.cpp][0m: Skipping file 76: /eos/user/e/evilla/dune/sn-tps/bkgs/BG_168_tpstream.root
30/10/2025 12:22:37 [32m[backtrack_tpstream.cpp][0m: Skipping file 77: /eos/user/e/evilla/dune/sn-tps/bkgs/BG_169_tpstream.root
30/10/2025 12:22:37 [32m[backtrack_tpstream.cpp][0m: Skipping file 78: /eos/user/e/evilla/dune/sn-tps/bkgs/BG_16_tpstream.root
30/10/2025 12:22:37 [32m[backtrack_tpstream.cpp][0m: Skipping file 79: /eos/user/e/evilla/dune/sn-tps/bkgs/BG_170_tpstream.root
30/10/2025 12:22:37 [32m[backtrack_tpstream.cpp][0m: Skipping file 80: /eos/user/e/evilla/dune/sn-tps/bkgs/BG_171_tpstream.root
30/10/2025 12:22:37 [32m[backtrack_tpstream.cpp][0m: Skipping file 81: /eos/user/e/evilla/dune/sn-tps/bkgs/BG_172_tpstream.root
30/10/2025 12:22:37 [32m[backtrack_tpstream.cpp][0m: Skipping file 82: /eos/user/e/evilla/dune/sn-tps/bkgs/BG_173_tpstream.root
30/10/2025 12:22:37 [32m[backtrack_tpstream.cpp][0m: Skipping file 83: /eos/user/e/evilla/dune/sn-tps/bkgs/BG_174_tpstream.root
30/10/2025 12:22:37 [32m[backtrack_tpstream.cpp][0m: Skipping file 84: /eos/user/e/evilla/dune/sn-tps/bkgs/BG_175_tpstream.root
30/10/2025 12:22:37 [32m[backtrack_tpstream.cpp][0m: Skipping file 85: /eos/user/e/evilla/dune/sn-tps/bkgs/BG_176_tpstream.root
30/10/2025 12:22:37 [32m[backtrack_tpstream.cpp][0m: Skipping file 86: /eos/user/e/evilla/dune/sn-tps/bkgs/BG_177_tpstream.root
30/10/2025 12:22:37 [32m[backtrack_tpstream.cpp][0m: Skipping file 87: /eos/user/e/evilla/dune/sn-tps/bkgs/BG_178_tpstream.root
30/10/2025 12:22:37 [32m[backtrack_tpstream.cpp][0m: Skipping file 88: /eos/user/e/evilla/dune/sn-tps/bkgs/BG_179_tpstream.root
30/10/2025 12:22:37 [32m[backtrack_tpstream.cpp][0m: Skipping file 89: /eos/user/e/evilla/dune/sn-tps/bkgs/BG_17_tpstream.root
30/10/2025 12:22:37 [32m[backtrack_tpstream.cpp][0m: Skipping file 90: /eos/user/e/evilla/dune/sn-tps/bkgs/BG_180_tpstream.root
30/10/2025 12:22:37 [32m[backtrack_tpstream.cpp][0m: Skipping file 91: /eos/user/e/evilla/dune/sn-tps/bkgs/BG_181_tpstream.root
30/10/2025 12:22:37 [32m[backtrack_tpstream.cpp][0m: Skipping file 92: /eos/user/e/evilla/dune/sn-tps/bkgs/BG_182_tpstream.root
30/10/2025 12:22:37 [32m[backtrack_tpstream.cpp][0m: Skipping file 93: /eos/user/e/evilla/dune/sn-tps/bkgs/BG_183_tpstream.root
30/10/2025 12:22:37 [32m[backtrack_tpstream.cpp][0m: Skipping file 94: /eos/user/e/evilla/dune/sn-tps/bkgs/BG_184_tpstream.root
30/10/2025 12:22:37 [32m[backtrack_tpstream.cpp][0m: Skipping file 95: /eos/user/e/evilla/dune/sn-tps/bkgs/BG_185_tpstream.root
30/10/2025 12:22:37 [32m[backtrack_tpstream.cpp][0m: Skipping file 96: /eos/user/e/evilla/dune/sn-tps/bkgs/BG_186_tpstream.root
30/10/2025 12:22:37 [32m[backtrack_tpstream.cpp][0m: Skipping file 97: /eos/user/e/evilla/dune/sn-tps/bkgs/BG_187_tpstream.root
30/10/2025 12:22:37 [32m[backtrack_tpstream.cpp][0m: Skipping file 98: /eos/user/e/evilla/dune/sn-tps/bkgs/BG_188_tpstream.root
30/10/2025 12:22:37 [32m[backtrack_tpstream.cpp][0m: Skipping file 99: /eos/user/e/evilla/dune/sn-tps/bkgs/BG_189_tpstream.root
30/10/2025 12:22:37 [32m[backtrack_tpstream.cpp][0m: Skipping file 100: /eos/user/e/evilla/dune/sn-tps/bkgs/BG_18_tpstream.root
30/10/2025 12:22:37 [32m[backtrack_tpstream.cpp][0m: Skipping file 101: /eos/user/e/evilla/dune/sn-tps/bkgs/BG_190_tpstream.root
30/10/2025 12:22:37 [32m[backtrack_tpstream.cpp][0m: Skipping file 102: /eos/user/e/evilla/dune/sn-tps/bkgs/BG_191_tpstream.root
30/10/2025 12:22:37 [32m[backtrack_tpstream.cpp][0m: Skipping file 103: /eos/user/e/evilla/dune/sn-tps/bkgs/BG_192_tpstream.root
30/10/2025 12:22:37 [32m[backtrack_tpstream.cpp][0m: Skipping file 104: /eos/user/e/evilla/dune/sn-tps/bkgs/BG_193_tpstream.root
30/10/2025 12:22:37 [32m[backtrack_tpstream.cpp][0m: Skipping file 105: /eos/user/e/evilla/dune/sn-tps/bkgs/BG_194_tpstream.root
30/10/2025 12:22:37 [32m[backtrack_tpstream.cpp][0m: Skipping file 106: /eos/user/e/evilla/dune/sn-tps/bkgs/BG_195_tpstream.root
30/10/2025 12:22:37 [32m[backtrack_tpstream.cpp][0m: Skipping file 107: /eos/user/e/evilla/dune/sn-tps/bkgs/BG_196_tpstream.root
30/10/2025 12:22:37 [32m[backtrack_tpstream.cpp][0m: Skipping file 108: /eos/user/e/evilla/dune/sn-tps/bkgs/BG_197_tpstream.root
30/10/2025 12:22:37 [32m[backtrack_tpstream.cpp][0m: Skipping file 109: /eos/user/e/evilla/dune/sn-tps/bkgs/BG_198_tpstream.root
30/10/2025 12:22:37 [32m[backtrack_tpstream.cpp][0m: Skipping file 110: /eos/user/e/evilla/dune/sn-tps/bkgs/BG_199_tpstream.root
30/10/2025 12:22:37 [32m[backtrack_tpstream.cpp][0m: Skipping file 111: /eos/user/e/evilla/dune/sn-tps/bkgs/BG_19_tpstream.root
30/10/2025 12:22:37 [32m[backtrack_tpstream.cpp][0m: Skipping file 112: /eos/user/e/evilla/dune/sn-tps/bkgs/BG_1_tpstream.root
30/10/2025 12:22:37 [32m[backtrack_tpstream.cpp][0m: Skipping file 113: /eos/user/e/evilla/dune/sn-tps/bkgs/BG_200_tpstream.root
30/10/2025 12:22:37 [32m[backtrack_tpstream.cpp][0m: Skipping file 114: /eos/user/e/evilla/dune/sn-tps/bkgs/BG_201_tpstream.root
30/10/2025 12:22:37 [32m[backtrack_tpstream.cpp][0m: Skipping file 115: /eos/user/e/evilla/dune/sn-tps/bkgs/BG_202_tpstream.root
30/10/2025 12:22:37 [32m[backtrack_tpstream.cpp][0m: Skipping file 116: /eos/user/e/evilla/dune/sn-tps/bkgs/BG_203_tpstream.root
30/10/2025 12:22:37 [32m[backtrack_tpstream.cpp][0m: Skipping file 117: /eos/user/e/evilla/dune/sn-tps/bkgs/BG_204_tpstream.root
30/10/2025 12:22:37 [32m[backtrack_tpstream.cpp][0m: Skipping file 118: /eos/user/e/evilla/dune/sn-tps/bkgs/BG_205_tpstream.root
30/10/2025 12:22:37 [32m[backtrack_tpstream.cpp][0m: Skipping file 119: /eos/user/e/evilla/dune/sn-tps/bkgs/BG_206_tpstream.root
30/10/2025 12:22:37 [32m[backtrack_tpstream.cpp][0m: Skipping file 120: /eos/user/e/evilla/dune/sn-tps/bkgs/BG_207_tpstream.root
30/10/2025 12:22:37 [32m[backtrack_tpstream.cpp][0m: Skipping file 121: /eos/user/e/evilla/dune/sn-tps/bkgs/BG_208_tpstream.root
30/10/2025 12:22:37 [32m[backtrack_tpstream.cpp][0m: Skipping file 122: /eos/user/e/evilla/dune/sn-tps/bkgs/BG_209_tpstream.root
30/10/2025 12:22:37 [32m[backtrack_tpstream.cpp][0m: Skipping file 123: /eos/user/e/evilla/dune/sn-tps/bkgs/BG_20_tpstream.root
30/10/2025 12:22:37 [32m[backtrack_tpstream.cpp][0m: Skipping file 124: /eos/user/e/evilla/dune/sn-tps/bkgs/BG_210_tpstream.root
30/10/2025 12:22:37 [32m[backtrack_tpstream.cpp][0m: Skipping file 125: /eos/user/e/evilla/dune/sn-tps/bkgs/BG_211_tpstream.root
30/10/2025 12:22:37 [32m[backtrack_tpstream.cpp][0m: Skipping file 126: /eos/user/e/evilla/dune/sn-tps/bkgs/BG_212_tpstream.root
30/10/2025 12:22:37 [32m[backtrack_tpstream.cpp][0m: Skipping file 127: /eos/user/e/evilla/dune/sn-tps/bkgs/BG_213_tpstream.root
30/10/2025 12:22:37 [32m[backtrack_tpstream.cpp][0m: Skipping file 128: /eos/user/e/evilla/dune/sn-tps/bkgs/BG_214_tpstream.root
30/10/2025 12:22:37 [32m[backtrack_tpstream.cpp][0m: Skipping file 129: /eos/user/e/evilla/dune/sn-tps/bkgs/BG_215_tpstream.root
30/10/2025 12:22:37 [32m[backtrack_tpstream.cpp][0m: Skipping file 130: /eos/user/e/evilla/dune/sn-tps/bkgs/BG_216_tpstream.root
30/10/2025 12:22:37 [32m[backtrack_tpstream.cpp][0m: Skipping file 131: /eos/user/e/evilla/dune/sn-tps/bkgs/BG_217_tpstream.root
30/10/2025 12:22:37 [32m[backtrack_tpstream.cpp][0m: Skipping file 132: /eos/user/e/evilla/dune/sn-tps/bkgs/BG_218_tpstream.root
30/10/2025 12:22:37 [32m[backtrack_tpstream.cpp][0m: Skipping file 133: /eos/user/e/evilla/dune/sn-tps/bkgs/BG_219_tpstream.root
30/10/2025 12:22:37 [32m[backtrack_tpstream.cpp][0m: Skipping file 134: /eos/user/e/evilla/dune/sn-tps/bkgs/BG_21_tpstream.root
30/10/2025 12:22:37 [32m[backtrack_tpstream.cpp][0m: Skipping file 135: /eos/user/e/evilla/dune/sn-tps/bkgs/BG_220_tpstream.root
30/10/2025 12:22:37 [32m[backtrack_tpstream.cpp][0m: Skipping file 136: /eos/user/e/evilla/dune/sn-tps/bkgs/BG_221_tpstream.root
30/10/2025 12:22:37 [32m[backtrack_tpstream.cpp][0m: Skipping file 137: /eos/user/e/evilla/dune/sn-tps/bkgs/BG_222_tpstream.root
30/10/2025 12:22:37 [32m[backtrack_tpstream.cpp][0m: Skipping file 138: /eos/user/e/evilla/dune/sn-tps/bkgs/BG_223_tpstream.root
30/10/2025 12:22:37 [32m[backtrack_tpstream.cpp][0m: Skipping file 139: /eos/user/e/evilla/dune/sn-tps/bkgs/BG_224_tpstream.root
30/10/2025 12:22:37 [32m[backtrack_tpstream.cpp][0m: Skipping file 140: /eos/user/e/evilla/dune/sn-tps/bkgs/BG_225_tpstream.root
30/10/2025 12:22:37 [32m[backtrack_tpstream.cpp][0m: Skipping file 141: /eos/user/e/evilla/dune/sn-tps/bkgs/BG_226_tpstream.root
30/10/2025 12:22:37 [32m[backtrack_tpstream.cpp][0m: Skipping file 142: /eos/user/e/evilla/dune/sn-tps/bkgs/BG_227_tpstream.root
30/10/2025 12:22:37 [32m[backtrack_tpstream.cpp][0m: Skipping file 143: /eos/user/e/evilla/dune/sn-tps/bkgs/BG_228_tpstream.root
30/10/2025 12:22:37 [32m[backtrack_tpstream.cpp][0m: Skipping file 144: /eos/user/e/evilla/dune/sn-tps/bkgs/BG_229_tpstream.root
30/10/2025 12:22:37 [32m[backtrack_tpstream.cpp][0m: Skipping file 145: /eos/user/e/evilla/dune/sn-tps/bkgs/BG_22_tpstream.root
30/10/2025 12:22:37 [32m[backtrack_tpstream.cpp][0m: Skipping file 146: /eos/user/e/evilla/dune/sn-tps/bkgs/BG_230_tpstream.root
30/10/2025 12:22:37 [32m[backtrack_tpstream.cpp][0m: Skipping file 147: /eos/user/e/evilla/dune/sn-tps/bkgs/BG_231_tpstream.root
30/10/2025 12:22:37 [32m[backtrack_tpstream.cpp][0m: Skipping file 148: /eos/user/e/evilla/dune/sn-tps/bkgs/BG_232_tpstream.root
30/10/2025 12:22:37 [32m[backtrack_tpstream.cpp][0m: Skipping file 149: /eos/user/e/evilla/dune/sn-tps/bkgs/BG_233_tpstream.root
30/10/2025 12:22:37 [32m[backtrack_tpstream.cpp][0m: Skipping file 150: /eos/user/e/evilla/dune/sn-tps/bkgs/BG_234_tpstream.root
30/10/2025 12:22:37 [32m[backtrack_tpstream.cpp][0m: Skipping file 151: /eos/user/e/evilla/dune/sn-tps/bkgs/BG_235_tpstream.root
30/10/2025 12:22:37 [32m[backtrack_tpstream.cpp][0m: Skipping file 152: /eos/user/e/evilla/dune/sn-tps/bkgs/BG_236_tpstream.root
30/10/2025 12:22:37 [32m[backtrack_tpstream.cpp][0m: Skipping file 153: /eos/user/e/evilla/dune/sn-tps/bkgs/BG_237_tpstream.root
30/10/2025 12:22:37 [32m[backtrack_tpstream.cpp][0m: Skipping file 154: /eos/user/e/evilla/dune/sn-tps/bkgs/BG_238_tpstream.root
30/10/2025 12:22:37 [32m[backtrack_tpstream.cpp][0m: Skipping file 155: /eos/user/e/evilla/dune/sn-tps/bkgs/BG_239_tpstream.root
30/10/2025 12:22:37 [32m[backtrack_tpstream.cpp][0m: Skipping file 156: /eos/user/e/evilla/dune/sn-tps/bkgs/BG_23_tpstream.root
30/10/2025 12:22:37 [32m[backtrack_tpstream.cpp][0m: Skipping file 157: /eos/user/e/evilla/dune/sn-tps/bkgs/BG_240_tpstream.root
30/10/2025 12:22:37 [32m[backtrack_tpstream.cpp][0m: Skipping file 158: /eos/user/e/evilla/dune/sn-tps/bkgs/BG_241_tpstream.root
30/10/2025 12:22:37 [32m[backtrack_tpstream.cpp][0m: Skipping file 159: /eos/user/e/evilla/dune/sn-tps/bkgs/BG_242_tpstream.root
30/10/2025 12:22:37 [32m[backtrack_tpstream.cpp][0m: Skipping file 160: /eos/user/e/evilla/dune/sn-tps/bkgs/BG_243_tpstream.root
30/10/2025 12:22:37 [32m[backtrack_tpstream.cpp][0m: Skipping file 161: /eos/user/e/evilla/dune/sn-tps/bkgs/BG_244_tpstream.root
30/10/2025 12:22:37 [32m[backtrack_tpstream.cpp][0m: Skipping file 162: /eos/user/e/evilla/dune/sn-tps/bkgs/BG_245_tpstream.root
30/10/2025 12:22:37 [32m[backtrack_tpstream.cpp][0m: Skipping file 163: /eos/user/e/evilla/dune/sn-tps/bkgs/BG_246_tpstream.root
30/10/2025 12:22:37 [32m[backtrack_tpstream.cpp][0m: Skipping file 164: /eos/user/e/evilla/dune/sn-tps/bkgs/BG_247_tpstream.root
30/10/2025 12:22:37 [32m[backtrack_tpstream.cpp][0m: Skipping file 165: /eos/user/e/evilla/dune/sn-tps/bkgs/BG_248_tpstream.root
30/10/2025 12:22:37 [32m[backtrack_tpstream.cpp][0m: Skipping file 166: /eos/user/e/evilla/dune/sn-tps/bkgs/BG_249_tpstream.root
30/10/2025 12:22:37 [32m[backtrack_tpstream.cpp][0m: Skipping file 167: /eos/user/e/evilla/dune/sn-tps/bkgs/BG_24_tpstream.root
30/10/2025 12:22:37 [32m[backtrack_tpstream.cpp][0m: Skipping file 168: /eos/user/e/evilla/dune/sn-tps/bkgs/BG_250_tpstream.root
30/10/2025 12:22:37 [32m[backtrack_tpstream.cpp][0m: Skipping file 169: /eos/user/e/evilla/dune/sn-tps/bkgs/BG_251_tpstream.root
30/10/2025 12:22:37 [32m[backtrack_tpstream.cpp][0m: Skipping file 170: /eos/user/e/evilla/dune/sn-tps/bkgs/BG_252_tpstream.root
30/10/2025 12:22:37 [32m[backtrack_tpstream.cpp][0m: Skipping file 171: /eos/user/e/evilla/dune/sn-tps/bkgs/BG_253_tpstream.root
30/10/2025 12:22:37 [32m[backtrack_tpstream.cpp][0m: Skipping file 172: /eos/user/e/evilla/dune/sn-tps/bkgs/BG_254_tpstream.root
30/10/2025 12:22:37 [32m[backtrack_tpstream.cpp][0m: Skipping file 173: /eos/user/e/evilla/dune/sn-tps/bkgs/BG_255_tpstream.root
30/10/2025 12:22:37 [32m[backtrack_tpstream.cpp][0m: Skipping file 174: /eos/user/e/evilla/dune/sn-tps/bkgs/BG_256_tpstream.root
30/10/2025 12:22:37 [32m[backtrack_tpstream.cpp][0m: Skipping file 175: /eos/user/e/evilla/dune/sn-tps/bkgs/BG_257_tpstream.root
30/10/2025 12:22:37 [32m[backtrack_tpstream.cpp][0m: Skipping file 176: /eos/user/e/evilla/dune/sn-tps/bkgs/BG_258_tpstream.root
30/10/2025 12:22:37 [32m[backtrack_tpstream.cpp][0m: Skipping file 177: /eos/user/e/evilla/dune/sn-tps/bkgs/BG_259_tpstream.root
30/10/2025 12:22:37 [32m[backtrack_tpstream.cpp][0m: Skipping file 178: /eos/user/e/evilla/dune/sn-tps/bkgs/BG_25_tpstream.root
30/10/2025 12:22:37 [32m[backtrack_tpstream.cpp][0m: Skipping file 179: /eos/user/e/evilla/dune/sn-tps/bkgs/BG_260_tpstream.root
30/10/2025 12:22:37 [32m[backtrack_tpstream.cpp][0m: Skipping file 180: /eos/user/e/evilla/dune/sn-tps/bkgs/BG_261_tpstream.root
30/10/2025 12:22:37 [32m[backtrack_tpstream.cpp][0m: Skipping file 181: /eos/user/e/evilla/dune/sn-tps/bkgs/BG_262_tpstream.root
30/10/2025 12:22:37 [32m[backtrack_tpstream.cpp][0m: Skipping file 182: /eos/user/e/evilla/dune/sn-tps/bkgs/BG_263_tpstream.root
30/10/2025 12:22:37 [32m[backtrack_tpstream.cpp][0m: Skipping file 183: /eos/user/e/evilla/dune/sn-tps/bkgs/BG_264_tpstream.root
30/10/2025 12:22:37 [32m[backtrack_tpstream.cpp][0m: Skipping file 184: /eos/user/e/evilla/dune/sn-tps/bkgs/BG_265_tpstream.root
30/10/2025 12:22:37 [32m[backtrack_tpstream.cpp][0m: Skipping file 185: /eos/user/e/evilla/dune/sn-tps/bkgs/BG_266_tpstream.root
30/10/2025 12:22:37 [32m[backtrack_tpstream.cpp][0m: Skipping file 186: /eos/user/e/evilla/dune/sn-tps/bkgs/BG_267_tpstream.root
30/10/2025 12:22:37 [32m[backtrack_tpstream.cpp][0m: Skipping file 187: /eos/user/e/evilla/dune/sn-tps/bkgs/BG_268_tpstream.root
30/10/2025 12:22:37 [32m[backtrack_tpstream.cpp][0m: Skipping file 188: /eos/user/e/evilla/dune/sn-tps/bkgs/BG_269_tpstream.root
30/10/2025 12:22:37 [32m[backtrack_tpstream.cpp][0m: Skipping file 189: /eos/user/e/evilla/dune/sn-tps/bkgs/BG_26_tpstream.root
30/10/2025 12:22:37 [32m[backtrack_tpstream.cpp][0m: Skipping file 190: /eos/user/e/evilla/dune/sn-tps/bkgs/BG_270_tpstream.root
30/10/2025 12:22:37 [32m[backtrack_tpstream.cpp][0m: Skipping file 191: /eos/user/e/evilla/dune/sn-tps/bkgs/BG_271_tpstream.root
30/10/2025 12:22:37 [32m[backtrack_tpstream.cpp][0m: Skipping file 192: /eos/user/e/evilla/dune/sn-tps/bkgs/BG_272_tpstream.root
30/10/2025 12:22:37 [32m[backtrack_tpstream.cpp][0m: Skipping file 193: /eos/user/e/evilla/dune/sn-tps/bkgs/BG_273_tpstream.root
30/10/2025 12:22:37 [32m[backtrack_tpstream.cpp][0m: Skipping file 194: /eos/user/e/evilla/dune/sn-tps/bkgs/BG_274_tpstream.root
30/10/2025 12:22:37 [32m[backtrack_tpstream.cpp][0m: Skipping file 195: /eos/user/e/evilla/dune/sn-tps/bkgs/BG_275_tpstream.root
30/10/2025 12:22:37 [32m[backtrack_tpstream.cpp][0m: Skipping file 196: /eos/user/e/evilla/dune/sn-tps/bkgs/BG_276_tpstream.root
30/10/2025 12:22:37 [32m[backtrack_tpstream.cpp][0m: Skipping file 197: /eos/user/e/evilla/dune/sn-tps/bkgs/BG_277_tpstream.root
30/10/2025 12:22:37 [32m[backtrack_tpstream.cpp][0m: Skipping file 198: /eos/user/e/evilla/dune/sn-tps/bkgs/BG_278_tpstream.root
30/10/2025 12:22:37 [32m[backtrack_tpstream.cpp][0m: Skipping file 199: /eos/user/e/evilla/dune/sn-tps/bkgs/BG_279_tpstream.root
30/10/2025 12:22:37 [32m[backtrack_tpstream.cpp][0m: Skipping file 200: /eos/user/e/evilla/dune/sn-tps/bkgs/BG_27_tpstream.root
30/10/2025 12:22:37 [32m[backtrack_tpstream.cpp][0m: Skipping file 201: /eos/user/e/evilla/dune/sn-tps/bkgs/BG_280_tpstream.root
30/10/2025 12:22:37 [32m[backtrack_tpstream.cpp][0m: Skipping file 202: /eos/user/e/evilla/dune/sn-tps/bkgs/BG_281_tpstream.root
30/10/2025 12:22:37 [32m[backtrack_tpstream.cpp][0m: Skipping file 203: /eos/user/e/evilla/dune/sn-tps/bkgs/BG_282_tpstream.root
30/10/2025 12:22:37 [32m[backtrack_tpstream.cpp][0m: Skipping file 204: /eos/user/e/evilla/dune/sn-tps/bkgs/BG_283_tpstream.root
30/10/2025 12:22:37 [32m[backtrack_tpstream.cpp][0m: Skipping file 205: /eos/user/e/evilla/dune/sn-tps/bkgs/BG_284_tpstream.root
30/10/2025 12:22:37 [32m[backtrack_tpstream.cpp][0m: Skipping file 206: /eos/user/e/evilla/dune/sn-tps/bkgs/BG_285_tpstream.root
30/10/2025 12:22:37 [32m[backtrack_tpstream.cpp][0m: Skipping file 207: /eos/user/e/evilla/dune/sn-tps/bkgs/BG_286_tpstream.root
30/10/2025 12:22:37 [32m[backtrack_tpstream.cpp][0m: Skipping file 208: /eos/user/e/evilla/dune/sn-tps/bkgs/BG_287_tpstream.root
30/10/2025 12:22:37 [32m[backtrack_tpstream.cpp][0m: Skipping file 209: /eos/user/e/evilla/dune/sn-tps/bkgs/BG_288_tpstream.root
30/10/2025 12:22:37 [32m[backtrack_tpstream.cpp][0m: Skipping file 210: /eos/user/e/evilla/dune/sn-tps/bkgs/BG_289_tpstream.root
30/10/2025 12:22:37 [32m[backtrack_tpstream.cpp][0m: Skipping file 211: /eos/user/e/evilla/dune/sn-tps/bkgs/BG_28_tpstream.root
30/10/2025 12:22:37 [32m[backtrack_tpstream.cpp][0m: Skipping file 212: /eos/user/e/evilla/dune/sn-tps/bkgs/BG_290_tpstream.root
30/10/2025 12:22:37 [32m[backtrack_tpstream.cpp][0m: Skipping file 213: /eos/user/e/evilla/dune/sn-tps/bkgs/BG_291_tpstream.root
30/10/2025 12:22:37 [32m[backtrack_tpstream.cpp][0m: Skipping file 214: /eos/user/e/evilla/dune/sn-tps/bkgs/BG_292_tpstream.root
30/10/2025 12:22:37 [32m[backtrack_tpstream.cpp][0m: Skipping file 215: /eos/user/e/evilla/dune/sn-tps/bkgs/BG_293_tpstream.root
30/10/2025 12:22:37 [32m[backtrack_tpstream.cpp][0m: Skipping file 216: /eos/user/e/evilla/dune/sn-tps/bkgs/BG_294_tpstream.root
30/10/2025 12:22:37 [32m[backtrack_tpstream.cpp][0m: Skipping file 217: /eos/user/e/evilla/dune/sn-tps/bkgs/BG_295_tpstream.root
30/10/2025 12:22:37 [32m[backtrack_tpstream.cpp][0m: Skipping file 218: /eos/user/e/evilla/dune/sn-tps/bkgs/BG_296_tpstream.root
30/10/2025 12:22:37 [32m[backtrack_tpstream.cpp][0m: Skipping file 219: /eos/user/e/evilla/dune/sn-tps/bkgs/BG_297_tpstream.root
30/10/2025 12:22:37 [32m[backtrack_tpstream.cpp][0m: Skipping file 220: /eos/user/e/evilla/dune/sn-tps/bkgs/BG_298_tpstream.root
30/10/2025 12:22:37 [32m[backtrack_tpstream.cpp][0m: Skipping file 221: /eos/user/e/evilla/dune/sn-tps/bkgs/BG_299_tpstream.root
30/10/2025 12:22:37 [32m[backtrack_tpstream.cpp][0m: Skipping file 222: /eos/user/e/evilla/dune/sn-tps/bkgs/BG_29_tpstream.root
30/10/2025 12:22:37 [32m[backtrack_tpstream.cpp][0m: Skipping file 223: /eos/user/e/evilla/dune/sn-tps/bkgs/BG_2_tpstream.root
30/10/2025 12:22:37 [32m[backtrack_tpstream.cpp][0m: Skipping file 224: /eos/user/e/evilla/dune/sn-tps/bkgs/BG_300_tpstream.root
30/10/2025 12:22:37 [32m[backtrack_tpstream.cpp][0m: Skipping file 225: /eos/user/e/evilla/dune/sn-tps/bkgs/BG_301_tpstream.root
30/10/2025 12:22:37 [32m[backtrack_tpstream.cpp][0m: Skipping file 226: /eos/user/e/evilla/dune/sn-tps/bkgs/BG_302_tpstream.root
30/10/2025 12:22:37 [32m[backtrack_tpstream.cpp][0m: Skipping file 227: /eos/user/e/evilla/dune/sn-tps/bkgs/BG_303_tpstream.root
30/10/2025 12:22:37 [32m[backtrack_tpstream.cpp][0m: Skipping file 228: /eos/user/e/evilla/dune/sn-tps/bkgs/BG_304_tpstream.root
30/10/2025 12:22:37 [32m[backtrack_tpstream.cpp][0m: Skipping file 229: /eos/user/e/evilla/dune/sn-tps/bkgs/BG_305_tpstream.root
30/10/2025 12:22:37 [32m[backtrack_tpstream.cpp][0m: Skipping file 230: /eos/user/e/evilla/dune/sn-tps/bkgs/BG_306_tpstream.root
30/10/2025 12:22:37 [32m[backtrack_tpstream.cpp][0m: Skipping file 231: /eos/user/e/evilla/dune/sn-tps/bkgs/BG_307_tpstream.root
30/10/2025 12:22:37 [32m[backtrack_tpstream.cpp][0m: Skipping file 232: /eos/user/e/evilla/dune/sn-tps/bkgs/BG_308_tpstream.root
30/10/2025 12:22:37 [32m[backtrack_tpstream.cpp][0m: Skipping file 233: /eos/user/e/evilla/dune/sn-tps/bkgs/BG_309_tpstream.root
30/10/2025 12:22:37 [32m[backtrack_tpstream.cpp][0m: Skipping file 234: /eos/user/e/evilla/dune/sn-tps/bkgs/BG_30_tpstream.root
30/10/2025 12:22:37 [32m[backtrack_tpstream.cpp][0m: Skipping file 235: /eos/user/e/evilla/dune/sn-tps/bkgs/BG_310_tpstream.root
30/10/2025 12:22:37 [32m[backtrack_tpstream.cpp][0m: Skipping file 236: /eos/user/e/evilla/dune/sn-tps/bkgs/BG_311_tpstream.root
30/10/2025 12:22:37 [32m[backtrack_tpstream.cpp][0m: Skipping file 237: /eos/user/e/evilla/dune/sn-tps/bkgs/BG_312_tpstream.root
30/10/2025 12:22:37 [32m[backtrack_tpstream.cpp][0m: Skipping file 238: /eos/user/e/evilla/dune/sn-tps/bkgs/BG_313_tpstream.root
30/10/2025 12:22:37 [32m[backtrack_tpstream.cpp][0m: Skipping file 239: /eos/user/e/evilla/dune/sn-tps/bkgs/BG_314_tpstream.root
30/10/2025 12:22:37 [32m[backtrack_tpstream.cpp][0m: Skipping file 240: /eos/user/e/evilla/dune/sn-tps/bkgs/BG_315_tpstream.root
Processing files...  10% (    1 it/s)
[1F[1K30/10/2025 12:22:42 [33m[Backtracking.cpp][0m: TriggerPrimitive version is not 2, be sure to have converted time_peak to samples_to_peak
Processing files...  20% (    0 it/s)
[1F[1KProcessing files...  30% (    0 it/s)
[1F[1KProcessing files...  40% (    0 it/s)
[1F[1KProcessing files...  50% (    0 it/s)
[1F[1KProcessing files...  60% (    0 it/s)
[1F[1KProcessing files...  70% (    0 it/s)
[1F[1KProcessing files...  80% (    0 it/s)
[1F[1KProcessing files...  90% (    0 it/s)
[1F[1KProcessing files... 100% (    0 it/s)
30/10/2025 12:46:48 [32m[backtrack_tpstream.cpp][0m: Reached max_files limit (10), stopping.
30/10/2025 12:46:48 [32m[backtrack_tpstream.cpp][0m: 
30/10/2025 12:46:48 [32m[backtrack_tpstream.cpp][0m: List of output files (10):
30/10/2025 12:46:48 [32m[backtrack_tpstream.cpp][0m:  - /eos/user/e/evilla/dune/sn-tps/bkgs//BG_316_tps.root
30/10/2025 12:46:48 [32m[backtrack_tpstream.cpp][0m:  - /eos/user/e/evilla/dune/sn-tps/bkgs//BG_317_tps.root
30/10/2025 12:46:48 [32m[backtrack_tpstream.cpp][0m:  - /eos/user/e/evilla/dune/sn-tps/bkgs//BG_318_tps.root
30/10/2025 12:46:48 [32m[backtrack_tpstream.cpp][0m:  - /eos/user/e/evilla/dune/sn-tps/bkgs//BG_319_tps.root
30/10/2025 12:46:48 [32m[backtrack_tpstream.cpp][0m:  - /eos/user/e/evilla/dune/sn-tps/bkgs//BG_31_tps.root
30/10/2025 12:46:48 [32m[backtrack_tpstream.cpp][0m:  - /eos/user/e/evilla/dune/sn-tps/bkgs//BG_320_tps.root
30/10/2025 12:46:48 [32m[backtrack_tpstream.cpp][0m:  - /eos/user/e/evilla/dune/sn-tps/bkgs//BG_321_tps.root
30/10/2025 12:46:48 [32m[backtrack_tpstream.cpp][0m:  - /eos/user/e/evilla/dune/sn-tps/bkgs//BG_322_tps.root
30/10/2025 12:46:48 [32m[backtrack_tpstream.cpp][0m:  - /eos/user/e/evilla/dune/sn-tps/bkgs//BG_323_tps.root
30/10/2025 12:46:48 [32m[backtrack_tpstream.cpp][0m:  - /eos/user/e/evilla/dune/sn-tps/bkgs//BG_324_tps.root

All requested steps completed, hopefully successfully.
