Home directory set from CLI to: /afs/cern.ch/work/e/evilla/private/dune/online-pointing-utils

init.sh script started
 Repository home is /afs/cern.ch/work/e/evilla/private/dune/online-pointing-utils
 Parameters directory is /afs/cern.ch/work/e/evilla/private/dune/online-pointing-utils/parameters
 Setting up environment for lxplus using /cvmfs/sft.cern.ch/lcg/views/LCG_106/x86_64-el9-gcc13-opt/setup.sh
 WARNING: python environment not found, not activating.
init.sh finished

**************************
Selected options:
Run backtrack:		true
Run analyze_tps:	false
Run add backgrounds:	false
Run make clusters:	false
Run analyze:		false
Run generate images:	false
Run generate volumes:	false
Run analyze volumes:	false
Clean clusters (no backgrounds):	false
No compile:		true
Clean compile:		false
Override:		true
**************************

**************************
Sample selected: .
Global json settings file provided: /afs/cern.ch/work/e/evilla/private/dune/online-pointing-utils/json/cc_fixed_myproc.json
**************************
 Looking for json settings using command: /afs/cern.ch/work/e/evilla/private/dune/online-pointing-utils/scripts/findSettings.sh -j /afs/cern.ch/work/e/evilla/private/dune/online-pointing-utils/json/cc_fixed_myproc.json
Global settings file found, full path is: /afs/cern.ch/work/e/evilla/private/dune/online-pointing-utils/json/cc_fixed_myproc.json 

Using this for all steps, overriding individual jsons.
Compiling the code with the following command:
/afs/cern.ch/work/e/evilla/private/dune/online-pointing-utils/scripts/compile.sh -p /afs/cern.ch/work/e/evilla/private/dune/online-pointing-utils --no-compile true --clean-compile false
Starting script /pool/condor/dir_3235139/sequence.sh
Environment is already initialized, not running init.sh again.
If it is not loaded properly, run export INIT_DONE=false and rerun init.sh
 Got home path as argument
  No compilation was requested. Stopping execution of this script.

Running backtrack step with command:
./scripts/backtrack.sh -j /afs/cern.ch/work/e/evilla/private/dune/online-pointing-utils/json/cc_fixed_myproc.json --no-compile -f true -v false -d false --max-files 100 --skip-files 0
Environment is already initialized, not running init.sh again.
If it is not loaded properly, run export INIT_DONE=false and rerun init.sh
 Looking for json settings using command: /afs/cern.ch/work/e/evilla/private/dune/online-pointing-utils/scripts/findSettings.sh -j /afs/cern.ch/work/e/evilla/private/dune/online-pointing-utils/json/cc_fixed_myproc.json
Settings file found, full path is: /afs/cern.ch/work/e/evilla/private/dune/online-pointing-utils/json/cc_fixed_myproc.json 

Compiling the code with the following command:
/afs/cern.ch/work/e/evilla/private/dune/online-pointing-utils/scripts/compile.sh -p /afs/cern.ch/work/e/evilla/private/dune/online-pointing-utils --no-compile true --clean-compile false
Starting script ./scripts/backtrack.sh
Environment is already initialized, not running init.sh again.
If it is not loaded properly, run export INIT_DONE=false and rerun init.sh
 Got home path as argument
  No compilation was requested. Stopping execution of this script.

Running: /afs/cern.ch/work/e/evilla/private/dune/online-pointing-utils/build//src/app/backtrack_tpstream -j /afs/cern.ch/work/e/evilla/private/dune/online-pointing-utils/json/cc_fixed_myproc.json --max-files 100 --skip-files 0 --override
30/10/2025 10:18:59 [32m[backtrack_tpstream.cpp][0m: > backtrack app - extract TPs and attach truth, writing *_tps_bktr<N>.root files (N: backtracker_error_margin).

30/10/2025 10:18:59 [32m[backtrack_tpstream.cpp][0m: Usage: 
30/10/2025 10:18:59 [32m[backtrack_tpstream.cpp][0m: ──────────── Main options ────────────
30/10/2025 10:18:59 [32m[backtrack_tpstream.cpp][0m: json {-j,--json}: JSON file containing the configuration (expected: 1 value)
30/10/2025 10:18:59 [32m[backtrack_tpstream.cpp][0m: outFolder {--output-folder}: Output folder path (default: data) (expected: 1 value)
30/10/2025 10:18:59 [32m[backtrack_tpstream.cpp][0m: inputFile {-i,--input-file}: Input file with list OR single ROOT file path (overrides JSON inputs) (expected: 1 value)
30/10/2025 10:18:59 [32m[backtrack_tpstream.cpp][0m: bktrMargin {--bktr-margin}: Override backtracker_error_margin (int) (expected: 1 value)
30/10/2025 10:18:59 [32m[backtrack_tpstream.cpp][0m: maxFiles {--max-files}: Maximum number of files to process (overrides JSON max_files) (expected: 1 value)
30/10/2025 10:18:59 [32m[backtrack_tpstream.cpp][0m: skipFiles {--skip-files}: Number of files to skip at start (overrides JSON skip_files) (expected: 1 value)
30/10/2025 10:18:59 [32m[backtrack_tpstream.cpp][0m: ──────────── Triggers ────────────
30/10/2025 10:18:59 [32m[backtrack_tpstream.cpp][0m: verboseMode {-v,--verbose}: Run in verbose mode (trigger)
30/10/2025 10:18:59 [32m[backtrack_tpstream.cpp][0m: debugMode {-d,--debug}: Run in debug mode (more detailed than verbose) (trigger)
30/10/2025 10:18:59 [32m[backtrack_tpstream.cpp][0m: overrideMode {-f,--override}: Force reprocessing even if output already exists (trigger)


30/10/2025 10:18:59 [32m[backtrack_tpstream.cpp][0m: Loading JSON config: /afs/cern.ch/work/e/evilla/private/dune/online-pointing-utils/json/cc_fixed_myproc.json
30/10/2025 10:18:59 [32m[backtrack_tpstream.cpp][0m: Using backtracker_error_margin: 10
30/10/2025 10:18:59 [32m[utils.cpp][0m: [find_input_files] Called with pattern: tpstream
30/10/2025 10:19:15 [32m[backtrack_tpstream.cpp][0m: Number of valid files: 4001
30/10/2025 10:19:15 [32m[backtrack_tpstream.cpp][0m: Max files (from CLI): 100
30/10/2025 10:19:15 [32m[backtrack_tpstream.cpp][0m: Number of files to skip at start (from CLI): 0
30/10/2025 10:19:15 [32m[backtrack_tpstream.cpp][0m: Output folder (pure signal TPs): /eos/user/e/evilla/dune/sn-tps/production_cc/fixed_tps/
30/10/2025 10:19:15 [32m[backtrack_tpstream.cpp][0m: Effective time window (TDC ticks): 352 (conversion_tdc_to_tpc=32)
30/10/2025 10:19:15 [32m[backtrack_tpstream.cpp][0m: Channel tolerance (channels): 0
Processing files...   1% (    0 it/s)
[1F[1KError: Backtrack step failed.
