Home directory set from CLI to: /afs/cern.ch/work/e/evilla/private/dune/online-pointing-utils

init.sh script started
 Repository home is /afs/cern.ch/work/e/evilla/private/dune/online-pointing-utils
 Parameters directory is /afs/cern.ch/work/e/evilla/private/dune/online-pointing-utils/parameters
 Setting up environment for lxplus using /cvmfs/sft.cern.ch/lcg/views/LCG_104/x86_64-el9-gcc11-opt/setup.sh
 WARNING: python environment not found, not activating.
init.sh finished

**************************
Selected options:
Run backtrack:		false
Run analyze_tps:	false
Run add backgrounds:	true
Run make clusters:	false
Run analyze:		false
Run generate images:	false
Run generate volumes:	false
Run analyze volumes:	false
Clean clusters (no backgrounds):	false
No compile:		true
Clean compile:		false
Override:		true
**************************

**************************
Sample selected: .
Global json settings file provided: /afs/cern.ch/work/e/evilla/private/dune/online-pointing-utils/json/bg_fixed_myproc.json
**************************
 Looking for json settings using command: /afs/cern.ch/work/e/evilla/private/dune/online-pointing-utils/scripts/findSettings.sh -j /afs/cern.ch/work/e/evilla/private/dune/online-pointing-utils/json/bg_fixed_myproc.json
Global settings file found, full path is: /afs/cern.ch/work/e/evilla/private/dune/online-pointing-utils/json/bg_fixed_myproc.json 

Using this for all steps, overriding individual jsons.
Compiling the code with the following command:
/afs/cern.ch/work/e/evilla/private/dune/online-pointing-utils/scripts/compile.sh -p /afs/cern.ch/work/e/evilla/private/dune/online-pointing-utils --no-compile true --clean-compile false
Starting script /pool/condor/dir_1739554/sequence.sh
Environment is already initialized, not running init.sh again.
If it is not loaded properly, run export INIT_DONE=false and rerun init.sh
 Got home path as argument
  No compilation was requested. Stopping execution of this script.

Running add backgrounds step with command:
/afs/cern.ch/work/e/evilla/private/dune/online-pointing-utils/scripts/add_backgrounds.sh -j /afs/cern.ch/work/e/evilla/private/dune/online-pointing-utils/json/bg_fixed_myproc.json --no-compile -f true -v false -d false --max-files 100 --skip-files 900
Environment is already initialized, not running init.sh again.
If it is not loaded properly, run export INIT_DONE=false and rerun init.sh
 Looking for json settings using command: /afs/cern.ch/work/e/evilla/private/dune/online-pointing-utils/scripts/findSettings.sh -j /afs/cern.ch/work/e/evilla/private/dune/online-pointing-utils/json/bg_fixed_myproc.json
Settings file found, full path is: /afs/cern.ch/work/e/evilla/private/dune/online-pointing-utils/json/bg_fixed_myproc.json 

Compiling the code with the following command:
/afs/cern.ch/work/e/evilla/private/dune/online-pointing-utils/scripts/compile.sh -p /afs/cern.ch/work/e/evilla/private/dune/online-pointing-utils --no-compile true --clean-compile
Starting script /afs/cern.ch/work/e/evilla/private/dune/online-pointing-utils/scripts/add_backgrounds.sh
Environment is already initialized, not running init.sh again.
If it is not loaded properly, run export INIT_DONE=false and rerun init.sh
 Got home path as argument
  No compilation was requested. Stopping execution of this script.

Running: /afs/cern.ch/work/e/evilla/private/dune/online-pointing-utils/build//src/app/add_backgrounds -j /afs/cern.ch/work/e/evilla/private/dune/online-pointing-utils/json/bg_fixed_myproc.json -f
Error: Add backgrounds step failed.
