Home directory set from CLI to: /afs/cern.ch/work/e/evilla/private/dune/online-pointing-utils

init.sh script started
 Repository home is /afs/cern.ch/work/e/evilla/private/dune/online-pointing-utils
 Parameters directory is /afs/cern.ch/work/e/evilla/private/dune/online-pointing-utils/parameters
 Setting up environment for lxplus using /cvmfs/sft.cern.ch/lcg/views/LCG_104/x86_64-el9-gcc11-opt/setup.sh
 WARNING: python environment not found, not activating.
init.sh finished

**************************
Selected options:
Run backtrack:		false
Run analyze_tps:	false
Run add backgrounds:	true
Run make clusters:	false
Run analyze:		false
Run generate images:	false
Run generate volumes:	false
Run analyze volumes:	false
Clean clusters (no backgrounds):	false
No compile:		true
Clean compile:		false
Override:		true
**************************

**************************
Sample selected: .
Global json settings file provided: /afs/cern.ch/work/e/evilla/private/dune/online-pointing-utils/json/cc_fixed_myproc.json
**************************
 Looking for json settings using command: /afs/cern.ch/work/e/evilla/private/dune/online-pointing-utils/scripts/findSettings.sh -j /afs/cern.ch/work/e/evilla/private/dune/online-pointing-utils/json/cc_fixed_myproc.json
Global settings file found, full path is: /afs/cern.ch/work/e/evilla/private/dune/online-pointing-utils/json/cc_fixed_myproc.json 

Using this for all steps, overriding individual jsons.
Compiling the code with the following command:
/afs/cern.ch/work/e/evilla/private/dune/online-pointing-utils/scripts/compile.sh -p /afs/cern.ch/work/e/evilla/private/dune/online-pointing-utils --no-compile true --clean-compile false
Starting script /pool/condor/dir_2224188/sequence.sh
Environment is already initialized, not running init.sh again.
If it is not loaded properly, run export INIT_DONE=false and rerun init.sh
 Got home path as argument
  No compilation was requested. Stopping execution of this script.

Running add backgrounds step with command:
/afs/cern.ch/work/e/evilla/private/dune/online-pointing-utils/scripts/add_backgrounds.sh -j /afs/cern.ch/work/e/evilla/private/dune/online-pointing-utils/json/cc_fixed_myproc.json --no-compile -f true -v false -d false --max-files 20 --skip-files 3060
Environment is already initialized, not running init.sh again.
If it is not loaded properly, run export INIT_DONE=false and rerun init.sh
 Looking for json settings using command: /afs/cern.ch/work/e/evilla/private/dune/online-pointing-utils/scripts/findSettings.sh -j /afs/cern.ch/work/e/evilla/private/dune/online-pointing-utils/json/cc_fixed_myproc.json
Settings file found, full path is: /afs/cern.ch/work/e/evilla/private/dune/online-pointing-utils/json/cc_fixed_myproc.json 

Compiling the code with the following command:
/afs/cern.ch/work/e/evilla/private/dune/online-pointing-utils/scripts/compile.sh -p /afs/cern.ch/work/e/evilla/private/dune/online-pointing-utils --no-compile true --clean-compile
Starting script /afs/cern.ch/work/e/evilla/private/dune/online-pointing-utils/scripts/add_backgrounds.sh
Environment is already initialized, not running init.sh again.
If it is not loaded properly, run export INIT_DONE=false and rerun init.sh
 Got home path as argument
  No compilation was requested. Stopping execution of this script.

Running: /afs/cern.ch/work/e/evilla/private/dune/online-pointing-utils/build//src/app/add_backgrounds -j /afs/cern.ch/work/e/evilla/private/dune/online-pointing-utils/json/cc_fixed_myproc.json -f
30/10/2025 16:22:35 [32m[add_backgrounds.cpp][0m: > add_backgrounds app - Merge signal TPs with random background events, writing *_tps_bg.root files.

30/10/2025 16:22:35 [32m[add_backgrounds.cpp][0m: Usage: 
30/10/2025 16:22:35 [32m[add_backgrounds.cpp][0m: ──────────── Main options ────────────
30/10/2025 16:22:35 [32m[add_backgrounds.cpp][0m: json {-j,--json}: JSON file containing the configuration (expected: 1 value)
30/10/2025 16:22:35 [32m[add_backgrounds.cpp][0m: skip_files {-s,--skip}: Number of files to skip at start (overrides JSON) (expected: N values)
30/10/2025 16:22:35 [32m[add_backgrounds.cpp][0m: max_files {-m,--max}: Maximum number of files to process (overrides JSON) (expected: N values)
30/10/2025 16:22:35 [32m[add_backgrounds.cpp][0m: verboseMode {-v,--verbose}: Run in verbose mode (trigger)
30/10/2025 16:22:35 [32m[add_backgrounds.cpp][0m: debugMode {-d,--debug}: Run in debug mode (more detailed than verbose) (trigger)
30/10/2025 16:22:35 [32m[add_backgrounds.cpp][0m: override {-f,--override}: Override existing output files (trigger)


30/10/2025 16:22:35 [32m[add_backgrounds.cpp][0m: Number of files to skip at start: 0
30/10/2025 16:22:35 [32m[add_backgrounds.cpp][0m: Configuration:
30/10/2025 16:22:35 [32m[add_backgrounds.cpp][0m:  - Signal type: cc
30/10/2025 16:22:35 [32m[add_backgrounds.cpp][0m:  - Signal folder (pure signal TPs): /eos/user/e/evilla/dune/sn-tps/production_cc/fixed_tps/
30/10/2025 16:22:35 [32m[add_backgrounds.cpp][0m:  - Background folder (pure bg TPs): /eos/user/e/evilla/dune/sn-tps/bkgs/
30/10/2025 16:22:35 [32m[add_backgrounds.cpp][0m:  - Output folder (merged TPs): /eos/user/e/evilla/dune/sn-tps/production_cc/fixed_tps/bkgs/
30/10/2025 16:22:35 [32m[add_backgrounds.cpp][0m:  - Add backgrounds around vertex only: NO
30/10/2025 16:22:35 [32m[add_backgrounds.cpp][0m:  - Max files to process: unlimited
30/10/2025 16:22:35 [32m[utils.cpp][0m: [find_input_files] Called with pattern: sig
30/10/2025 16:23:35 [32m[add_backgrounds.cpp][0m: Found 3999 signal files
30/10/2025 16:23:35 [32m[utils.cpp][0m: [find_input_files] Called with pattern: bg
30/10/2025 16:28:08 [32m[add_backgrounds.cpp][0m: Found 346 background files
Adding backgrounds...   0% (    0 it/s)
[1F[1K30/10/2025 16:33:34 [31m[Clustering.cpp][0m: Cannot open: /eos/user/e/evilla/dune/sn-tps/bkgs/BG_154_tps.root
30/10/2025 16:33:34 [33m[add_backgrounds.cpp][0m: Background file /eos/user/e/evilla/dune/sn-tps/bkgs/BG_154_tps.root has no events!
30/10/2025 16:34:54 [31m[Clustering.cpp][0m: Cannot open: /eos/user/e/evilla/dune/sn-tps/bkgs/BG_157_tps.root
30/10/2025 16:34:54 [33m[add_backgrounds.cpp][0m: Background file /eos/user/e/evilla/dune/sn-tps/bkgs/BG_157_tps.root has no events!
30/10/2025 16:35:44 [31m[Clustering.cpp][0m: Cannot open: /eos/user/e/evilla/dune/sn-tps/bkgs/BG_158_tps.root
30/10/2025 16:35:44 [33m[add_backgrounds.cpp][0m: Background file /eos/user/e/evilla/dune/sn-tps/bkgs/BG_158_tps.root has no events!
30/10/2025 16:36:22 [31m[Clustering.cpp][0m: Cannot open: /eos/user/e/evilla/dune/sn-tps/bkgs/BG_159_tps.root
30/10/2025 16:36:22 [33m[add_backgrounds.cpp][0m: Background file /eos/user/e/evilla/dune/sn-tps/bkgs/BG_159_tps.root has no events!
30/10/2025 16:37:39 [31m[Clustering.cpp][0m: Cannot open: /eos/user/e/evilla/dune/sn-tps/production_cc/fixed_tps/prodmarley_nue_flat_cc_dune10kt_1x2x2_20250826T091326Z_gen_000002_supernova_g4_detsim_ana_2025-10-21T_095540Z_tps.root
30/10/2025 16:39:31 [31m[Backtracking.cpp][0m: Cannot create output file: /eos/user/e/evilla/dune/sn-tps/production_cc/fixed_tps/bkgs//prodmarley_nue_flat_cc_dune10kt_1x2x2_20250826T091326Z_gen_000002_supernova_g4_detsim_ana_2025-10-21T_095540Z_bg_tps.root
30/10/2025 16:41:36 [31m[Backtracking.cpp][0m: Cannot create output file: /eos/user/e/evilla/dune/sn-tps/production_cc/fixed_tps/bkgs//prodmarley_nue_flat_cc_dune10kt_1x2x2_20250826T091329Z_gen_000006_supernova_g4_detsim_ana_2025-10-21T_092153Z_bg_tps.root
30/10/2025 16:42:45 [31m[Backtracking.cpp][0m: Cannot create output file: /eos/user/e/evilla/dune/sn-tps/production_cc/fixed_tps/bkgs//prodmarley_nue_flat_cc_dune10kt_1x2x2_20250826T091332Z_gen_000007_supernova_g4_detsim_ana_2025-10-21T_092156Z_bg_tps.root
30/10/2025 16:42:49 [31m[Backtracking.cpp][0m: Cannot create output file: /eos/user/e/evilla/dune/sn-tps/production_cc/fixed_tps/bkgs//prodmarley_nue_flat_cc_dune10kt_1x2x2_20250826T091334Z_gen_000008_supernova_g4_detsim_ana_2025-10-21T_094318Z_bg_tps.root
30/10/2025 16:42:51 [31m[Backtracking.cpp][0m: Cannot create output file: /eos/user/e/evilla/dune/sn-tps/production_cc/fixed_tps/bkgs//prodmarley_nue_flat_cc_dune10kt_1x2x2_20250826T091335Z_gen_000010_supernova_g4_detsim_ana_2025-10-21T_094314Z_bg_tps.root
30/10/2025 16:42:54 [31m[Backtracking.cpp][0m: Cannot create output file: /eos/user/e/evilla/dune/sn-tps/production_cc/fixed_tps/bkgs//prodmarley_nue_flat_cc_dune10kt_1x2x2_20250826T091335Z_gen_000012_supernova_g4_detsim_ana_2025-10-21T_085048Z_bg_tps.root
30/10/2025 16:42:55 [31m[Backtracking.cpp][0m: Cannot create output file: /eos/user/e/evilla/dune/sn-tps/production_cc/fixed_tps/bkgs//prodmarley_nue_flat_cc_dune10kt_1x2x2_20250826T091336Z_gen_000013_supernova_g4_detsim_ana_2025-10-21T_085303Z_bg_tps.root
30/10/2025 16:42:59 [31m[Backtracking.cpp][0m: Cannot create output file: /eos/user/e/evilla/dune/sn-tps/production_cc/fixed_tps/bkgs//prodmarley_nue_flat_cc_dune10kt_1x2x2_20250826T091337Z_gen_000014_supernova_g4_detsim_ana_2025-10-21T_085320Z_bg_tps.root
30/10/2025 16:43:01 [31m[Backtracking.cpp][0m: Cannot create output file: /eos/user/e/evilla/dune/sn-tps/production_cc/fixed_tps/bkgs//prodmarley_nue_flat_cc_dune10kt_1x2x2_20250826T091337Z_gen_000015_supernova_g4_detsim_ana_2025-10-21T_094329Z_bg_tps.root
30/10/2025 16:43:10 [31m[Backtracking.cpp][0m: Cannot create output file: /eos/user/e/evilla/dune/sn-tps/production_cc/fixed_tps/bkgs//prodmarley_nue_flat_cc_dune10kt_1x2x2_20250826T091338Z_gen_000016_supernova_g4_detsim_ana_2025-10-21T_092149Z_bg_tps.root
30/10/2025 16:43:17 [31m[Backtracking.cpp][0m: Cannot create output file: /eos/user/e/evilla/dune/sn-tps/production_cc/fixed_tps/bkgs//prodmarley_nue_flat_cc_dune10kt_1x2x2_20250826T091339Z_gen_000017_supernova_g4_detsim_ana_2025-10-21T_092202Z_bg_tps.root
30/10/2025 16:43:21 [31m[Backtracking.cpp][0m: Cannot create output file: /eos/user/e/evilla/dune/sn-tps/production_cc/fixed_tps/bkgs//prodmarley_nue_flat_cc_dune10kt_1x2x2_20250826T091340Z_gen_000018_supernova_g4_detsim_ana_2025-10-21T_094325Z_bg_tps.root
30/10/2025 16:43:23 [31m[Backtracking.cpp][0m: Cannot create output file: /eos/user/e/evilla/dune/sn-tps/production_cc/fixed_tps/bkgs//prodmarley_nue_flat_cc_dune10kt_1x2x2_20250826T091341Z_gen_000019_supernova_g4_detsim_ana_2025-10-21T_094331Z_bg_tps.root
Adding backgrounds...   1% (    0 it/s)
[1F[1K30/10/2025 16:44:48 [31m[Backtracking.cpp][0m: Cannot create output file: /eos/user/e/evilla/dune/sn-tps/production_cc/fixed_tps/bkgs//prodmarley_nue_flat_cc_dune10kt_1x2x2_20250826T091352Z_gen_000032_supernova_g4_detsim_ana_2025-10-21T_092209Z_bg_tps.root
30/10/2025 16:46:45 [31m[Backtracking.cpp][0m: Cannot create output file: /eos/user/e/evilla/dune/sn-tps/production_cc/fixed_tps/bkgs//prodmarley_nue_flat_cc_dune10kt_1x2x2_20250826T091353Z_gen_000037_supernova_g4_detsim_ana_2025-10-21T_094247Z_bg_tps.root
30/10/2025 16:46:47 [31m[Backtracking.cpp][0m: Cannot create output file: /eos/user/e/evilla/dune/sn-tps/production_cc/fixed_tps/bkgs//prodmarley_nue_flat_cc_dune10kt_1x2x2_20250826T091354Z_gen_000038_supernova_g4_detsim_ana_2025-10-21T_094246Z_bg_tps.root
30/10/2025 16:47:03 [31m[Backtracking.cpp][0m: Cannot create output file: /eos/user/e/evilla/dune/sn-tps/production_cc/fixed_tps/bkgs//prodmarley_nue_flat_cc_dune10kt_1x2x2_20250826T091355Z_gen_000041_supernova_g4_detsim_ana_2025-10-21T_091351Z_bg_tps.root
30/10/2025 16:47:05 [31m[Backtracking.cpp][0m: Cannot create output file: /eos/user/e/evilla/dune/sn-tps/production_cc/fixed_tps/bkgs//prodmarley_nue_flat_cc_dune10kt_1x2x2_20250826T091355Z_gen_000042_supernova_g4_detsim_ana_2025-10-21T_095610Z_bg_tps.root
30/10/2025 16:47:07 [31m[Backtracking.cpp][0m: Cannot create output file: /eos/user/e/evilla/dune/sn-tps/production_cc/fixed_tps/bkgs//prodmarley_nue_flat_cc_dune10kt_1x2x2_20250826T091356Z_gen_000043_supernova_g4_detsim_ana_2025-10-21T_095551Z_bg_tps.root
30/10/2025 16:47:18 [31m[Backtracking.cpp][0m: Cannot create output file: /eos/user/e/evilla/dune/sn-tps/production_cc/fixed_tps/bkgs//prodmarley_nue_flat_cc_dune10kt_1x2x2_20250826T091356Z_gen_000045_supernova_g4_detsim_ana_2025-10-21T_092134Z_bg_tps.root
30/10/2025 16:48:36 [31m[Backtracking.cpp][0m: Cannot create output file: /eos/user/e/evilla/dune/sn-tps/production_cc/fixed_tps/bkgs//prodmarley_nue_flat_cc_dune10kt_1x2x2_20250826T091358Z_gen_000047_supernova_g4_detsim_ana_2025-10-21T_091337Z_bg_tps.root
30/10/2025 16:49:35 [31m[Backtracking.cpp][0m: Cannot create output file: /eos/user/e/evilla/dune/sn-tps/production_cc/fixed_tps/bkgs//prodmarley_nue_flat_cc_dune10kt_1x2x2_20250826T091359Z_gen_000049_supernova_g4_detsim_ana_2025-10-21T_091311Z_bg_tps.root
30/10/2025 16:49:43 [31m[Backtracking.cpp][0m: Cannot create output file: /eos/user/e/evilla/dune/sn-tps/production_cc/fixed_tps/bkgs//prodmarley_nue_flat_cc_dune10kt_1x2x2_20250826T091401Z_gen_000051_supernova_g4_detsim_ana_2025-10-21T_091328Z_bg_tps.root
30/10/2025 16:50:54 [31m[Backtracking.cpp][0m: Cannot create output file: /eos/user/e/evilla/dune/sn-tps/production_cc/fixed_tps/bkgs//prodmarley_nue_flat_cc_dune10kt_1x2x2_20250826T091402Z_gen_000054_supernova_g4_detsim_ana_2025-10-21T_095548Z_bg_tps.root
30/10/2025 16:51:13 [31m[Backtracking.cpp][0m: Cannot create output file: /eos/user/e/evilla/dune/sn-tps/production_cc/fixed_tps/bkgs//prodmarley_nue_flat_cc_dune10kt_1x2x2_20250826T091404Z_gen_000055_supernova_g4_detsim_ana_2025-10-21T_091445Z_bg_tps.root
30/10/2025 16:51:54 [31m[Backtracking.cpp][0m: Cannot create output file: /eos/user/e/evilla/dune/sn-tps/production_cc/fixed_tps/bkgs//prodmarley_nue_flat_cc_dune10kt_1x2x2_20250826T091408Z_gen_000064_supernova_g4_detsim_ana_2025-10-21T_095603Z_bg_tps.root
30/10/2025 16:52:01 [31m[Backtracking.cpp][0m: Cannot create output file: /eos/user/e/evilla/dune/sn-tps/production_cc/fixed_tps/bkgs//prodmarley_nue_flat_cc_dune10kt_1x2x2_20250826T091410Z_gen_000066_supernova_g4_detsim_ana_2025-10-21T_095553Z_bg_tps.root
30/10/2025 16:52:13 [31m[Backtracking.cpp][0m: Cannot create output file: /eos/user/e/evilla/dune/sn-tps/production_cc/fixed_tps/bkgs//prodmarley_nue_flat_cc_dune10kt_1x2x2_20250826T091411Z_gen_000069_supernova_g4_detsim_ana_2025-10-21T_085756Z_bg_tps.root
Adding backgrounds...   2% (    0 it/s)
[1F[1K30/10/2025 16:53:14 [31m[Backtracking.cpp][0m: Cannot create output file: /eos/user/e/evilla/dune/sn-tps/production_cc/fixed_tps/bkgs//prodmarley_nue_flat_cc_dune10kt_1x2x2_20250826T091411Z_gen_000071_supernova_g4_detsim_ana_2025-10-21T_085058Z_bg_tps.root
30/10/2025 16:54:06 [31m[Backtracking.cpp][0m: Cannot create output file: /eos/user/e/evilla/dune/sn-tps/production_cc/fixed_tps/bkgs//prodmarley_nue_flat_cc_dune10kt_1x2x2_20250826T091416Z_gen_000079_supernova_g4_detsim_ana_2025-10-21T_094340Z_bg_tps.root
30/10/2025 16:54:14 [31m[Backtracking.cpp][0m: Cannot create output file: /eos/user/e/evilla/dune/sn-tps/production_cc/fixed_tps/bkgs//prodmarley_nue_flat_cc_dune10kt_1x2x2_20250826T091418Z_gen_000081_supernova_g4_detsim_ana_2025-10-21T_094250Z_bg_tps.root
30/10/2025 16:55:36 [31m[Backtracking.cpp][0m: Cannot create output file: /eos/user/e/evilla/dune/sn-tps/production_cc/fixed_tps/bkgs//prodmarley_nue_flat_cc_dune10kt_1x2x2_20250826T091420Z_gen_000084_supernova_g4_detsim_ana_2025-10-21T_095617Z_bg_tps.root
30/10/2025 16:55:38 [31m[Backtracking.cpp][0m: Cannot create output file: /eos/user/e/evilla/dune/sn-tps/production_cc/fixed_tps/bkgs//prodmarley_nue_flat_cc_dune10kt_1x2x2_20250826T091421Z_gen_000086_supernova_g4_detsim_ana_2025-10-21T_085157Z_bg_tps.root
30/10/2025 16:55:40 [31m[Backtracking.cpp][0m: Cannot create output file: /eos/user/e/evilla/dune/sn-tps/production_cc/fixed_tps/bkgs//prodmarley_nue_flat_cc_dune10kt_1x2x2_20250826T091421Z_gen_000087_supernova_g4_detsim_ana_2025-10-21T_094238Z_bg_tps.root
30/10/2025 16:57:10 [31m[Backtracking.cpp][0m: Cannot create output file: /eos/user/e/evilla/dune/sn-tps/production_cc/fixed_tps/bkgs//prodmarley_nue_flat_cc_dune10kt_1x2x2_20250826T091421Z_gen_000088_supernova_g4_detsim_ana_2025-10-21T_085128Z_bg_tps.root
30/10/2025 16:59:20 [31m[Backtracking.cpp][0m: Cannot create output file: /eos/user/e/evilla/dune/sn-tps/production_cc/fixed_tps/bkgs//prodmarley_nue_flat_cc_dune10kt_1x2x2_20250826T091424Z_gen_000097_supernova_g4_detsim_ana_2025-10-21T_094328Z_bg_tps.root
30/10/2025 16:59:24 [31m[Backtracking.cpp][0m: Cannot create output file: /eos/user/e/evilla/dune/sn-tps/production_cc/fixed_tps/bkgs//prodmarley_nue_flat_cc_dune10kt_1x2x2_20250826T091424Z_gen_000098_supernova_g4_detsim_ana_2025-10-21T_085128Z_bg_tps.root
30/10/2025 16:59:30 [31m[Backtracking.cpp][0m: Cannot create output file: /eos/user/e/evilla/dune/sn-tps/production_cc/fixed_tps/bkgs//prodmarley_nue_flat_cc_dune10kt_1x2x2_20250826T091426Z_gen_000100_supernova_g4_detsim_ana_2025-10-21T_094323Z_bg_tps.root
30/10/2025 16:59:38 [31m[Backtracking.cpp][0m: Cannot create output file: /eos/user/e/evilla/dune/sn-tps/production_cc/fixed_tps/bkgs//prodmarley_nue_flat_cc_dune10kt_1x2x2_20250826T091427Z_gen_000102_supernova_g4_detsim_ana_2025-10-21T_094334Z_bg_tps.root
30/10/2025 17:00:52 [31m[Backtracking.cpp][0m: Cannot create output file: /eos/user/e/evilla/dune/sn-tps/production_cc/fixed_tps/bkgs//prodmarley_nue_flat_cc_dune10kt_1x2x2_20250826T091427Z_gen_000104_supernova_g4_detsim_ana_2025-10-21T_091243Z_bg_tps.root
30/10/2025 17:03:02 [31m[Backtracking.cpp][0m: Cannot create output file: /eos/user/e/evilla/dune/sn-tps/production_cc/fixed_tps/bkgs//prodmarley_nue_flat_cc_dune10kt_1x2x2_20250826T091429Z_gen_000111_supernova_g4_detsim_ana_2025-10-21T_092132Z_bg_tps.root
30/10/2025 17:04:07 [31m[Backtracking.cpp][0m: Cannot create output file: /eos/user/e/evilla/dune/sn-tps/production_cc/fixed_tps/bkgs//prodmarley_nue_flat_cc_dune10kt_1x2x2_20250826T091433Z_gen_000113_supernova_g4_detsim_ana_2025-10-21T_095603Z_bg_tps.root
30/10/2025 17:04:47 [31m[Backtracking.cpp][0m: Cannot create output file: /eos/user/e/evilla/dune/sn-tps/production_cc/fixed_tps/bkgs//prodmarley_nue_flat_cc_dune10kt_1x2x2_20250826T091434Z_gen_000116_supernova_g4_detsim_ana_2025-10-21T_095529Z_bg_tps.root
30/10/2025 17:06:56 [31m[Backtracking.cpp][0m: Cannot create output file: /eos/user/e/evilla/dune/sn-tps/production_cc/fixed_tps/bkgs//prodmarley_nue_flat_cc_dune10kt_1x2x2_20250826T091435Z_gen_000118_supernova_g4_detsim_ana_2025-10-21T_094333Z_bg_tps.root
30/10/2025 17:07:00 [31m[Backtracking.cpp][0m: Cannot create output file: /eos/user/e/evilla/dune/sn-tps/production_cc/fixed_tps/bkgs//prodmarley_nue_flat_cc_dune10kt_1x2x2_20250826T091437Z_gen_000121_supernova_g4_detsim_ana_2025-10-21T_093113Z_bg_tps.root
Adding backgrounds...   3% (    0 it/s)
[1F[1K30/10/2025 17:07:06 [31m[Backtracking.cpp][0m: Cannot create output file: /eos/user/e/evilla/dune/sn-tps/production_cc/fixed_tps/bkgs//prodmarley_nue_flat_cc_dune10kt_1x2x2_20250826T091439Z_gen_000125_supernova_g4_detsim_ana_2025-10-21T_085054Z_bg_tps.root
30/10/2025 17:09:08 [31m[Backtracking.cpp][0m: Cannot create output file: /eos/user/e/evilla/dune/sn-tps/production_cc/fixed_tps/bkgs//prodmarley_nue_flat_cc_dune10kt_1x2x2_20250826T091446Z_gen_000128_supernova_g4_detsim_ana_2025-10-21T_092213Z_bg_tps.root
30/10/2025 17:09:30 [31m[Backtracking.cpp][0m: Cannot create output file: /eos/user/e/evilla/dune/sn-tps/production_cc/fixed_tps/bkgs//prodmarley_nue_flat_cc_dune10kt_1x2x2_20250826T091452Z_gen_000133_supernova_g4_detsim_ana_2025-10-21T_092140Z_bg_tps.root
30/10/2025 17:11:51 [31m[Backtracking.cpp][0m: Cannot create output file: /eos/user/e/evilla/dune/sn-tps/production_cc/fixed_tps/bkgs//prodmarley_nue_flat_cc_dune10kt_1x2x2_20250826T091502Z_gen_000144_supernova_g4_detsim_ana_2025-10-21T_092142Z_bg_tps.root
30/10/2025 17:12:55 [31m[Backtracking.cpp][0m: Cannot create output file: /eos/user/e/evilla/dune/sn-tps/production_cc/fixed_tps/bkgs//prodmarley_nue_flat_cc_dune10kt_1x2x2_20250826T091504Z_gen_000148_supernova_g4_detsim_ana_2025-10-21T_085743Z_bg_tps.root
30/10/2025 17:13:03 [31m[Backtracking.cpp][0m: Cannot create output file: /eos/user/e/evilla/dune/sn-tps/production_cc/fixed_tps/bkgs//prodmarley_nue_flat_cc_dune10kt_1x2x2_20250826T091506Z_gen_000150_supernova_g4_detsim_ana_2025-10-21T_092158Z_bg_tps.root
30/10/2025 17:13:05 [31m[Backtracking.cpp][0m: Cannot create output file: /eos/user/e/evilla/dune/sn-tps/production_cc/fixed_tps/bkgs//prodmarley_nue_flat_cc_dune10kt_1x2x2_20250826T091507Z_gen_000151_supernova_g4_detsim_ana_2025-10-21T_095527Z_bg_tps.root
30/10/2025 17:14:05 [31m[Backtracking.cpp][0m: Cannot create output file: /eos/user/e/evilla/dune/sn-tps/production_cc/fixed_tps/bkgs//prodmarley_nue_flat_cc_dune10kt_1x2x2_20250826T091510Z_gen_000155_supernova_g4_detsim_ana_2025-10-21T_091333Z_bg_tps.root
30/10/2025 17:16:13 [31m[Backtracking.cpp][0m: Cannot create output file: /eos/user/e/evilla/dune/sn-tps/production_cc/fixed_tps/bkgs//prodmarley_nue_flat_cc_dune10kt_1x2x2_20250826T091511Z_gen_000157_supernova_g4_detsim_ana_2025-10-21T_085754Z_bg_tps.root
30/10/2025 17:17:49 [31m[Backtracking.cpp][0m: Cannot create output file: /eos/user/e/evilla/dune/sn-tps/production_cc/fixed_tps/bkgs//prodmarley_nue_flat_cc_dune10kt_1x2x2_20250826T091513Z_gen_000159_supernova_g4_detsim_ana_2025-10-21T_092138Z_bg_tps.root
30/10/2025 17:17:51 [31m[Backtracking.cpp][0m: Cannot create output file: /eos/user/e/evilla/dune/sn-tps/production_cc/fixed_tps/bkgs//prodmarley_nue_flat_cc_dune10kt_1x2x2_20250826T091514Z_gen_000160_supernova_g4_detsim_ana_2025-10-21T_091406Z_bg_tps.root
30/10/2025 17:19:21 [31m[Backtracking.cpp][0m: Cannot create output file: /eos/user/e/evilla/dune/sn-tps/production_cc/fixed_tps/bkgs//prodmarley_nue_flat_cc_dune10kt_1x2x2_20250826T091516Z_gen_000164_supernova_g4_detsim_ana_2025-10-21T_095335Z_bg_tps.root
30/10/2025 17:19:24 [31m[Backtracking.cpp][0m: Cannot create output file: /eos/user/e/evilla/dune/sn-tps/production_cc/fixed_tps/bkgs//prodmarley_nue_flat_cc_dune10kt_1x2x2_20250826T091517Z_gen_000165_Error: Add backgrounds step failed.
