Home directory set from CLI to: /afs/cern.ch/work/e/evilla/private/dune/online-pointing-utils

init.sh script started
 Repository home is /afs/cern.ch/work/e/evilla/private/dune/online-pointing-utils
 Parameters directory is /afs/cern.ch/work/e/evilla/private/dune/online-pointing-utils/parameters
 Setting up environment for lxplus using /cvmfs/sft.cern.ch/lcg/views/LCG_105/x86_64-el9-gcc12-opt/setup.sh
 WARNING: python environment not found, not activating.
init.sh finished

**************************
Selected options:
Run backtrack:		true
Run analyze_tps:	false
Run add backgrounds:	false
Run make clusters:	false
Run analyze:		false
Run generate images:	false
Run generate volumes:	false
Run analyze volumes:	false
Clean clusters (no backgrounds):	false
No compile:		true
Clean compile:		false
Override:		true
**************************

**************************
Sample selected: .
Global json settings file provided: /afs/cern.ch/work/e/evilla/private/dune/online-pointing-utils/json/cc_fixed_myproc.json
**************************
 Looking for json settings using command: /afs/cern.ch/work/e/evilla/private/dune/online-pointing-utils/scripts/findSettings.sh -j /afs/cern.ch/work/e/evilla/private/dune/online-pointing-utils/json/cc_fixed_myproc.json
Global settings file found, full path is: /afs/cern.ch/work/e/evilla/private/dune/online-pointing-utils/json/cc_fixed_myproc.json 

Using this for all steps, overriding individual jsons.
Compiling the code with the following command:
/afs/cern.ch/work/e/evilla/private/dune/online-pointing-utils/scripts/compile.sh -p /afs/cern.ch/work/e/evilla/private/dune/online-pointing-utils --no-compile true --clean-compile false
Starting script /pool/condor/dir_3495683/sequence.sh
Environment is already initialized, not running init.sh again.
If it is not loaded properly, run export INIT_DONE=false and rerun init.sh
 Got home path as argument
  No compilation was requested. Stopping execution of this script.

Running backtrack step with command:
./scripts/backtrack.sh -j /afs/cern.ch/work/e/evilla/private/dune/online-pointing-utils/json/cc_fixed_myproc.json --no-compile -f true -v false -d false --max-files 100 --skip-files 200
Environment is already initialized, not running init.sh again.
If it is not loaded properly, run export INIT_DONE=false and rerun init.sh
 Looking for json settings using command: /afs/cern.ch/work/e/evilla/private/dune/online-pointing-utils/scripts/findSettings.sh -j /afs/cern.ch/work/e/evilla/private/dune/online-pointing-utils/json/cc_fixed_myproc.json
Settings file found, full path is: /afs/cern.ch/work/e/evilla/private/dune/online-pointing-utils/json/cc_fixed_myproc.json 

Compiling the code with the following command:
/afs/cern.ch/work/e/evilla/private/dune/online-pointing-utils/scripts/compile.sh -p /afs/cern.ch/work/e/evilla/private/dune/online-pointing-utils --no-compile true --clean-compile false
Starting script ./scripts/backtrack.sh
Environment is already initialized, not running init.sh again.
If it is not loaded properly, run export INIT_DONE=false and rerun init.sh
 Got home path as argument
  No compilation was requested. Stopping execution of this script.

Running: /afs/cern.ch/work/e/evilla/private/dune/online-pointing-utils/build//src/app/backtrack_tpstream -j /afs/cern.ch/work/e/evilla/private/dune/online-pointing-utils/json/cc_fixed_myproc.json --max-files 100 --skip-files 200 --override
30/10/2025 10:36:05 [32m[backtrack_tpstream.cpp][0m: > backtrack app - extract TPs and attach truth, writing *_tps_bktr<N>.root files (N: backtracker_error_margin).

30/10/2025 10:36:05 [32m[backtrack_tpstream.cpp][0m: Usage: 
30/10/2025 10:36:05 [32m[backtrack_tpstream.cpp][0m: ──────────── Main options ────────────
30/10/2025 10:36:05 [32m[backtrack_tpstream.cpp][0m: json {-j,--json}: JSON file containing the configuration (expected: 1 value)
30/10/2025 10:36:05 [32m[backtrack_tpstream.cpp][0m: outFolder {--output-folder}: Output folder path (default: data) (expected: 1 value)
30/10/2025 10:36:05 [32m[backtrack_tpstream.cpp][0m: inputFile {-i,--input-file}: Input file with list OR single ROOT file path (overrides JSON inputs) (expected: 1 value)
30/10/2025 10:36:05 [32m[backtrack_tpstream.cpp][0m: bktrMargin {--bktr-margin}: Override backtracker_error_margin (int) (expected: 1 value)
30/10/2025 10:36:05 [32m[backtrack_tpstream.cpp][0m: maxFiles {--max-files}: Maximum number of files to process (overrides JSON max_files) (expected: 1 value)
30/10/2025 10:36:05 [32m[backtrack_tpstream.cpp][0m: skipFiles {--skip-files}: Number of files to skip at start (overrides JSON skip_files) (expected: 1 value)
30/10/2025 10:36:05 [32m[backtrack_tpstream.cpp][0m: ──────────── Triggers ────────────
30/10/2025 10:36:05 [32m[backtrack_tpstream.cpp][0m: verboseMode {-v,--verbose}: Run in verbose mode (trigger)
30/10/2025 10:36:05 [32m[backtrack_tpstream.cpp][0m: debugMode {-d,--debug}: Run in debug mode (more detailed than verbose) (trigger)
30/10/2025 10:36:05 [32m[backtrack_tpstream.cpp][0m: overrideMode {-f,--override}: Force reprocessing even if output already exists (trigger)


30/10/2025 10:36:05 [32m[backtrack_tpstream.cpp][0m: Loading JSON config: /afs/cern.ch/work/e/evilla/private/dune/online-pointing-utils/json/cc_fixed_myproc.json
30/10/2025 10:36:05 [32m[backtrack_tpstream.cpp][0m: Using backtracker_error_margin: 10
30/10/2025 10:36:05 [32m[utils.cpp][0m: [find_input_files] Called with pattern: tpstream
30/10/2025 10:36:21 [32m[backtrack_tpstream.cpp][0m: Number of valid files: 4001
30/10/2025 10:36:21 [32m[backtrack_tpstream.cpp][0m: Max files (from CLI): 100
30/10/2025 10:36:21 [32m[backtrack_tpstream.cpp][0m: Number of files to skip at start (from CLI): 200
30/10/2025 10:36:21 [32m[backtrack_tpstream.cpp][0m: Output folder (pure signal TPs): /eos/user/e/evilla/dune/sn-tps/production_cc/fixed_tps/
30/10/2025 10:36:21 [32m[backtrack_tpstream.cpp][0m: Effective time window (TDC ticks): 352 (conversion_tdc_to_tpc=32)
30/10/2025 10:36:21 [32m[backtrack_tpstream.cpp][0m: Channel tolerance (channels): 0
30/10/2025 10:36:21 [32m[backtrack_tpstream.cpp][0m: Skipping file 1: /eos/user/e/evilla/dune/sn-tps/production_cc/prodmarley_nue_flat_cc_dune10kt_1x2x2_20250826T091326Z_gen_000001_supernova_g4_detsim_ana_2025-10-21T_092201Z_tpstream.root
30/10/2025 10:36:21 [32m[backtrack_tpstream.cpp][0m: Skipping file 2: /eos/user/e/evilla/dune/sn-tps/production_cc/prodmarley_nue_flat_cc_dune10kt_1x2x2_20250826T091326Z_gen_000002_supernova_g4_detsim_ana_2025-10-21T_095540Z_tpstream.root
30/10/2025 10:36:21 [32m[backtrack_tpstream.cpp][0m: Skipping file 3: /eos/user/e/evilla/dune/sn-tps/production_cc/prodmarley_nue_flat_cc_dune10kt_1x2x2_20250826T091329Z_gen_000004_supernova_g4_detsim_ana_2025-10-21T_092135Z_tpstream.root
30/10/2025 10:36:21 [32m[backtrack_tpstream.cpp][0m: Skipping file 4: /eos/user/e/evilla/dune/sn-tps/production_cc/prodmarley_nue_flat_cc_dune10kt_1x2x2_20250826T091329Z_gen_000005_supernova_g4_detsim_ana_2025-10-21T_094330Z_tpstream.root
30/10/2025 10:36:21 [32m[backtrack_tpstream.cpp][0m: Skipping file 5: /eos/user/e/evilla/dune/sn-tps/production_cc/prodmarley_nue_flat_cc_dune10kt_1x2x2_20250826T091329Z_gen_000006_supernova_g4_detsim_ana_2025-10-21T_092153Z_tpstream.root
30/10/2025 10:36:21 [32m[backtrack_tpstream.cpp][0m: Skipping file 6: /eos/user/e/evilla/dune/sn-tps/production_cc/prodmarley_nue_flat_cc_dune10kt_1x2x2_20250826T091332Z_gen_000007_supernova_g4_detsim_ana_2025-10-21T_092156Z_tpstream.root
30/10/2025 10:36:21 [32m[backtrack_tpstream.cpp][0m: Skipping file 7: /eos/user/e/evilla/dune/sn-tps/production_cc/prodmarley_nue_flat_cc_dune10kt_1x2x2_20250826T091334Z_gen_000008_supernova_g4_detsim_ana_2025-10-21T_094318Z_tpstream.root
30/10/2025 10:36:21 [32m[backtrack_tpstream.cpp][0m: Skipping file 8: /eos/user/e/evilla/dune/sn-tps/production_cc/prodmarley_nue_flat_cc_dune10kt_1x2x2_20250826T091335Z_gen_000010_supernova_g4_detsim_ana_2025-10-21T_094314Z_tpstream.root
30/10/2025 10:36:21 [32m[backtrack_tpstream.cpp][0m: Skipping file 9: /eos/user/e/evilla/dune/sn-tps/production_cc/prodmarley_nue_flat_cc_dune10kt_1x2x2_20250826T091335Z_gen_000012_supernova_g4_detsim_ana_2025-10-21T_085048Z_tpstream.root
30/10/2025 10:36:21 [32m[backtrack_tpstream.cpp][0m: Skipping file 10: /eos/user/e/evilla/dune/sn-tps/production_cc/prodmarley_nue_flat_cc_dune10kt_1x2x2_20250826T091336Z_gen_000013_supernova_g4_detsim_ana_2025-10-21T_085303Z_tpstream.root
30/10/2025 10:36:21 [32m[backtrack_tpstream.cpp][0m: Skipping file 11: /eos/user/e/evilla/dune/sn-tps/production_cc/prodmarley_nue_flat_cc_dune10kt_1x2x2_20250826T091337Z_gen_000014_supernova_g4_detsim_ana_2025-10-21T_085320Z_tpstream.root
30/10/2025 10:36:21 [32m[backtrack_tpstream.cpp][0m: Skipping file 12: /eos/user/e/evilla/dune/sn-tps/production_cc/prodmarley_nue_flat_cc_dune10kt_1x2x2_20250826T091337Z_gen_000015_supernova_g4_detsim_ana_2025-10-21T_094329Z_tpstream.root
30/10/2025 10:36:21 [32m[backtrack_tpstream.cpp][0m: Skipping file 13: /eos/user/e/evilla/dune/sn-tps/production_cc/prodmarley_nue_flat_cc_dune10kt_1x2x2_20250826T091338Z_gen_000016_supernova_g4_detsim_ana_2025-10-21T_092149Z_tpstream.root
30/10/2025 10:36:21 [32m[backtrack_tpstream.cpp][0m: Skipping file 14: /eos/user/e/evilla/dune/sn-tps/production_cc/prodmarley_nue_flat_cc_dune10kt_1x2x2_20250826T091339Z_gen_000017_supernova_g4_detsim_ana_2025-10-21T_092202Z_tpstream.root
30/10/2025 10:36:21 [32m[backtrack_tpstream.cpp][0m: Skipping file 15: /eos/user/e/evilla/dune/sn-tps/production_cc/prodmarley_nue_flat_cc_dune10kt_1x2x2_20250826T091340Z_gen_000018_supernova_g4_detsim_ana_2025-10-21T_094325Z_tpstream.root
30/10/2025 10:36:21 [32m[backtrack_tpstream.cpp][0m: Skipping file 16: /eos/user/e/evilla/dune/sn-tps/production_cc/prodmarley_nue_flat_cc_dune10kt_1x2x2_20250826T091341Z_gen_000019_supernova_g4_detsim_ana_2025-10-21T_094331Z_tpstream.root
30/10/2025 10:36:21 [32m[backtrack_tpstream.cpp][0m: Skipping file 17: /eos/user/e/evilla/dune/sn-tps/production_cc/prodmarley_nue_flat_cc_dune10kt_1x2x2_20250826T091341Z_gen_000021_supernova_g4_detsim_ana_2025-10-21T_092153Z_tpstream.root
30/10/2025 10:36:21 [32m[backtrack_tpstream.cpp][0m: Skipping file 18: /eos/user/e/evilla/dune/sn-tps/production_cc/prodmarley_nue_flat_cc_dune10kt_1x2x2_20250826T091343Z_gen_000023_supernova_g4_detsim_ana_2025-10-21T_094328Z_tpstream.root
30/10/2025 10:36:21 [32m[backtrack_tpstream.cpp][0m: Skipping file 19: /eos/user/e/evilla/dune/sn-tps/production_cc/prodmarley_nue_flat_cc_dune10kt_1x2x2_20250826T091344Z_gen_000024_supernova_g4_detsim_ana_2025-10-21T_085343Z_tpstream.root
30/10/2025 10:36:21 [32m[backtrack_tpstream.cpp][0m: Skipping file 20: /eos/user/e/evilla/dune/sn-tps/production_cc/prodmarley_nue_flat_cc_dune10kt_1x2x2_20250826T091345Z_gen_000025_supernova_g4_detsim_ana_2025-10-21T_091401Z_tpstream.root
30/10/2025 10:36:21 [32m[backtrack_tpstream.cpp][0m: Skipping file 21: /eos/user/e/evilla/dune/sn-tps/production_cc/prodmarley_nue_flat_cc_dune10kt_1x2x2_20250826T091345Z_gen_000026_supernova_g4_detsim_ana_2025-10-21T_092136Z_tpstream.root
30/10/2025 10:36:21 [32m[backtrack_tpstream.cpp][0m: Skipping file 22: /eos/user/e/evilla/dune/sn-tps/production_cc/prodmarley_nue_flat_cc_dune10kt_1x2x2_20250826T091346Z_gen_000028_supernova_g4_detsim_ana_2025-10-21T_091420Z_tpstream.root
30/10/2025 10:36:21 [32m[backtrack_tpstream.cpp][0m: Skipping file 23: /eos/user/e/evilla/dune/sn-tps/production_cc/prodmarley_nue_flat_cc_dune10kt_1x2x2_20250826T091349Z_gen_000029_supernova_g4_detsim_ana_2025-10-21T_092126Z_tpstream.root
30/10/2025 10:36:21 [32m[backtrack_tpstream.cpp][0m: Skipping file 24: /eos/user/e/evilla/dune/sn-tps/production_cc/prodmarley_nue_flat_cc_dune10kt_1x2x2_20250826T091351Z_gen_000031_supernova_g4_detsim_ana_2025-10-21T_092121Z_tpstream.root
30/10/2025 10:36:21 [32m[backtrack_tpstream.cpp][0m: Skipping file 25: /eos/user/e/evilla/dune/sn-tps/production_cc/prodmarley_nue_flat_cc_dune10kt_1x2x2_20250826T091352Z_gen_000032_supernova_g4_detsim_ana_2025-10-21T_092209Z_tpstream.root
30/10/2025 10:36:21 [32m[backtrack_tpstream.cpp][0m: Skipping file 26: /eos/user/e/evilla/dune/sn-tps/production_cc/prodmarley_nue_flat_cc_dune10kt_1x2x2_20250826T091352Z_gen_000033_supernova_g4_detsim_ana_2025-10-21T_092125Z_tpstream.root
30/10/2025 10:36:21 [32m[backtrack_tpstream.cpp][0m: Skipping file 27: /eos/user/e/evilla/dune/sn-tps/production_cc/prodmarley_nue_flat_cc_dune10kt_1x2x2_20250826T091352Z_gen_000034_supernova_g4_detsim_ana_2025-10-21T_091454Z_tpstream.root
30/10/2025 10:36:21 [32m[backtrack_tpstream.cpp][0m: Skipping file 28: /eos/user/e/evilla/dune/sn-tps/production_cc/prodmarley_nue_flat_cc_dune10kt_1x2x2_20250826T091353Z_gen_000035_supernova_g4_detsim_ana_2025-10-21T_093113Z_tpstream.root
30/10/2025 10:36:21 [32m[backtrack_tpstream.cpp][0m: Skipping file 29: /eos/user/e/evilla/dune/sn-tps/production_cc/prodmarley_nue_flat_cc_dune10kt_1x2x2_20250826T091353Z_gen_000036_supernova_g4_detsim_ana_2025-10-21T_094323Z_tpstream.root
30/10/2025 10:36:21 [32m[backtrack_tpstream.cpp][0m: Skipping file 30: /eos/user/e/evilla/dune/sn-tps/production_cc/prodmarley_nue_flat_cc_dune10kt_1x2x2_20250826T091353Z_gen_000037_supernova_g4_detsim_ana_2025-10-21T_094247Z_tpstream.root
30/10/2025 10:36:21 [32m[backtrack_tpstream.cpp][0m: Skipping file 31: /eos/user/e/evilla/dune/sn-tps/production_cc/prodmarley_nue_flat_cc_dune10kt_1x2x2_20250826T091354Z_gen_000038_supernova_g4_detsim_ana_2025-10-21T_094246Z_tpstream.root
30/10/2025 10:36:21 [32m[backtrack_tpstream.cpp][0m: Skipping file 32: /eos/user/e/evilla/dune/sn-tps/production_cc/prodmarley_nue_flat_cc_dune10kt_1x2x2_20250826T091355Z_gen_000039_supernova_g4_detsim_ana_2025-10-21T_092132Z_tpstream.root
30/10/2025 10:36:21 [32m[backtrack_tpstream.cpp][0m: Skipping file 33: /eos/user/e/evilla/dune/sn-tps/production_cc/prodmarley_nue_flat_cc_dune10kt_1x2x2_20250826T091355Z_gen_000040_supernova_g4_detsim_ana_2025-10-21T_093117Z_tpstream.root
30/10/2025 10:36:21 [32m[backtrack_tpstream.cpp][0m: Skipping file 34: /eos/user/e/evilla/dune/sn-tps/production_cc/prodmarley_nue_flat_cc_dune10kt_1x2x2_20250826T091355Z_gen_000041_supernova_g4_detsim_ana_2025-10-21T_091351Z_tpstream.root
30/10/2025 10:36:21 [32m[backtrack_tpstream.cpp][0m: Skipping file 35: /eos/user/e/evilla/dune/sn-tps/production_cc/prodmarley_nue_flat_cc_dune10kt_1x2x2_20250826T091355Z_gen_000042_supernova_g4_detsim_ana_2025-10-21T_095610Z_tpstream.root
30/10/2025 10:36:21 [32m[backtrack_tpstream.cpp][0m: Skipping file 36: /eos/user/e/evilla/dune/sn-tps/production_cc/prodmarley_nue_flat_cc_dune10kt_1x2x2_20250826T091356Z_gen_000043_supernova_g4_detsim_ana_2025-10-21T_095551Z_tpstream.root
30/10/2025 10:36:21 [32m[backtrack_tpstream.cpp][0m: Skipping file 37: /eos/user/e/evilla/dune/sn-tps/production_cc/prodmarley_nue_flat_cc_dune10kt_1x2x2_20250826T091356Z_gen_000044_supernova_g4_detsim_ana_2025-10-21T_092143Z_tpstream.root
30/10/2025 10:36:21 [32m[backtrack_tpstream.cpp][0m: Skipping file 38: /eos/user/e/evilla/dune/sn-tps/production_cc/prodmarley_nue_flat_cc_dune10kt_1x2x2_20250826T091356Z_gen_000045_supernova_g4_detsim_ana_2025-10-21T_092134Z_tpstream.root
30/10/2025 10:36:21 [32m[backtrack_tpstream.cpp][0m: Skipping file 39: /eos/user/e/evilla/dune/sn-tps/production_cc/prodmarley_nue_flat_cc_dune10kt_1x2x2_20250826T091357Z_gen_000046_supernova_g4_detsim_ana_2025-10-21T_092158Z_tpstream.root
30/10/2025 10:36:21 [32m[backtrack_tpstream.cpp][0m: Skipping file 40: /eos/user/e/evilla/dune/sn-tps/production_cc/prodmarley_nue_flat_cc_dune10kt_1x2x2_20250826T091358Z_gen_000047_supernova_g4_detsim_ana_2025-10-21T_091337Z_tpstream.root
30/10/2025 10:36:21 [32m[backtrack_tpstream.cpp][0m: Skipping file 41: /eos/user/e/evilla/dune/sn-tps/production_cc/prodmarley_nue_flat_cc_dune10kt_1x2x2_20250826T091359Z_gen_000049_supernova_g4_detsim_ana_2025-10-21T_091311Z_tpstream.root
30/10/2025 10:36:21 [32m[backtrack_tpstream.cpp][0m: Skipping file 42: /eos/user/e/evilla/dune/sn-tps/production_cc/prodmarley_nue_flat_cc_dune10kt_1x2x2_20250826T091359Z_gen_000050_supernova_g4_detsim_ana_2025-10-21T_092154Z_tpstream.root
30/10/2025 10:36:21 [32m[backtrack_tpstream.cpp][0m: Skipping file 43: /eos/user/e/evilla/dune/sn-tps/production_cc/prodmarley_nue_flat_cc_dune10kt_1x2x2_20250826T091401Z_gen_000051_supernova_g4_detsim_ana_2025-10-21T_091328Z_tpstream.root
30/10/2025 10:36:21 [32m[backtrack_tpstream.cpp][0m: Skipping file 44: /eos/user/e/evilla/dune/sn-tps/production_cc/prodmarley_nue_flat_cc_dune10kt_1x2x2_20250826T091401Z_gen_000052_supernova_g4_detsim_ana_2025-10-21T_094240Z_tpstream.root
30/10/2025 10:36:21 [32m[backtrack_tpstream.cpp][0m: Skipping file 45: /eos/user/e/evilla/dune/sn-tps/production_cc/prodmarley_nue_flat_cc_dune10kt_1x2x2_20250826T091402Z_gen_000054_supernova_g4_detsim_ana_2025-10-21T_095548Z_tpstream.root
30/10/2025 10:36:21 [32m[backtrack_tpstream.cpp][0m: Skipping file 46: /eos/user/e/evilla/dune/sn-tps/production_cc/prodmarley_nue_flat_cc_dune10kt_1x2x2_20250826T091404Z_gen_000055_supernova_g4_detsim_ana_2025-10-21T_091445Z_tpstream.root
30/10/2025 10:36:21 [32m[backtrack_tpstream.cpp][0m: Skipping file 47: /eos/user/e/evilla/dune/sn-tps/production_cc/prodmarley_nue_flat_cc_dune10kt_1x2x2_20250826T091404Z_gen_000056_supernova_g4_detsim_ana_2025-10-21T_092148Z_tpstream.root
30/10/2025 10:36:21 [32m[backtrack_tpstream.cpp][0m: Skipping file 48: /eos/user/e/evilla/dune/sn-tps/production_cc/prodmarley_nue_flat_cc_dune10kt_1x2x2_20250826T091404Z_gen_000057_supernova_g4_detsim_ana_2025-10-21T_092129Z_tpstream.root
30/10/2025 10:36:21 [32m[backtrack_tpstream.cpp][0m: Skipping file 49: /eos/user/e/evilla/dune/sn-tps/production_cc/prodmarley_nue_flat_cc_dune10kt_1x2x2_20250826T091404Z_gen_000059_supernova_g4_detsim_ana_2025-10-21T_092134Z_tpstream.root
30/10/2025 10:36:21 [32m[backtrack_tpstream.cpp][0m: Skipping file 50: /eos/user/e/evilla/dune/sn-tps/production_cc/prodmarley_nue_flat_cc_dune10kt_1x2x2_20250826T091405Z_gen_000060_supernova_g4_detsim_ana_2025-10-21T_094332Z_tpstream.root
30/10/2025 10:36:21 [32m[backtrack_tpstream.cpp][0m: Skipping file 51: /eos/user/e/evilla/dune/sn-tps/production_cc/prodmarley_nue_flat_cc_dune10kt_1x2x2_20250826T091406Z_gen_000061_supernova_g4_detsim_ana_2025-10-21T_094320Z_tpstream.root
30/10/2025 10:36:21 [32m[backtrack_tpstream.cpp][0m: Skipping file 52: /eos/user/e/evilla/dune/sn-tps/production_cc/prodmarley_nue_flat_cc_dune10kt_1x2x2_20250826T091406Z_gen_000062_supernova_g4_detsim_ana_2025-10-21T_092204Z_tpstream.root
30/10/2025 10:36:21 [32m[backtrack_tpstream.cpp][0m: Skipping file 53: /eos/user/e/evilla/dune/sn-tps/production_cc/prodmarley_nue_flat_cc_dune10kt_1x2x2_20250826T091408Z_gen_000064_supernova_g4_detsim_ana_2025-10-21T_095603Z_tpstream.root
30/10/2025 10:36:21 [32m[backtrack_tpstream.cpp][0m: Skipping file 54: /eos/user/e/evilla/dune/sn-tps/production_cc/prodmarley_nue_flat_cc_dune10kt_1x2x2_20250826T091409Z_gen_000065_supernova_g4_detsim_ana_2025-10-21T_095531Z_tpstream.root
30/10/2025 10:36:21 [32m[backtrack_tpstream.cpp][0m: Skipping file 55: /eos/user/e/evilla/dune/sn-tps/production_cc/prodmarley_nue_flat_cc_dune10kt_1x2x2_20250826T091410Z_gen_000066_supernova_g4_detsim_ana_2025-10-21T_095553Z_tpstream.root
30/10/2025 10:36:21 [32m[backtrack_tpstream.cpp][0m: Skipping file 56: /eos/user/e/evilla/dune/sn-tps/production_cc/prodmarley_nue_flat_cc_dune10kt_1x2x2_20250826T091410Z_gen_000067_supernova_g4_detsim_ana_2025-10-21T_092110Z_tpstream.root
30/10/2025 10:36:21 [32m[backtrack_tpstream.cpp][0m: Skipping file 57: /eos/user/e/evilla/dune/sn-tps/production_cc/prodmarley_nue_flat_cc_dune10kt_1x2x2_20250826T091410Z_gen_000068_supernova_g4_detsim_ana_2025-10-21T_091336Z_tpstream.root
30/10/2025 10:36:21 [32m[backtrack_tpstream.cpp][0m: Skipping file 58: /eos/user/e/evilla/dune/sn-tps/production_cc/prodmarley_nue_flat_cc_dune10kt_1x2x2_20250826T091411Z_gen_000069_supernova_g4_detsim_ana_2025-10-21T_085756Z_tpstream.root
30/10/2025 10:36:21 [32m[backtrack_tpstream.cpp][0m: Skipping file 59: /eos/user/e/evilla/dune/sn-tps/production_cc/prodmarley_nue_flat_cc_dune10kt_1x2x2_20250826T091411Z_gen_000070_supernova_g4_detsim_ana_2025-10-21T_094314Z_tpstream.root
30/10/2025 10:36:21 [32m[backtrack_tpstream.cpp][0m: Skipping file 60: /eos/user/e/evilla/dune/sn-tps/production_cc/prodmarley_nue_flat_cc_dune10kt_1x2x2_20250826T091411Z_gen_000071_supernova_g4_detsim_ana_2025-10-21T_085058Z_tpstream.root
30/10/2025 10:36:21 [32m[backtrack_tpstream.cpp][0m: Skipping file 61: /eos/user/e/evilla/dune/sn-tps/production_cc/prodmarley_nue_flat_cc_dune10kt_1x2x2_20250826T091412Z_gen_000073_supernova_g4_detsim_ana_2025-10-21T_092151Z_tpstream.root
30/10/2025 10:36:21 [32m[backtrack_tpstream.cpp][0m: Skipping file 62: /eos/user/e/evilla/dune/sn-tps/production_cc/prodmarley_nue_flat_cc_dune10kt_1x2x2_20250826T091413Z_gen_000074_supernova_g4_detsim_ana_2025-10-21T_085253Z_tpstream.root
30/10/2025 10:36:21 [32m[backtrack_tpstream.cpp][0m: Skipping file 63: /eos/user/e/evilla/dune/sn-tps/production_cc/prodmarley_nue_flat_cc_dune10kt_1x2x2_20250826T091413Z_gen_000075_supernova_g4_detsim_ana_2025-10-21T_093111Z_tpstream.root
30/10/2025 10:36:21 [32m[backtrack_tpstream.cpp][0m: Skipping file 64: /eos/user/e/evilla/dune/sn-tps/production_cc/prodmarley_nue_flat_cc_dune10kt_1x2x2_20250826T091414Z_gen_000076_supernova_g4_detsim_ana_2025-10-21T_093112Z_tpstream.root
30/10/2025 10:36:21 [32m[backtrack_tpstream.cpp][0m: Skipping file 65: /eos/user/e/evilla/dune/sn-tps/production_cc/prodmarley_nue_flat_cc_dune10kt_1x2x2_20250826T091415Z_gen_000077_supernova_g4_detsim_ana_2025-10-21T_095605Z_tpstream.root
30/10/2025 10:36:21 [32m[backtrack_tpstream.cpp][0m: Skipping file 66: /eos/user/e/evilla/dune/sn-tps/production_cc/prodmarley_nue_flat_cc_dune10kt_1x2x2_20250826T091415Z_gen_000078_supernova_g4_detsim_ana_2025-10-21T_092155Z_tpstream.root
30/10/2025 10:36:21 [32m[backtrack_tpstream.cpp][0m: Skipping file 67: /eos/user/e/evilla/dune/sn-tps/production_cc/prodmarley_nue_flat_cc_dune10kt_1x2x2_20250826T091416Z_gen_000079_supernova_g4_detsim_ana_2025-10-21T_094340Z_tpstream.root
30/10/2025 10:36:21 [32m[backtrack_tpstream.cpp][0m: Skipping file 68: /eos/user/e/evilla/dune/sn-tps/production_cc/prodmarley_nue_flat_cc_dune10kt_1x2x2_20250826T091417Z_gen_000080_supernova_g4_detsim_ana_2025-10-21T_092159Z_tpstream.root
30/10/2025 10:36:21 [32m[backtrack_tpstream.cpp][0m: Skipping file 69: /eos/user/e/evilla/dune/sn-tps/production_cc/prodmarley_nue_flat_cc_dune10kt_1x2x2_20250826T091418Z_gen_000081_supernova_g4_detsim_ana_2025-10-21T_094250Z_tpstream.root
30/10/2025 10:36:21 [32m[backtrack_tpstream.cpp][0m: Skipping file 70: /eos/user/e/evilla/dune/sn-tps/production_cc/prodmarley_nue_flat_cc_dune10kt_1x2x2_20250826T091418Z_gen_000082_supernova_g4_detsim_ana_2025-10-21T_093107Z_tpstream.root
30/10/2025 10:36:21 [32m[backtrack_tpstream.cpp][0m: Skipping file 71: /eos/user/e/evilla/dune/sn-tps/production_cc/prodmarley_nue_flat_cc_dune10kt_1x2x2_20250826T091420Z_gen_000084_supernova_g4_detsim_ana_2025-10-21T_095617Z_tpstream.root
30/10/2025 10:36:21 [32m[backtrack_tpstream.cpp][0m: Skipping file 72: /eos/user/e/evilla/dune/sn-tps/production_cc/prodmarley_nue_flat_cc_dune10kt_1x2x2_20250826T091421Z_gen_000086_supernova_g4_detsim_ana_2025-10-21T_085157Z_tpstream.root
30/10/2025 10:36:21 [32m[backtrack_tpstream.cpp][0m: Skipping file 73: /eos/user/e/evilla/dune/sn-tps/production_cc/prodmarley_nue_flat_cc_dune10kt_1x2x2_20250826T091421Z_gen_000087_supernova_g4_detsim_ana_2025-10-21T_094238Z_tpstream.root
30/10/2025 10:36:21 [32m[backtrack_tpstream.cpp][0m: Skipping file 74: /eos/user/e/evilla/dune/sn-tps/production_cc/prodmarley_nue_flat_cc_dune10kt_1x2x2_20250826T091421Z_gen_000088_supernova_g4_detsim_ana_2025-10-21T_085128Z_tpstream.root
30/10/2025 10:36:21 [32m[backtrack_tpstream.cpp][0m: Skipping file 75: /eos/user/e/evilla/dune/sn-tps/production_cc/prodmarley_nue_flat_cc_dune10kt_1x2x2_20250826T091421Z_gen_000089_supernova_g4_detsim_ana_2025-10-21T_091414Z_tpstream.root
30/10/2025 10:36:21 [32m[backtrack_tpstream.cpp][0m: Skipping file 76: /eos/user/e/evilla/dune/sn-tps/production_cc/prodmarley_nue_flat_cc_dune10kt_1x2x2_20250826T091421Z_gen_000090_supernova_g4_detsim_ana_2025-10-21T_094331Z_tpstream.root
30/10/2025 10:36:21 [32m[backtrack_tpstream.cpp][0m: Skipping file 77: /eos/user/e/evilla/dune/sn-tps/production_cc/prodmarley_nue_flat_cc_dune10kt_1x2x2_20250826T091421Z_gen_000092_supernova_g4_detsim_ana_2025-10-21T_094327Z_tpstream.root
30/10/2025 10:36:21 [32m[backtrack_tpstream.cpp][0m: Skipping file 78: /eos/user/e/evilla/dune/sn-tps/production_cc/prodmarley_nue_flat_cc_dune10kt_1x2x2_20250826T091422Z_gen_000091_supernova_g4_detsim_ana_2025-10-21T_085739Z_tpstream.root
30/10/2025 10:36:21 [32m[backtrack_tpstream.cpp][0m: Skipping file 79: /eos/user/e/evilla/dune/sn-tps/production_cc/prodmarley_nue_flat_cc_dune10kt_1x2x2_20250826T091422Z_gen_000094_supernova_g4_detsim_ana_2025-10-21T_092213Z_tpstream.root
30/10/2025 10:36:21 [32m[backtrack_tpstream.cpp][0m: Skipping file 80: /eos/user/e/evilla/dune/sn-tps/production_cc/prodmarley_nue_flat_cc_dune10kt_1x2x2_20250826T091423Z_gen_000096_supernova_g4_detsim_ana_2025-10-21T_093125Z_tpstream.root
30/10/2025 10:36:21 [32m[backtrack_tpstream.cpp][0m: Skipping file 81: /eos/user/e/evilla/dune/sn-tps/production_cc/prodmarley_nue_flat_cc_dune10kt_1x2x2_20250826T091424Z_gen_000097_supernova_g4_detsim_ana_2025-10-21T_094328Z_tpstream.root
30/10/2025 10:36:21 [32m[backtrack_tpstream.cpp][0m: Skipping file 82: /eos/user/e/evilla/dune/sn-tps/production_cc/prodmarley_nue_flat_cc_dune10kt_1x2x2_20250826T091424Z_gen_000098_supernova_g4_detsim_ana_2025-10-21T_085128Z_tpstream.root
30/10/2025 10:36:21 [32m[backtrack_tpstream.cpp][0m: Skipping file 83: /eos/user/e/evilla/dune/sn-tps/production_cc/prodmarley_nue_flat_cc_dune10kt_1x2x2_20250826T091424Z_gen_000099_supernova_g4_detsim_ana_2025-10-21T_092202Z_tpstream.root
30/10/2025 10:36:21 [32m[backtrack_tpstream.cpp][0m: Skipping file 84: /eos/user/e/evilla/dune/sn-tps/production_cc/prodmarley_nue_flat_cc_dune10kt_1x2x2_20250826T091426Z_gen_000100_supernova_g4_detsim_ana_2025-10-21T_094323Z_tpstream.root
30/10/2025 10:36:21 [32m[backtrack_tpstream.cpp][0m: Skipping file 85: /eos/user/e/evilla/dune/sn-tps/production_cc/prodmarley_nue_flat_cc_dune10kt_1x2x2_20250826T091426Z_gen_000101_supernova_g4_detsim_ana_2025-10-21T_094257Z_tpstream.root
30/10/2025 10:36:21 [32m[backtrack_tpstream.cpp][0m: Skipping file 86: /eos/user/e/evilla/dune/sn-tps/production_cc/prodmarley_nue_flat_cc_dune10kt_1x2x2_20250826T091427Z_gen_000102_supernova_g4_detsim_ana_2025-10-21T_094334Z_tpstream.root
30/10/2025 10:36:21 [32m[backtrack_tpstream.cpp][0m: Skipping file 87: /eos/user/e/evilla/dune/sn-tps/production_cc/prodmarley_nue_flat_cc_dune10kt_1x2x2_20250826T091427Z_gen_000103_supernova_g4_detsim_ana_2025-10-21T_092208Z_tpstream.root
30/10/2025 10:36:21 [32m[backtrack_tpstream.cpp][0m: Skipping file 88: /eos/user/e/evilla/dune/sn-tps/production_cc/prodmarley_nue_flat_cc_dune10kt_1x2x2_20250826T091427Z_gen_000104_supernova_g4_detsim_ana_2025-10-21T_091243Z_tpstream.root
30/10/2025 10:36:21 [32m[backtrack_tpstream.cpp][0m: Skipping file 89: /eos/user/e/evilla/dune/sn-tps/production_cc/prodmarley_nue_flat_cc_dune10kt_1x2x2_20250826T091428Z_gen_000106_supernova_g4_detsim_ana_2025-10-21T_094331Z_tpstream.root
30/10/2025 10:36:21 [32m[backtrack_tpstream.cpp][0m: Skipping file 90: /eos/user/e/evilla/dune/sn-tps/production_cc/prodmarley_nue_flat_cc_dune10kt_1x2x2_20250826T091429Z_gen_000109_supernova_g4_detsim_ana_2025-10-21T_092208Z_tpstream.root
30/10/2025 10:36:21 [32m[backtrack_tpstream.cpp][0m: Skipping file 91: /eos/user/e/evilla/dune/sn-tps/production_cc/prodmarley_nue_flat_cc_dune10kt_1x2x2_20250826T091429Z_gen_000111_supernova_g4_detsim_ana_2025-10-21T_092132Z_tpstream.root
30/10/2025 10:36:21 [32m[backtrack_tpstream.cpp][0m: Skipping file 92: /eos/user/e/evilla/dune/sn-tps/production_cc/prodmarley_nue_flat_cc_dune10kt_1x2x2_20250826T091432Z_gen_000112_supernova_g4_detsim_ana_2025-10-21T_091337Z_tpstream.root
30/10/2025 10:36:21 [32m[backtrack_tpstream.cpp][0m: Skipping file 93: /eos/user/e/evilla/dune/sn-tps/production_cc/prodmarley_nue_flat_cc_dune10kt_1x2x2_20250826T091433Z_gen_000113_supernova_g4_detsim_ana_2025-10-21T_095603Z_tpstream.root
30/10/2025 10:36:21 [32m[backtrack_tpstream.cpp][0m: Skipping file 94: /eos/user/e/evilla/dune/sn-tps/production_cc/prodmarley_nue_flat_cc_dune10kt_1x2x2_20250826T091433Z_gen_000115_supernova_g4_detsim_ana_2025-10-21T_093122Z_tpstream.root
30/10/2025 10:36:21 [32m[backtrack_tpstream.cpp][0m: Skipping file 95: /eos/user/e/evilla/dune/sn-tps/production_cc/prodmarley_nue_flat_cc_dune10kt_1x2x2_20250826T091434Z_gen_000116_supernova_g4_detsim_ana_2025-10-21T_095529Z_tpstream.root
30/10/2025 10:36:21 [32m[backtrack_tpstream.cpp][0m: Skipping file 96: /eos/user/e/evilla/dune/sn-tps/production_cc/prodmarley_nue_flat_cc_dune10kt_1x2x2_20250826T091434Z_gen_000117_supernova_g4_detsim_ana_2025-10-21T_092207Z_tpstream.root
30/10/2025 10:36:21 [32m[backtrack_tpstream.cpp][0m: Skipping file 97: /eos/user/e/evilla/dune/sn-tps/production_cc/prodmarley_nue_flat_cc_dune10kt_1x2x2_20250826T091435Z_gen_000118_supernova_g4_detsim_ana_2025-10-21T_094333Z_tpstream.root
30/10/2025 10:36:21 [32m[backtrack_tpstream.cpp][0m: Skipping file 98: /eos/user/e/evilla/dune/sn-tps/production_cc/prodmarley_nue_flat_cc_dune10kt_1x2x2_20250826T091437Z_gen_000121_supernova_g4_detsim_ana_2025-10-21T_093113Z_tpstream.root
30/10/2025 10:36:21 [32m[backtrack_tpstream.cpp][0m: Skipping file 99: /eos/user/e/evilla/dune/sn-tps/production_cc/prodmarley_nue_flat_cc_dune10kt_1x2x2_20250826T091438Z_gen_000123_supernova_g4_detsim_ana_2025-10-21T_093109Z_tpstream.root
30/10/2025 10:36:21 [32m[backtrack_tpstream.cpp][0m: Skipping file 100: /eos/user/e/evilla/dune/sn-tps/production_cc/prodmarley_nue_flat_cc_dune10kt_1x2x2_20250826T091439Z_gen_000125_supernova_g4_detsim_ana_2025-10-21T_085054Z_tpstream.root
30/10/2025 10:36:21 [32m[backtrack_tpstream.cpp][0m: Skipping file 101: /eos/user/e/evilla/dune/sn-tps/production_cc/prodmarley_nue_flat_cc_dune10kt_1x2x2_20250826T091440Z_gen_000126_supernova_g4_detsim_ana_2025-10-21T_091457Z_tpstream.root
30/10/2025 10:36:21 [32m[backtrack_tpstream.cpp][0m: Skipping file 102: /eos/user/e/evilla/dune/sn-tps/production_cc/prodmarley_nue_flat_cc_dune10kt_1x2x2_20250826T091443Z_gen_000127_supernova_g4_detsim_ana_2025-10-21T_094334Z_tpstream.root
30/10/2025 10:36:21 [32m[backtrack_tpstream.cpp][0m: Skipping file 103: /eos/user/e/evilla/dune/sn-tps/production_cc/prodmarley_nue_flat_cc_dune10kt_1x2x2_20250826T091446Z_gen_000128_supernova_g4_detsim_ana_2025-10-21T_092213Z_tpstream.root
30/10/2025 10:36:21 [32m[backtrack_tpstream.cpp][0m: Skipping file 104: /eos/user/e/evilla/dune/sn-tps/production_cc/prodmarley_nue_flat_cc_dune10kt_1x2x2_20250826T091447Z_gen_000129_supernova_g4_detsim_ana_2025-10-21T_092113Z_tpstream.root
30/10/2025 10:36:21 [32m[backtrack_tpstream.cpp][0m: Skipping file 105: /eos/user/e/evilla/dune/sn-tps/production_cc/prodmarley_nue_flat_cc_dune10kt_1x2x2_20250826T091448Z_gen_000131_supernova_g4_detsim_ana_2025-10-21T_095546Z_tpstream.root
30/10/2025 10:36:21 [32m[backtrack_tpstream.cpp][0m: Skipping file 106: /eos/user/e/evilla/dune/sn-tps/production_cc/prodmarley_nue_flat_cc_dune10kt_1x2x2_20250826T091451Z_gen_000132_supernova_g4_detsim_ana_2025-10-21T_094332Z_tpstream.root
30/10/2025 10:36:21 [32m[backtrack_tpstream.cpp][0m: Skipping file 107: /eos/user/e/evilla/dune/sn-tps/production_cc/prodmarley_nue_flat_cc_dune10kt_1x2x2_20250826T091452Z_gen_000133_supernova_g4_detsim_ana_2025-10-21T_092140Z_tpstream.root
30/10/2025 10:36:21 [32m[backtrack_tpstream.cpp][0m: Skipping file 108: /eos/user/e/evilla/dune/sn-tps/production_cc/prodmarley_nue_flat_cc_dune10kt_1x2x2_20250826T091452Z_gen_000134_supernova_g4_detsim_ana_2025-10-21T_092131Z_tpstream.root
30/10/2025 10:36:21 [32m[backtrack_tpstream.cpp][0m: Skipping file 109: /eos/user/e/evilla/dune/sn-tps/production_cc/prodmarley_nue_flat_cc_dune10kt_1x2x2_20250826T091453Z_gen_000136_supernova_g4_detsim_ana_2025-10-21T_085055Z_tpstream.root
30/10/2025 10:36:21 [32m[backtrack_tpstream.cpp][0m: Skipping file 110: /eos/user/e/evilla/dune/sn-tps/production_cc/prodmarley_nue_flat_cc_dune10kt_1x2x2_20250826T091455Z_gen_000137_supernova_g4_detsim_ana_2025-10-21T_094313Z_tpstream.root
30/10/2025 10:36:21 [32m[backtrack_tpstream.cpp][0m: Skipping file 111: /eos/user/e/evilla/dune/sn-tps/production_cc/prodmarley_nue_flat_cc_dune10kt_1x2x2_20250826T091456Z_gen_000138_supernova_g4_detsim_ana_2025-10-21T_094329Z_tpstream.root
30/10/2025 10:36:21 [32m[backtrack_tpstream.cpp][0m: Skipping file 112: /eos/user/e/evilla/dune/sn-tps/production_cc/prodmarley_nue_flat_cc_dune10kt_1x2x2_20250826T091457Z_gen_000140_supernova_g4_detsim_ana_2025-10-21T_095612Z_tpstream.root
30/10/2025 10:36:21 [32m[backtrack_tpstream.cpp][0m: Skipping file 113: /eos/user/e/evilla/dune/sn-tps/production_cc/prodmarley_nue_flat_cc_dune10kt_1x2x2_20250826T091457Z_gen_000141_supernova_g4_detsim_ana_2025-10-21T_092119Z_tpstream.root
30/10/2025 10:36:21 [32m[backtrack_tpstream.cpp][0m: Skipping file 114: /eos/user/e/evilla/dune/sn-tps/production_cc/prodmarley_nue_flat_cc_dune10kt_1x2x2_20250826T091459Z_gen_000142_supernova_g4_detsim_ana_2025-10-21T_091432Z_tpstream.root
30/10/2025 10:36:21 [32m[backtrack_tpstream.cpp][0m: Skipping file 115: /eos/user/e/evilla/dune/sn-tps/production_cc/prodmarley_nue_flat_cc_dune10kt_1x2x2_20250826T091501Z_gen_000143_supernova_g4_detsim_ana_2025-10-21T_092140Z_tpstream.root
30/10/2025 10:36:21 [32m[backtrack_tpstream.cpp][0m: Skipping file 116: /eos/user/e/evilla/dune/sn-tps/production_cc/prodmarley_nue_flat_cc_dune10kt_1x2x2_20250826T091502Z_gen_000144_supernova_g4_detsim_ana_2025-10-21T_092142Z_tpstream.root
30/10/2025 10:36:21 [32m[backtrack_tpstream.cpp][0m: Skipping file 117: /eos/user/e/evilla/dune/sn-tps/production_cc/prodmarley_nue_flat_cc_dune10kt_1x2x2_20250826T091502Z_gen_000145_supernova_g4_detsim_ana_2025-10-21T_092209Z_tpstream.root
30/10/2025 10:36:21 [32m[backtrack_tpstream.cpp][0m: Skipping file 118: /eos/user/e/evilla/dune/sn-tps/production_cc/prodmarley_nue_flat_cc_dune10kt_1x2x2_20250826T091504Z_gen_000146_supernova_g4_detsim_ana_2025-10-21T_085145Z_tpstream.root
30/10/2025 10:36:21 [32m[backtrack_tpstream.cpp][0m: Skipping file 119: /eos/user/e/evilla/dune/sn-tps/production_cc/prodmarley_nue_flat_cc_dune10kt_1x2x2_20250826T091504Z_gen_000148_supernova_g4_detsim_ana_2025-10-21T_085743Z_tpstream.root
30/10/2025 10:36:21 [32m[backtrack_tpstream.cpp][0m: Skipping file 120: /eos/user/e/evilla/dune/sn-tps/production_cc/prodmarley_nue_flat_cc_dune10kt_1x2x2_20250826T091505Z_gen_000149_supernova_g4_detsim_ana_2025-10-21T_095525Z_tpstream.root
30/10/2025 10:36:21 [32m[backtrack_tpstream.cpp][0m: Skipping file 121: /eos/user/e/evilla/dune/sn-tps/production_cc/prodmarley_nue_flat_cc_dune10kt_1x2x2_20250826T091506Z_gen_000150_supernova_g4_detsim_ana_2025-10-21T_092158Z_tpstream.root
30/10/2025 10:36:21 [32m[backtrack_tpstream.cpp][0m: Skipping file 122: /eos/user/e/evilla/dune/sn-tps/production_cc/prodmarley_nue_flat_cc_dune10kt_1x2x2_20250826T091507Z_gen_000151_supernova_g4_detsim_ana_2025-10-21T_095527Z_tpstream.root
30/10/2025 10:36:21 [32m[backtrack_tpstream.cpp][0m: Skipping file 123: /eos/user/e/evilla/dune/sn-tps/production_cc/prodmarley_nue_flat_cc_dune10kt_1x2x2_20250826T091508Z_gen_000152_supernova_g4_detsim_ana_2025-10-21T_093125Z_tpstream.root
30/10/2025 10:36:21 [32m[backtrack_tpstream.cpp][0m: Skipping file 124: /eos/user/e/evilla/dune/sn-tps/production_cc/prodmarley_nue_flat_cc_dune10kt_1x2x2_20250826T091510Z_gen_000155_supernova_g4_detsim_ana_2025-10-21T_091333Z_tpstream.root
30/10/2025 10:36:21 [32m[backtrack_tpstream.cpp][0m: Skipping file 125: /eos/user/e/evilla/dune/sn-tps/production_cc/prodmarley_nue_flat_cc_dune10kt_1x2x2_20250826T091511Z_gen_000156_supernova_g4_detsim_ana_2025-10-21T_092204Z_tpstream.root
30/10/2025 10:36:21 [32m[backtrack_tpstream.cpp][0m: Skipping file 126: /eos/user/e/evilla/dune/sn-tps/production_cc/prodmarley_nue_flat_cc_dune10kt_1x2x2_20250826T091511Z_gen_000157_supernova_g4_detsim_ana_2025-10-21T_085754Z_tpstream.root
30/10/2025 10:36:21 [32m[backtrack_tpstream.cpp][0m: Skipping file 127: /eos/user/e/evilla/dune/sn-tps/production_cc/prodmarley_nue_flat_cc_dune10kt_1x2x2_20250826T091512Z_gen_000158_supernova_g4_detsim_ana_2025-10-21T_092209Z_tpstream.root
30/10/2025 10:36:21 [32m[backtrack_tpstream.cpp][0m: Skipping file 128: /eos/user/e/evilla/dune/sn-tps/production_cc/prodmarley_nue_flat_cc_dune10kt_1x2x2_20250826T091513Z_gen_000159_supernova_g4_detsim_ana_2025-10-21T_092138Z_tpstream.root
30/10/2025 10:36:21 [32m[backtrack_tpstream.cpp][0m: Skipping file 129: /eos/user/e/evilla/dune/sn-tps/production_cc/prodmarley_nue_flat_cc_dune10kt_1x2x2_20250826T091514Z_gen_000160_supernova_g4_detsim_ana_2025-10-21T_091406Z_tpstream.root
30/10/2025 10:36:21 [32m[backtrack_tpstream.cpp][0m: Skipping file 130: /eos/user/e/evilla/dune/sn-tps/production_cc/prodmarley_nue_flat_cc_dune10kt_1x2x2_20250826T091514Z_gen_000161_supernova_g4_detsim_ana_2025-10-21T_095556Z_tpstream.root
30/10/2025 10:36:21 [32m[backtrack_tpstream.cpp][0m: Skipping file 131: /eos/user/e/evilla/dune/sn-tps/production_cc/prodmarley_nue_flat_cc_dune10kt_1x2x2_20250826T091516Z_gen_000163_supernova_g4_detsim_ana_2025-10-21T_094329Z_tpstream.root
30/10/2025 10:36:21 [32m[backtrack_tpstream.cpp][0m: Skipping file 132: /eos/user/e/evilla/dune/sn-tps/production_cc/prodmarley_nue_flat_cc_dune10kt_1x2x2_20250826T091516Z_gen_000164_supernova_g4_detsim_ana_2025-10-21T_095335Z_tpstream.root
30/10/2025 10:36:21 [32m[backtrack_tpstream.cpp][0m: Skipping file 133: /eos/user/e/evilla/dune/sn-tps/production_cc/prodmarley_nue_flat_cc_dune10kt_1x2x2_20250826T091517Z_gen_000165_supernova_g4_detsim_ana_2025-10-21T_092202Z_tpstream.root
30/10/2025 10:36:21 [32m[backtrack_tpstream.cpp][0m: Skipping file 134: /eos/user/e/evilla/dune/sn-tps/production_cc/prodmarley_nue_flat_cc_dune10kt_1x2x2_20250826T091521Z_gen_000167_supernova_g4_detsim_ana_2025-10-21T_092157Z_tpstream.root
30/10/2025 10:36:21 [32m[backtrack_tpstream.cpp][0m: Skipping file 135: /eos/user/e/evilla/dune/sn-tps/production_cc/prodmarley_nue_flat_cc_dune10kt_1x2x2_20250826T091521Z_gen_000168_supernova_g4_detsim_ana_2025-10-21T_093127Z_tpstream.root
30/10/2025 10:36:21 [32m[backtrack_tpstream.cpp][0m: Skipping file 136: /eos/user/e/evilla/dune/sn-tps/production_cc/prodmarley_nue_flat_cc_dune10kt_1x2x2_20250826T091521Z_gen_000169_supernova_g4_detsim_ana_2025-10-21T_085131Z_tpstream.root
30/10/2025 10:36:21 [32m[backtrack_tpstream.cpp][0m: Skipping file 137: /eos/user/e/evilla/dune/sn-tps/production_cc/prodmarley_nue_flat_cc_dune10kt_1x2x2_20250826T091522Z_gen_000170_supernova_g4_detsim_ana_2025-10-21T_092153Z_tpstream.root
30/10/2025 10:36:21 [32m[backtrack_tpstream.cpp][0m: Skipping file 138: /eos/user/e/evilla/dune/sn-tps/production_cc/prodmarley_nue_flat_cc_dune10kt_1x2x2_20250826T091523Z_gen_000171_supernova_g4_detsim_ana_2025-10-21T_094330Z_tpstream.root
30/10/2025 10:36:21 [32m[backtrack_tpstream.cpp][0m: Skipping file 139: /eos/user/e/evilla/dune/sn-tps/production_cc/prodmarley_nue_flat_cc_dune10kt_1x2x2_20250826T091525Z_gen_000172_supernova_g4_detsim_ana_2025-10-21T_095539Z_tpstream.root
30/10/2025 10:36:21 [32m[backtrack_tpstream.cpp][0m: Skipping file 140: /eos/user/e/evilla/dune/sn-tps/production_cc/prodmarley_nue_flat_cc_dune10kt_1x2x2_20250826T091526Z_gen_000173_supernova_g4_detsim_ana_2025-10-21T_094252Z_tpstream.root
30/10/2025 10:36:21 [32m[backtrack_tpstream.cpp][0m: Skipping file 141: /eos/user/e/evilla/dune/sn-tps/production_cc/prodmarley_nue_flat_cc_dune10kt_1x2x2_20250826T091528Z_gen_000175_supernova_g4_detsim_ana_2025-10-21T_095558Z_tpstream.root
30/10/2025 10:36:21 [32m[backtrack_tpstream.cpp][0m: Skipping file 142: /eos/user/e/evilla/dune/sn-tps/production_cc/prodmarley_nue_flat_cc_dune10kt_1x2x2_20250826T091537Z_gen_000178_supernova_g4_detsim_ana_2025-10-21T_094251Z_tpstream.root
30/10/2025 10:36:21 [32m[backtrack_tpstream.cpp][0m: Skipping file 143: /eos/user/e/evilla/dune/sn-tps/production_cc/prodmarley_nue_flat_cc_dune10kt_1x2x2_20250826T091542Z_gen_000181_supernova_g4_detsim_ana_2025-10-21T_093115Z_tpstream.root
30/10/2025 10:36:21 [32m[backtrack_tpstream.cpp][0m: Skipping file 144: /eos/user/e/evilla/dune/sn-tps/production_cc/prodmarley_nue_flat_cc_dune10kt_1x2x2_20250826T091549Z_gen_000182_supernova_g4_detsim_ana_2025-10-21T_091404Z_tpstream.root
30/10/2025 10:36:21 [32m[backtrack_tpstream.cpp][0m: Skipping file 145: /eos/user/e/evilla/dune/sn-tps/production_cc/prodmarley_nue_flat_cc_dune10kt_1x2x2_20250826T091550Z_gen_000183_supernova_g4_detsim_ana_2025-10-21T_093112Z_tpstream.root
30/10/2025 10:36:21 [32m[backtrack_tpstream.cpp][0m: Skipping file 146: /eos/user/e/evilla/dune/sn-tps/production_cc/prodmarley_nue_flat_cc_dune10kt_1x2x2_20250826T091551Z_gen_000184_supernova_g4_detsim_ana_2025-10-21T_091435Z_tpstream.root
30/10/2025 10:36:21 [32m[backtrack_tpstream.cpp][0m: Skipping file 147: /eos/user/e/evilla/dune/sn-tps/production_cc/prodmarley_nue_flat_cc_dune10kt_1x2x2_20250826T091552Z_gen_000185_supernova_g4_detsim_ana_2025-10-21T_085255Z_tpstream.root
30/10/2025 10:36:21 [32m[backtrack_tpstream.cpp][0m: Skipping file 148: /eos/user/e/evilla/dune/sn-tps/production_cc/prodmarley_nue_flat_cc_dune10kt_1x2x2_20250826T091554Z_gen_000186_supernova_g4_detsim_ana_2025-10-21T_091445Z_tpstream.root
30/10/2025 10:36:21 [32m[backtrack_tpstream.cpp][0m: Skipping file 149: /eos/user/e/evilla/dune/sn-tps/production_cc/prodmarley_nue_flat_cc_dune10kt_1x2x2_20250826T091554Z_gen_000187_supernova_g4_detsim_ana_2025-10-21T_092134Z_tpstream.root
30/10/2025 10:36:21 [32m[backtrack_tpstream.cpp][0m: Skipping file 150: /eos/user/e/evilla/dune/sn-tps/production_cc/prodmarley_nue_flat_cc_dune10kt_1x2x2_20250826T091559Z_gen_000188_supernova_g4_detsim_ana_2025-10-21T_091431Z_tpstream.root
30/10/2025 10:36:21 [32m[backtrack_tpstream.cpp][0m: Skipping file 151: /eos/user/e/evilla/dune/sn-tps/production_cc/prodmarley_nue_flat_cc_dune10kt_1x2x2_20250826T091604Z_gen_000189_supernova_g4_detsim_ana_2025-10-21T_085128Z_tpstream.root
30/10/2025 10:36:21 [32m[backtrack_tpstream.cpp][0m: Skipping file 152: /eos/user/e/evilla/dune/sn-tps/production_cc/prodmarley_nue_flat_cc_dune10kt_1x2x2_20250826T091608Z_gen_000190_supernova_g4_detsim_ana_2025-10-21T_095608Z_tpstream.root
30/10/2025 10:36:21 [32m[backtrack_tpstream.cpp][0m: Skipping file 153: /eos/user/e/evilla/dune/sn-tps/production_cc/prodmarley_nue_flat_cc_dune10kt_1x2x2_20250826T091608Z_gen_000191_supernova_g4_detsim_ana_2025-10-21T_085251Z_tpstream.root
30/10/2025 10:36:21 [32m[backtrack_tpstream.cpp][0m: Skipping file 154: /eos/user/e/evilla/dune/sn-tps/production_cc/prodmarley_nue_flat_cc_dune10kt_1x2x2_20250826T091609Z_gen_000192_supernova_g4_detsim_ana_2025-10-21T_092153Z_tpstream.root
30/10/2025 10:36:21 [32m[backtrack_tpstream.cpp][0m: Skipping file 155: /eos/user/e/evilla/dune/sn-tps/production_cc/prodmarley_nue_flat_cc_dune10kt_1x2x2_20250826T091611Z_gen_000194_supernova_g4_detsim_ana_2025-10-21T_092115Z_tpstream.root
30/10/2025 10:36:21 [32m[backtrack_tpstream.cpp][0m: Skipping file 156: /eos/user/e/evilla/dune/sn-tps/production_cc/prodmarley_nue_flat_cc_dune10kt_1x2x2_20250826T091613Z_gen_000195_supernova_g4_detsim_ana_2025-10-21T_091353Z_tpstream.root
30/10/2025 10:36:21 [32m[backtrack_tpstream.cpp][0m: Skipping file 157: /eos/user/e/evilla/dune/sn-tps/production_cc/prodmarley_nue_flat_cc_dune10kt_1x2x2_20250826T091613Z_gen_000197_supernova_g4_detsim_ana_2025-10-21T_094323Z_tpstream.root
30/10/2025 10:36:21 [32m[backtrack_tpstream.cpp][0m: Skipping file 158: /eos/user/e/evilla/dune/sn-tps/production_cc/prodmarley_nue_flat_cc_dune10kt_1x2x2_20250826T091614Z_gen_000198_supernova_g4_detsim_ana_2025-10-21T_095549Z_tpstream.root
30/10/2025 10:36:21 [32m[backtrack_tpstream.cpp][0m: Skipping file 159: /eos/user/e/evilla/dune/sn-tps/production_cc/prodmarley_nue_flat_cc_dune10kt_1x2x2_20250826T091615Z_gen_000199_supernova_g4_detsim_ana_2025-10-21T_094322Z_tpstream.root
30/10/2025 10:36:21 [32m[backtrack_tpstream.cpp][0m: Skipping file 160: /eos/user/e/evilla/dune/sn-tps/production_cc/prodmarley_nue_flat_cc_dune10kt_1x2x2_20250826T091616Z_gen_000200_supernova_g4_detsim_ana_2025-10-21T_093127Z_tpstream.root
30/10/2025 10:36:21 [32m[backtrack_tpstream.cpp][0m: Skipping file 161: /eos/user/e/evilla/dune/sn-tps/production_cc/prodmarley_nue_flat_cc_dune10kt_1x2x2_20250826T091617Z_gen_000201_supernova_g4_detsim_ana_2025-10-21T_092206Z_tpstream.root
30/10/2025 10:36:21 [32m[backtrack_tpstream.cpp][0m: Skipping file 162: /eos/user/e/evilla/dune/sn-tps/production_cc/prodmarley_nue_flat_cc_dune10kt_1x2x2_20250826T091620Z_gen_000204_supernova_g4_detsim_ana_2025-10-21T_095543Z_tpstream.root
30/10/2025 10:36:21 [32m[backtrack_tpstream.cpp][0m: Skipping file 163: /eos/user/e/evilla/dune/sn-tps/production_cc/prodmarley_nue_flat_cc_dune10kt_1x2x2_20250826T091621Z_gen_000205_supernova_g4_detsim_ana_2025-10-21T_085246Z_tpstream.root
30/10/2025 10:36:21 [32m[backtrack_tpstream.cpp][0m: Skipping file 164: /eos/user/e/evilla/dune/sn-tps/production_cc/prodmarley_nue_flat_cc_dune10kt_1x2x2_20250826T091622Z_gen_000206_supernova_g4_detsim_ana_2025-10-21T_085054Z_tpstream.root
30/10/2025 10:36:21 [32m[backtrack_tpstream.cpp][0m: Skipping file 165: /eos/user/e/evilla/dune/sn-tps/production_cc/prodmarley_nue_flat_cc_dune10kt_1x2x2_20250826T091622Z_gen_000207_supernova_g4_detsim_ana_2025-10-21T_094321Z_tpstream.root
30/10/2025 10:36:21 [32m[backtrack_tpstream.cpp][0m: Skipping file 166: /eos/user/e/evilla/dune/sn-tps/production_cc/prodmarley_nue_flat_cc_dune10kt_1x2x2_20250826T091623Z_gen_000208_supernova_g4_detsim_ana_2025-10-21T_094301Z_tpstream.root
30/10/2025 10:36:21 [32m[backtrack_tpstream.cpp][0m: Skipping file 167: /eos/user/e/evilla/dune/sn-tps/production_cc/prodmarley_nue_flat_cc_dune10kt_1x2x2_20250826T091624Z_gen_000209_supernova_g4_detsim_ana_2025-10-21T_092137Z_tpstream.root
30/10/2025 10:36:21 [32m[backtrack_tpstream.cpp][0m: Skipping file 168: /eos/user/e/evilla/dune/sn-tps/production_cc/prodmarley_nue_flat_cc_dune10kt_1x2x2_20250826T091625Z_gen_000211_supernova_g4_detsim_ana_2025-10-21T_094304Z_tpstream.root
30/10/2025 10:36:21 [32m[backtrack_tpstream.cpp][0m: Skipping file 169: /eos/user/e/evilla/dune/sn-tps/production_cc/prodmarley_nue_flat_cc_dune10kt_1x2x2_20250826T091625Z_gen_000212_supernova_g4_detsim_ana_2025-10-21T_095549Z_tpstream.root
30/10/2025 10:36:21 [32m[backtrack_tpstream.cpp][0m: Skipping file 170: /eos/user/e/evilla/dune/sn-tps/production_cc/prodmarley_nue_flat_cc_dune10kt_1x2x2_20250826T091626Z_gen_000213_supernova_g4_detsim_ana_2025-10-21T_094329Z_tpstream.root
30/10/2025 10:36:21 [32m[backtrack_tpstream.cpp][0m: Skipping file 171: /eos/user/e/evilla/dune/sn-tps/production_cc/prodmarley_nue_flat_cc_dune10kt_1x2x2_20250826T091626Z_gen_000215_supernova_g4_detsim_ana_2025-10-21T_094323Z_tpstream.root
30/10/2025 10:36:21 [32m[backtrack_tpstream.cpp][0m: Skipping file 172: /eos/user/e/evilla/dune/sn-tps/production_cc/prodmarley_nue_flat_cc_dune10kt_1x2x2_20250826T091627Z_gen_000216_supernova_g4_detsim_ana_2025-10-21T_095554Z_tpstream.root
30/10/2025 10:36:21 [32m[backtrack_tpstream.cpp][0m: Skipping file 173: /eos/user/e/evilla/dune/sn-tps/production_cc/prodmarley_nue_flat_cc_dune10kt_1x2x2_20250826T091627Z_gen_000217_supernova_g4_detsim_ana_2025-10-21T_092147Z_tpstream.root
30/10/2025 10:36:21 [32m[backtrack_tpstream.cpp][0m: Skipping file 174: /eos/user/e/evilla/dune/sn-tps/production_cc/prodmarley_nue_flat_cc_dune10kt_1x2x2_20250826T091628Z_gen_000218_supernova_g4_detsim_ana_2025-10-21T_094316Z_tpstream.root
30/10/2025 10:36:21 [32m[backtrack_tpstream.cpp][0m: Skipping file 175: /eos/user/e/evilla/dune/sn-tps/production_cc/prodmarley_nue_flat_cc_dune10kt_1x2x2_20250826T091628Z_gen_000219_supernova_g4_detsim_ana_2025-10-21T_091438Z_tpstream.root
30/10/2025 10:36:21 [32m[backtrack_tpstream.cpp][0m: Skipping file 176: /eos/user/e/evilla/dune/sn-tps/production_cc/prodmarley_nue_flat_cc_dune10kt_1x2x2_20250826T091630Z_gen_000222_supernova_g4_detsim_ana_2025-10-21T_093113Z_tpstream.root
30/10/2025 10:36:21 [32m[backtrack_tpstream.cpp][0m: Skipping file 177: /eos/user/e/evilla/dune/sn-tps/production_cc/prodmarley_nue_flat_cc_dune10kt_1x2x2_20250826T091630Z_gen_000223_supernova_g4_detsim_ana_2025-10-21T_092151Z_tpstream.root
30/10/2025 10:36:21 [32m[backtrack_tpstream.cpp][0m: Skipping file 178: /eos/user/e/evilla/dune/sn-tps/production_cc/prodmarley_nue_flat_cc_dune10kt_1x2x2_20250826T091630Z_gen_000224_supernova_g4_detsim_ana_2025-10-21T_092147Z_tpstream.root
30/10/2025 10:36:21 [32m[backtrack_tpstream.cpp][0m: Skipping file 179: /eos/user/e/evilla/dune/sn-tps/production_cc/prodmarley_nue_flat_cc_dune10kt_1x2x2_20250826T091630Z_gen_000225_supernova_g4_detsim_ana_2025-10-21T_094302Z_tpstream.root
30/10/2025 10:36:21 [32m[backtrack_tpstream.cpp][0m: Skipping file 180: /eos/user/e/evilla/dune/sn-tps/production_cc/prodmarley_nue_flat_cc_dune10kt_1x2x2_20250826T091631Z_gen_000226_supernova_g4_detsim_ana_2025-10-21T_092146Z_tpstream.root
30/10/2025 10:36:21 [32m[backtrack_tpstream.cpp][0m: Skipping file 181: /eos/user/e/evilla/dune/sn-tps/production_cc/prodmarley_nue_flat_cc_dune10kt_1x2x2_20250826T091632Z_gen_000228_supernova_g4_detsim_ana_2025-10-21T_085125Z_tpstream.root
30/10/2025 10:36:21 [32m[backtrack_tpstream.cpp][0m: Skipping file 182: /eos/user/e/evilla/dune/sn-tps/production_cc/prodmarley_nue_flat_cc_dune10kt_1x2x2_20250826T091632Z_gen_000229_supernova_g4_detsim_ana_2025-10-21T_093112Z_tpstream.root
30/10/2025 10:36:21 [32m[backtrack_tpstream.cpp][0m: Skipping file 183: /eos/user/e/evilla/dune/sn-tps/production_cc/prodmarley_nue_flat_cc_dune10kt_1x2x2_20250826T091634Z_gen_000232_supernova_g4_detsim_ana_2025-10-21T_085331Z_tpstream.root
30/10/2025 10:36:21 [32m[backtrack_tpstream.cpp][0m: Skipping file 184: /eos/user/e/evilla/dune/sn-tps/production_cc/prodmarley_nue_flat_cc_dune10kt_1x2x2_20250826T091634Z_gen_000234_supernova_g4_detsim_ana_2025-10-21T_085136Z_tpstream.root
30/10/2025 10:36:21 [32m[backtrack_tpstream.cpp][0m: Skipping file 185: /eos/user/e/evilla/dune/sn-tps/production_cc/prodmarley_nue_flat_cc_dune10kt_1x2x2_20250826T091636Z_gen_000235_supernova_g4_detsim_ana_2025-10-21T_091351Z_tpstream.root
30/10/2025 10:36:21 [32m[backtrack_tpstream.cpp][0m: Skipping file 186: /eos/user/e/evilla/dune/sn-tps/production_cc/prodmarley_nue_flat_cc_dune10kt_1x2x2_20250826T091637Z_gen_000236_supernova_g4_detsim_ana_2025-10-21T_091407Z_tpstream.root
30/10/2025 10:36:21 [32m[backtrack_tpstream.cpp][0m: Skipping file 187: /eos/user/e/evilla/dune/sn-tps/production_cc/prodmarley_nue_flat_cc_dune10kt_1x2x2_20250826T091637Z_gen_000237_supernova_g4_detsim_ana_2025-10-21T_092117Z_tpstream.root
30/10/2025 10:36:21 [32m[backtrack_tpstream.cpp][0m: Skipping file 188: /eos/user/e/evilla/dune/sn-tps/production_cc/prodmarley_nue_flat_cc_dune10kt_1x2x2_20250826T091637Z_gen_000238_supernova_g4_detsim_ana_2025-10-21T_092131Z_tpstream.root
30/10/2025 10:36:21 [32m[backtrack_tpstream.cpp][0m: Skipping file 189: /eos/user/e/evilla/dune/sn-tps/production_cc/prodmarley_nue_flat_cc_dune10kt_1x2x2_20250826T091637Z_gen_000239_supernova_g4_detsim_ana_2025-10-21T_085327Z_tpstream.root
30/10/2025 10:36:21 [32m[backtrack_tpstream.cpp][0m: Skipping file 190: /eos/user/e/evilla/dune/sn-tps/production_cc/prodmarley_nue_flat_cc_dune10kt_1x2x2_20250826T091637Z_gen_000240_supernova_g4_detsim_ana_2025-10-21T_091332Z_tpstream.root
30/10/2025 10:36:21 [32m[backtrack_tpstream.cpp][0m: Skipping file 191: /eos/user/e/evilla/dune/sn-tps/production_cc/prodmarley_nue_flat_cc_dune10kt_1x2x2_20250826T091637Z_gen_000241_supernova_g4_detsim_ana_2025-10-21T_095610Z_tpstream.root
30/10/2025 10:36:21 [32m[backtrack_tpstream.cpp][0m: Skipping file 192: /eos/user/e/evilla/dune/sn-tps/production_cc/prodmarley_nue_flat_cc_dune10kt_1x2x2_20250826T091639Z_gen_000242_supernova_g4_detsim_ana_2025-10-21T_092132Z_tpstream.root
30/10/2025 10:36:21 [32m[backtrack_tpstream.cpp][0m: Skipping file 193: /eos/user/e/evilla/dune/sn-tps/production_cc/prodmarley_nue_flat_cc_dune10kt_1x2x2_20250826T091641Z_gen_000243_supernova_g4_detsim_ana_2025-10-21T_085307Z_tpstream.root
30/10/2025 10:36:21 [32m[backtrack_tpstream.cpp][0m: Skipping file 194: /eos/user/e/evilla/dune/sn-tps/production_cc/prodmarley_nue_flat_cc_dune10kt_1x2x2_20250826T091642Z_gen_000245_supernova_g4_detsim_ana_2025-10-21T_091424Z_tpstream.root
30/10/2025 10:36:21 [32m[backtrack_tpstream.cpp][0m: Skipping file 195: /eos/user/e/evilla/dune/sn-tps/production_cc/prodmarley_nue_flat_cc_dune10kt_1x2x2_20250826T091643Z_gen_000246_supernova_g4_detsim_ana_2025-10-21T_091339Z_tpstream.root
30/10/2025 10:36:21 [32m[backtrack_tpstream.cpp][0m: Skipping file 196: /eos/user/e/evilla/dune/sn-tps/production_cc/prodmarley_nue_flat_cc_dune10kt_1x2x2_20250826T091643Z_gen_000247_supernova_g4_detsim_ana_2025-10-21T_085048Z_tpstream.root
30/10/2025 10:36:21 [32m[backtrack_tpstream.cpp][0m: Skipping file 197: /eos/user/e/evilla/dune/sn-tps/production_cc/prodmarley_nue_flat_cc_dune10kt_1x2x2_20250826T091644Z_gen_000248_supernova_g4_detsim_ana_2025-10-21T_091450Z_tpstream.root
30/10/2025 10:36:21 [32m[backtrack_tpstream.cpp][0m: Skipping file 198: /eos/user/e/evilla/dune/sn-tps/production_cc/prodmarley_nue_flat_cc_dune10kt_1x2x2_20250826T091649Z_gen_000249_supernova_g4_detsim_ana_2025-10-21T_094323Z_tpstream.root
30/10/2025 10:36:21 [32m[backtrack_tpstream.cpp][0m: Skipping file 199: /eos/user/e/evilla/dune/sn-tps/production_cc/prodmarley_nue_flat_cc_dune10kt_1x2x2_20250826T091649Z_gen_000250_supernova_g4_detsim_ana_2025-10-21T_093116Z_tpstream.root
30/10/2025 10:36:21 [32m[backtrack_tpstream.cpp][0m: Skipping file 200: /eos/user/e/evilla/dune/sn-tps/production_cc/prodmarley_nue_flat_cc_dune10kt_1x2x2_20250826T091649Z_gen_000251_supernova_g4_detsim_ana_2025-10-21T_093115Z_tpstream.root
Processing files...   1% (    0 it/s)
[1F[1KError: Backtrack step failed.
