Home directory set from CLI to: /afs/cern.ch/work/e/evilla/private/dune/online-pointing-utils

init.sh script started
 Repository home is /afs/cern.ch/work/e/evilla/private/dune/online-pointing-utils
 Parameters directory is /afs/cern.ch/work/e/evilla/private/dune/online-pointing-utils/parameters
 Setting up environment for lxplus using /cvmfs/sft.cern.ch/lcg/views/LCG_104/x86_64-el9-gcc11-opt/setup.sh
 WARNING: python environment not found, not activating.
init.sh finished

**************************
Selected options:
Run backtrack:		false
Run analyze_tps:	false
Run add backgrounds:	true
Run make clusters:	false
Run analyze:		false
Run generate images:	false
Run generate volumes:	false
Run analyze volumes:	false
Clean clusters (no backgrounds):	false
No compile:		true
Clean compile:		false
Override:		true
**************************

**************************
Sample selected: .
Global json settings file provided: /afs/cern.ch/work/e/evilla/private/dune/online-pointing-utils/json/es_fixed_myproc.json
**************************
 Looking for json settings using command: /afs/cern.ch/work/e/evilla/private/dune/online-pointing-utils/scripts/findSettings.sh -j /afs/cern.ch/work/e/evilla/private/dune/online-pointing-utils/json/es_fixed_myproc.json
Global settings file found, full path is: /afs/cern.ch/work/e/evilla/private/dune/online-pointing-utils/json/es_fixed_myproc.json 

Using this for all steps, overriding individual jsons.
Compiling the code with the following command:
/afs/cern.ch/work/e/evilla/private/dune/online-pointing-utils/scripts/compile.sh -p /afs/cern.ch/work/e/evilla/private/dune/online-pointing-utils --no-compile true --clean-compile false
Starting script /pool/condor/dir_1852072/sequence.sh
Environment is already initialized, not running init.sh again.
If it is not loaded properly, run export INIT_DONE=false and rerun init.sh
 Got home path as argument
  No compilation was requested. Stopping execution of this script.

Running add backgrounds step with command:
/afs/cern.ch/work/e/evilla/private/dune/online-pointing-utils/scripts/add_backgrounds.sh -j /afs/cern.ch/work/e/evilla/private/dune/online-pointing-utils/json/es_fixed_myproc.json --no-compile -f true -v false -d false --max-files 20 --skip-files 2020
Environment is already initialized, not running init.sh again.
If it is not loaded properly, run export INIT_DONE=false and rerun init.sh
 Looking for json settings using command: /afs/cern.ch/work/e/evilla/private/dune/online-pointing-utils/scripts/findSettings.sh -j /afs/cern.ch/work/e/evilla/private/dune/online-pointing-utils/json/es_fixed_myproc.json
Settings file found, full path is: /afs/cern.ch/work/e/evilla/private/dune/online-pointing-utils/json/es_fixed_myproc.json 

Compiling the code with the following command:
/afs/cern.ch/work/e/evilla/private/dune/online-pointing-utils/scripts/compile.sh -p /afs/cern.ch/work/e/evilla/private/dune/online-pointing-utils --no-compile true --clean-compile
Starting script /afs/cern.ch/work/e/evilla/private/dune/online-pointing-utils/scripts/add_backgrounds.sh
Environment is already initialized, not running init.sh again.
If it is not loaded properly, run export INIT_DONE=false and rerun init.sh
 Got home path as argument
  No compilation was requested. Stopping execution of this script.

Running: /afs/cern.ch/work/e/evilla/private/dune/online-pointing-utils/build//src/app/add_backgrounds -j /afs/cern.ch/work/e/evilla/private/dune/online-pointing-utils/json/es_fixed_myproc.json -f
30/10/2025 16:20:54 [32m[add_backgrounds.cpp][0m: > add_backgrounds app - Merge signal TPs with random background events, writing *_tps_bg.root files.

30/10/2025 16:20:54 [32m[add_backgrounds.cpp][0m: Usage: 
30/10/2025 16:20:54 [32m[add_backgrounds.cpp][0m: ──────────── Main options ────────────
30/10/2025 16:20:54 [32m[add_backgrounds.cpp][0m: json {-j,--json}: JSON file containing the configuration (expected: 1 value)
30/10/2025 16:20:54 [32m[add_backgrounds.cpp][0m: skip_files {-s,--skip}: Number of files to skip at start (overrides JSON) (expected: N values)
30/10/2025 16:20:54 [32m[add_backgrounds.cpp][0m: max_files {-m,--max}: Maximum number of files to process (overrides JSON) (expected: N values)
30/10/2025 16:20:54 [32m[add_backgrounds.cpp][0m: verboseMode {-v,--verbose}: Run in verbose mode (trigger)
30/10/2025 16:20:54 [32m[add_backgrounds.cpp][0m: debugMode {-d,--debug}: Run in debug mode (more detailed than verbose) (trigger)
30/10/2025 16:20:54 [32m[add_backgrounds.cpp][0m: override {-f,--override}: Override existing output files (trigger)


30/10/2025 16:20:54 [32m[add_backgrounds.cpp][0m: Number of files to skip at start: 0
30/10/2025 16:20:54 [32m[add_backgrounds.cpp][0m: Configuration:
30/10/2025 16:20:54 [32m[add_backgrounds.cpp][0m:  - Signal type: cc
30/10/2025 16:20:54 [32m[add_backgrounds.cpp][0m:  - Signal folder (pure signal TPs): /eos/user/e/evilla/dune/sn-tps/production_es/fixed_tps/
30/10/2025 16:20:54 [32m[add_backgrounds.cpp][0m:  - Background folder (pure bg TPs): /eos/user/e/evilla/dune/sn-tps/bkgs/
30/10/2025 16:20:54 [32m[add_backgrounds.cpp][0m:  - Output folder (merged TPs): /eos/user/e/evilla/dune/sn-tps/production_es/fixed_tps/bkgs/
30/10/2025 16:20:54 [32m[add_backgrounds.cpp][0m:  - Add backgrounds around vertex only: NO
30/10/2025 16:20:54 [32m[add_backgrounds.cpp][0m:  - Max files to process: unlimited
30/10/2025 16:20:54 [32m[utils.cpp][0m: [find_input_files] Called with pattern: sig
30/10/2025 16:36:14 [32m[add_backgrounds.cpp][0m: Found 4520 signal files
30/10/2025 16:36:14 [32m[utils.cpp][0m: [find_input_files] Called with pattern: bg
30/10/2025 16:41:51 [32m[add_backgrounds.cpp][0m: Found 346 background files
Adding backgrounds...   0% (    0 it/s)
[1F[1K30/10/2025 16:43:07 [31m[Backtracking.cpp][0m: Cannot create output file: /eos/user/e/evilla/dune/sn-tps/production_es/fixed_tps/bkgs//prodmarley_nue_flat_es_dune10kt_1x2x2_20250826T082329Z_gen_000001_supernova_g4_detsim_ana_2025-10-21T_090355Z_bg_tps.root
30/10/2025 16:44:33 [31m[Backtracking.cpp][0m: Cannot create output file: /eos/user/e/evilla/dune/sn-tps/production_es/fixed_tps/bkgs//prodmarley_nue_flat_es_dune10kt_1x2x2_20250826T082329Z_gen_000002_supernova_g4_detsim_ana_2025-10-21T_092404Z_bg_tps.root
30/10/2025 16:45:39 [31m[Backtracking.cpp][0m: Cannot create output file: /eos/user/e/evilla/dune/sn-tps/production_es/fixed_tps/bkgs//prodmarley_nue_flat_es_dune10kt_1x2x2_20250826T082330Z_gen_000003_supernova_g4_detsim_ana_2025-10-21T_092418Z_bg_tps.root
30/10/2025 16:45:47 [31m[Backtracking.cpp][0m: Cannot create output file: /eos/user/e/evilla/dune/sn-tps/production_es/fixed_tps/bkgs//prodmarley_nue_flat_es_dune10kt_1x2x2_20250826T082334Z_gen_000005_supernova_g4_detsim_ana_2025-10-21T_092851Z_bg_tps.root
30/10/2025 16:45:51 [31m[Backtracking.cpp][0m: Cannot create output file: /eos/user/e/evilla/dune/sn-tps/production_es/fixed_tps/bkgs//prodmarley_nue_flat_es_dune10kt_1x2x2_20250826T082334Z_gen_000006_supernova_g4_detsim_ana_2025-10-21T_090305Z_bg_tps.root
30/10/2025 16:47:19 [31m[Backtracking.cpp][0m: Cannot create output file: /eos/user/e/evilla/dune/sn-tps/production_es/fixed_tps/bkgs//prodmarley_nue_flat_es_dune10kt_1x2x2_20250826T082335Z_gen_000008_supernova_g4_detsim_ana_2025-10-21T_084435Z_bg_tps.root
30/10/2025 16:47:23 [31m[Backtracking.cpp][0m: Cannot create output file: /eos/user/e/evilla/dune/sn-tps/production_es/fixed_tps/bkgs//prodmarley_nue_flat_es_dune10kt_1x2x2_20250826T082336Z_gen_000009_supernova_g4_detsim_ana_2025-10-21T_094414Z_bg_tps.root
30/10/2025 16:48:11 [31m[Backtracking.cpp][0m: Cannot create output file: /eos/user/e/evilla/dune/sn-tps/production_es/fixed_tps/bkgs//prodmarley_nue_flat_es_dune10kt_1x2x2_20250826T082337Z_gen_000012_supernova_g4_detsim_ana_2025-10-21T_092825Z_bg_tps.root
30/10/2025 16:50:37 [31m[Backtracking.cpp][0m: Cannot create output file: /eos/user/e/evilla/dune/sn-tps/production_es/fixed_tps/bkgs//prodmarley_nue_flat_es_dune10kt_1x2x2_20250826T082338Z_gen_000014_supernova_g4_detsim_ana_2025-10-21T_092821Z_bg_tps.root
30/10/2025 16:50:45 [31m[Backtracking.cpp][0m: Cannot create output file: /eos/user/e/evilla/dune/sn-tps/production_es/fixed_tps/bkgs//prodmarley_nue_flat_es_dune10kt_1x2x2_20250826T082338Z_gen_000016_supernova_g4_detsim_ana_2025-10-21T_092345Z_bg_tps.root
30/10/2025 16:52:21 [31m[Backtracking.cpp][0m: Cannot create output file: /eos/user/e/evilla/dune/sn-tps/production_es/fixed_tps/bkgs//prodmarley_nue_flat_es_dune10kt_1x2x2_20250826T082340Z_gen_000020_supernova_g4_detsim_ana_2025-10-21T_092310Z_bg_tps.root
30/10/2025 16:53:41 [31m[Backtracking.cpp][0m: Cannot create output file: /eos/user/e/evilla/dune/sn-tps/production_es/fixed_tps/bkgs//prodmarley_nue_flat_es_dune10kt_1x2x2_20250826T082341Z_gen_000021_supernova_g4_detsim_ana_2025-10-21T_092301Z_bg_tps.root
Adding backgrounds...   1% (    0 it/s)
[1F[1K30/10/2025 16:55:54 [31m[Backtracking.cpp][0m: Cannot create output file: /eos/user/e/evilla/dune/sn-tps/production_es/fixed_tps/bkgs//prodmarley_nue_flat_es_dune10kt_1x2x2_20250826T082350Z_gen_000035_supernova_g4_detsim_ana_2025-10-21T_092501Z_bg_tps.root
30/10/2025 16:57:32 [31m[Backtracking.cpp][0m: Cannot create output file: /eos/user/e/evilla/dune/sn-tps/production_es/fixed_tps/bkgs//prodmarley_nue_flat_es_dune10kt_1x2x2_20250826T082350Z_gen_000036_supernova_g4_detsim_ana_2025-10-21T_092302Z_bg_tps.root
30/10/2025 16:59:14 [31m[Backtracking.cpp][0m: Cannot create output file: /eos/user/e/evilla/dune/sn-tps/production_es/fixed_tps/bkgs//prodmarley_nue_flat_es_dune10kt_1x2x2_20250826T082352Z_gen_000041_supernova_g4_detsim_ana_2025-10-21T_092510Z_bg_tps.root
30/10/2025 17:00:33 [31m[Backtracking.cpp][0m: Cannot create output file: /eos/user/e/evilla/dune/sn-tps/production_es/fixed_tps/bkgs//prodmarley_nue_flat_es_dune10kt_1x2x2_20250826T082358Z_gen_000045_supernova_g4_detsim_ana_2025-10-21T_092246Z_bg_tps.root
30/10/2025 17:03:17 [31m[Backtracking.cpp][0m: Cannot create output file: /eos/user/e/evilla/dune/sn-tps/production_es/fixed_tps/bkgs//prodmarley_nue_flat_es_dune10kt_1x2x2_20250826T082359Z_gen_000048_supernova_g4_detsim_ana_2025-10-21T_084424Z_bg_tps.root
30/10/2025 17:03:59 [31m[Backtracking.cpp][0m: Cannot create output file: /eos/user/e/evilla/dune/sn-tps/production_es/fixed_tps/bkgs//prodmarley_nue_flat_es_dune10kt_1x2x2_20250826T082400Z_gen_000050_supernova_g4_detsim_ana_2025-10-21T_090414Z_bg_tps.root
30/10/2025 17:04:23 [31m[Backtracking.cpp][0m: Cannot create output file: /eos/user/e/evilla/dune/sn-tps/production_es/fixed_tps/bkgs//prodmarley_nue_flat_es_dune10kt_1x2x2_20250826T082401Z_gen_000055_supernova_g4_detsim_ana_2025-10-21T_094445Z_bg_tps.root
30/10/2025 17:04:25 [31m[Backtracking.cpp][0m: Cannot create output file: /eos/user/e/evilla/dune/sn-tps/production_es/fixed_tps/bkgs//prodmarley_nue_flat_es_dune10kt_1x2x2_20250826T082401Z_gen_000056_supernova_g4_detsim_ana_2025-10-21T_092846Z_bg_tps.root
30/10/2025 17:04:33 [31m[Backtracking.cpp][0m: Cannot create output file: /eos/user/e/evilla/dune/sn-tps/production_es/fixed_tps/bkgs//prodmarley_nue_flat_es_dune10kt_1x2x2_20250826T082402Z_gen_000059_supernova_g4_detsim_ana_2025-10-21T_094516Z_bg_tps.root
30/10/2025 17:06:02 [31m[Backtracking.cpp][0m: Cannot create output file: /eos/user/e/evilla/dune/sn-tps/production_es/fixed_tps/bkgs//prodmarley_nue_flat_es_dune10kt_1x2x2_20250826T082402Z_gen_000061_supernova_g4_detsim_ana_2025-10-21T_092442Z_bg_tps.root
30/10/2025 17:07:24 [31m[Backtracking.cpp][0m: Cannot create output file: /eos/user/e/evilla/dune/sn-tps/production_es/fixed_tps/bkgs//prodmarley_nue_flat_es_dune10kt_1x2x2_20250826T082405Z_gen_000071_supernova_g4_detsim_ana_2025-10-21T_091825Z_bg_tps.root
30/10/2025 17:07:32 [31m[Backtracking.cpp][0m: Cannot create output file: /eos/user/e/evilla/dune/sn-tps/production_es/fixed_tps/bkgs//prodmarley_nue_flat_es_dune10kt_1x2x2_20250826T082406Z_gen_000074_supernova_g4_detsim_ana_2025-10-21T_092508Z_bg_tps.root
30/10/2025 17:09:06 [31m[Backtracking.cpp][0m: Cannot create output file: /eos/user/e/evilla/dune/sn-tps/production_es/fixed_tps/bkgs//prodmarley_nue_flat_es_dune10kt_1x2x2_20250826T082407Z_gen_000078_supernova_g4_detsim_ana_2025-10-21T_084422Z_bg_tps.root
30/10/2025 17:10:51 [31m[Backtracking.cpp][0m: Cannot create output file: /eos/user/e/evilla/dune/sn-tps/production_es/fixed_tps/bkgs//prodmarley_nue_flat_es_dune10kt_1x2x2_20250826T082410Z_gen_000084_supernova_g4_detsim_ana_2025-10-21T_092235Z_bg_tps.root
Adding backgrounds...   2% (    0 it/s)
[1F[1K30/10/2025 17:11:03 [31m[Backtracking.cpp][0m: Cannot create output file: /eos/user/e/evilla/dune/sn-tps/production_es/fixed_tps/bkgs//prodmarley_nue_flat_es_dune10kt_1x2x2_20250826T082412Z_gen_000086_supernova_g4_detsim_ana_2025-10-21T_084428Z_bg_tps.root
30/10/2025 17:11:11 [31m[Backtracking.cpp][0m: Cannot create output file: /eos/user/e/evilla/dune/sn-tps/production_es/fixed_tps/bkgs//prodmarley_nue_flat_es_dune10kt_1x2x2_20250826T082412Z_gen_000088_supernova_g4_detsim_ana_2025-10-21T_090305Z_bg_tps.root
30/10/2025 17:11:41 [31m[Backtracking.cpp][0m: Cannot create output file: /eos/user/e/evilla/dune/sn-tps/production_es/fixed_tps/bkgs//prodmarley_nue_flat_es_dune10kt_1x2x2_20250826T082414Z_gen_000093_supernova_g4_detsim_ana_2025-10-21T_092855Z_bg_tps.root
30/10/2025 17:13:09 [31m[Backtracking.cpp][0m: Cannot create output file: /eos/user/e/evilla/dune/sn-tps/production_es/fixed_tps/bkgs//prodmarley_nue_flat_es_dune10kt_1x2x2_20250826T082415Z_gen_000096_supernova_g4_detsim_ana_2025-10-21T_094457Z_bg_tps.root
30/10/2025 17:14:28 [31m[Backtracking.cpp][0m: Cannot create output file: /eos/user/e/evilla/dune/sn-tps/production_es/fixed_tps/bkgs//prodmarley_nue_flat_es_dune10kt_1x2x2_20250826T082415Z_gen_000097_supernova_g4_detsim_ana_2025-10-21T_092326Z_bg_tps.root
30/10/2025 17:16:07 [31m[Backtracking.cpp][0m: Cannot create output file: /eos/user/e/evilla/dune/sn-tps/production_es/fixed_tps/bkgs//prodmarley_nue_flat_es_dune10kt_1x2x2_20250826T082416Z_gen_000099_supernova_g4_detsim_ana_2025-10-21T_094515Z_bg_tps.root
30/10/2025 17:17:23 [31m[Backtracking.cpp][0m: Cannot create output file: /eos/user/e/evilla/dune/sn-tps/production_es/fixed_tps/bkgs//prodmarley_nue_flat_es_dune10kt_1x2x2_20250826T082416Z_gen_000100_supernova_g4_detsim_ana_2025-10-21T_090257Z_bg_tps.root
30/10/2025 17:18:53 [31m[Backtracking.cpp][0m: Cannot create output file: /eos/user/e/evilla/dune/sn-tps/production_es/fixed_tps/bkgs//prodmarley_nue_flat_es_dune10kt_1x2x2_20250826T082417Z_gen_000101_supernova_g4_detsim_ana_2025-10-21T_094404Z_bg_tps.root
30/10/2025 17:20:11 [31m[Backtracking.cpp][0m: Cannot create output file: /eos/user/e/evilla/dune/sn-tps/production_es/fixed_tps/bkgs//prodmarley_nue_flat_es_dune10kt_1x2x2_20250826T082417Z_gen_000102_supernova_g4_detsim_ana_2025-10-21T_092419Z_bg_tps.root
30/10/2025 17:21:03 [31m[Backtracking.cpp][0m: Cannot create output file: /eos/user/e/evilla/dune/sn-tps/production_es/fixed_tps/bkgs//prodmarley_nue_flat_es_dune10kt_1x2x2_20250826T082419Z_gen_000105_supernova_g4_detsim_ana_2025-10-21T_094514Z_bg_tps.root
30/10/2025 17:21:57 [31m[Backtracking.cpp][0m: Cannot create output file: /eos/user/e/evilla/dune/sn-tps/production_es/fixed_tps/bkgs//prodmarley_nue_flat_es_dune10kt_1x2x2_20250826T082419Z_gen_000107_supernova_g4_detsim_ana_2025-10-21T_091122Z_bg_tps.root
30/10/2025 17:23:06 [31m[Backtracking.cpp][0m: Cannot create output file: /eos/user/e/evilla/dune/sn-tps/production_es/fixed_tps/bkgs//prodmarley_nue_flat_es_dune10kt_1x2x2_20250826T082420Z_gen_000109_supernova_g4_detsim_ana_2025-10-21T_093221Z_bg_tps.root
30/10/2025 17:23:15 [31m[Backtracking.cpp][0m: Cannot create output file: /eos/user/e/evilla/dune/sn-tps/production_es/fixed_tps/bkgs//prodmarley_nue_flat_es_dune10kt_1x2x2_20250826T082421Z_gen_000111_supernova_g4_detsim_ana_2025-10-21T_092846Z_bg_tps.root
30/10/2025 17:28:39 [31m[Backtracking.cpp][0m: Cannot create output file: /eos/user/e/evilla/dune/sn-tps/production_es/fixed_tps/bkgs//prodmarley_nue_flat_es_dune10kt_1x2x2_20250826T082428Z_gen_000122_supernova_g4_detsim_ana_2025-10-21T_090337Z_bg_tps.root
30/10/2025 17:30:13 [31m[Backtracking.cpp][0m: Cannot create output file: /eos/user/e/evilla/dune/sn-tps/production_es/fixed_tps/bkgs//prodmarley_nue_flat_es_dune10kt_1x2x2_20250826T082431Z_gen_000125_supernova_g4_detsim_ana_2025-10-21T_092806Z_bg_tps.root
30/10/2025 17:31:56 [31m[Backtracking.cpp][0m: Cannot create output file: /eos/user/e/evilla/dune/sn-tps/production_es/fixed_tps/bkgs//prodmarley_nue_flat_es_dune10kt_1x2x2_20250826T082433Z_gen_000127_supernova_g4_detsim_ana_2025-10-21T_094510Z_bg_tps.root
Error: Add backgrounds step failed.
