/pool/condor/dir_3252846/sequence.sh: line 10: /pool/condor/scripts/init.sh: No such file or directory
SysError in <TFile::TFile>: file /eos/user/e/evilla/dune/sn-tps/production_es/fixed_tps/bkgs//prodmarley_nue_flat_es_dune10kt_1x2x2_20250826T082330Z_gen_000003_supernova_g4_detsim_ana_2025-10-21T_092418Z_bg_tps.root can not be opened Input/output error
SysError in <TFile::TFile>: file /eos/user/e/evilla/dune/sn-tps/production_es/fixed_tps/bkgs//prodmarley_nue_flat_es_dune10kt_1x2x2_20250826T082334Z_gen_000005_supernova_g4_detsim_ana_2025-10-21T_092851Z_bg_tps.root can not be opened Input/output error
SysError in <TFile::ReadBuffer>: error reading from file /eos/user/e/evilla/dune/sn-tps/bkgs/BG_5_tps.root Input/output error
Error in <TFile::Init>: /eos/user/e/evilla/dune/sn-tps/bkgs/BG_5_tps.root failed to read the file type data.
SysError in <TFile::ReadBuffer>: error reading from file /eos/user/e/evilla/dune/sn-tps/bkgs/BG_75_tps.root Input/output error
Error in <TFile::Init>: /eos/user/e/evilla/dune/sn-tps/bkgs/BG_75_tps.root failed to read the file type data.
SysError in <TFile::ReadBuffer>: error reading from file /eos/user/e/evilla/dune/sn-tps/bkgs/BG_76_tps.root Input/output error
Error in <TFile::Init>: /eos/user/e/evilla/dune/sn-tps/bkgs/BG_76_tps.root failed to read the file type data.
SysError in <TFile::TFile>: file /eos/user/e/evilla/dune/sn-tps/production_es/fixed_tps/bkgs//prodmarley_nue_flat_es_dune10kt_1x2x2_20250826T082336Z_gen_000009_supernova_g4_detsim_ana_2025-10-21T_094414Z_bg_tps.root can not be opened Input/output error
SysError in <TFile::TFile>: file /eos/user/e/evilla/dune/sn-tps/production_es/fixed_tps/bkgs//prodmarley_nue_flat_es_dune10kt_1x2x2_20250826T082337Z_gen_000012_supernova_g4_detsim_ana_2025-10-21T_092825Z_bg_tps.root can not be opened Input/output error
SysError in <TFile::TFile>: file /eos/user/e/evilla/dune/sn-tps/production_es/fixed_tps/bkgs//prodmarley_nue_flat_es_dune10kt_1x2x2_20250826T082338Z_gen_000015_supernova_g4_detsim_ana_2025-10-21T_092459Z_bg_tps.root can not be opened Input/output error
SysError in <TFile::ReadBuffer>: error reading from file /eos/user/e/evilla/dune/sn-tps/bkgs/BG_108_tps.root Input/output error
Error in <TFile::Init>: /eos/user/e/evilla/dune/sn-tps/bkgs/BG_108_tps.root failed to read the file type data.
SysError in <TFile::TFile>: file /eos/user/e/evilla/dune/sn-tps/production_es/fixed_tps/bkgs//prodmarley_nue_flat_es_dune10kt_1x2x2_20250826T082340Z_gen_000019_supernova_g4_detsim_ana_2025-10-21T_094511Z_bg_tps.root can not be opened Input/output error
SysError in <TFile::ReadBuffer>: error reading from file /eos/user/e/evilla/dune/sn-tps/bkgs/BG_119_tps.root Input/output error
Error in <TFile::Init>: /eos/user/e/evilla/dune/sn-tps/bkgs/BG_119_tps.root failed to read the file type data.
SysError in <TFile::ReadBuffer>: error reading from file /eos/user/e/evilla/dune/sn-tps/bkgs/BG_11_tps.root Input/output error
Error in <TFile::Init>: /eos/user/e/evilla/dune/sn-tps/bkgs/BG_11_tps.root failed to read the file type data.
SysError in <TFile::ReadBuffer>: error reading from file /eos/user/e/evilla/dune/sn-tps/bkgs/BG_134_tps.root Input/output error
Error in <TFile::Init>: /eos/user/e/evilla/dune/sn-tps/bkgs/BG_134_tps.root failed to read the file type data.
SysError in <TFile::TFile>: file /eos/user/e/evilla/dune/sn-tps/production_es/fixed_tps/bkgs//prodmarley_nue_flat_es_dune10kt_1x2x2_20250826T082344Z_gen_000026_supernova_g4_detsim_ana_2025-10-21T_094445Z_bg_tps.root can not be opened Input/output error
SysError in <TFile::ReadBuffer>: error reading from file /eos/user/e/evilla/dune/sn-tps/bkgs/BG_149_tps.root Input/output error
Error in <TKey::ReadFile>: Failed to read data.
SysError in <TFile::ReadBuffer>: error reading from file /eos/user/e/evilla/dune/sn-tps/bkgs/BG_149_tps.root Input/output error
Error in <TFile::Recover>: /eos/user/e/evilla/dune/sn-tps/bkgs/BG_149_tps.root: failed to read the key data from disk at 263317.
SysError in <TFile::ReadBuffer>: error reading from file /eos/user/e/evilla/dune/sn-tps/bkgs/BG_149_tps.root Input/output error
Warning in <TFile::GetRecordHeader>: /eos/user/e/evilla/dune/sn-tps/bkgs/BG_149_tps.root: failed to read the StreamerInfo data from disk.
SysError in <TFile::ReadBuffer>: error reading from file /eos/user/e/evilla/dune/sn-tps/bkgs/BG_14_tps.root Input/output error
Error in <TKey::ReadFile>: Failed to read data.
SysError in <TFile::ReadBuffer>: error reading from file /eos/user/e/evilla/dune/sn-tps/bkgs/BG_14_tps.root Input/output error
Error in <TFile::Recover>: /eos/user/e/evilla/dune/sn-tps/bkgs/BG_14_tps.root: failed to read the key data from disk at 263837.
SysError in <TFile::ReadBuffer>: error reading from file /eos/user/e/evilla/dune/sn-tps/bkgs/BG_14_tps.root Input/output error
Warning in <TFile::GetRecordHeader>: /eos/user/e/evilla/dune/sn-tps/bkgs/BG_14_tps.root: failed to read the StreamerInfo data from disk.
SysError in <TFile::ReadBuffer>: error reading from file /eos/user/e/evilla/dune/sn-tps/bkgs/BG_152_tps.root Input/output error
Error in <TKey::ReadFile>: Failed to read data.
SysError in <TFile::ReadBuffer>: error reading from file /eos/user/e/evilla/dune/sn-tps/bkgs/BG_152_tps.root Input/output error
Error in <TFile::Recover>: /eos/user/e/evilla/dune/sn-tps/bkgs/BG_152_tps.root: failed to read the key data from disk at 263897.
SysError in <TFile::ReadBuffer>: error reading from file /eos/user/e/evilla/dune/sn-tps/bkgs/BG_152_tps.root Input/output error
Warning in <TFile::GetRecordHeader>: /eos/user/e/evilla/dune/sn-tps/bkgs/BG_152_tps.root: failed to read the StreamerInfo data from disk.
SysError in <TFile::ReadBuffer>: error reading from file /eos/user/e/evilla/dune/sn-tps/bkgs/BG_154_tps.root Input/output error
Error in <TFile::Init>: /eos/user/e/evilla/dune/sn-tps/bkgs/BG_154_tps.root failed to read the file type data.
SysError in <TFile::ReadBuffer>: error reading from file /eos/user/e/evilla/dune/sn-tps/bkgs/BG_183_tps.root Input/output error
Error in <TFile::Init>: /eos/user/e/evilla/dune/sn-tps/bkgs/BG_183_tps.root failed to read the file type data.
SysError in <TFile::ReadBuffer>: error reading from file /eos/user/e/evilla/dune/sn-tps/bkgs/BG_184_tps.root Input/output error
Error in <TFile::Init>: /eos/user/e/evilla/dune/sn-tps/bkgs/BG_184_tps.root failed to read the file type data.
SysError in <TFile::TFile>: file /eos/user/e/evilla/dune/sn-tps/production_es/fixed_tps/bkgs//prodmarley_nue_flat_es_dune10kt_1x2x2_20250826T082351Z_gen_000039_supernova_g4_detsim_ana_2025-10-21T_084428Z_bg_tps.root can not be opened Input/output error

 *** Break *** bus error
/afs/cern.ch/work/e/evilla/private/dune/online-pointing-utils/scripts/add_backgrounds.sh: line 126:   434 Bus error               (core dumped) $command_to_run
