Home directory set from CLI to: /afs/cern.ch/work/e/evilla/private/dune/online-pointing-utils

init.sh script started
 Repository home is /afs/cern.ch/work/e/evilla/private/dune/online-pointing-utils
 Parameters directory is /afs/cern.ch/work/e/evilla/private/dune/online-pointing-utils/parameters
 Setting up environment for lxplus using /cvmfs/sft.cern.ch/lcg/views/LCG_104/x86_64-el9-gcc11-opt/setup.sh
 WARNING: python environment not found, not activating.
init.sh finished

**************************
Selected options:
Run backtrack:		false
Run analyze_tps:	false
Run add backgrounds:	true
Run make clusters:	false
Run analyze:		false
Run generate images:	false
Run generate volumes:	false
Run analyze volumes:	false
Clean clusters (no backgrounds):	false
No compile:		true
Clean compile:		false
Override:		true
**************************

**************************
Sample selected: .
Global json settings file provided: /afs/cern.ch/work/e/evilla/private/dune/online-pointing-utils/json/es_fixed_myproc.json
**************************
 Looking for json settings using command: /afs/cern.ch/work/e/evilla/private/dune/online-pointing-utils/scripts/findSettings.sh -j /afs/cern.ch/work/e/evilla/private/dune/online-pointing-utils/json/es_fixed_myproc.json
Global settings file found, full path is: /afs/cern.ch/work/e/evilla/private/dune/online-pointing-utils/json/es_fixed_myproc.json 

Using this for all steps, overriding individual jsons.
Compiling the code with the following command:
/afs/cern.ch/work/e/evilla/private/dune/online-pointing-utils/scripts/compile.sh -p /afs/cern.ch/work/e/evilla/private/dune/online-pointing-utils --no-compile true --clean-compile false
Starting script /pool/condor/dir_4174983/sequence.sh
Environment is already initialized, not running init.sh again.
If it is not loaded properly, run export INIT_DONE=false and rerun init.sh
 Got home path as argument
  No compilation was requested. Stopping execution of this script.

Running add backgrounds step with command:
/afs/cern.ch/work/e/evilla/private/dune/online-pointing-utils/scripts/add_backgrounds.sh -j /afs/cern.ch/work/e/evilla/private/dune/online-pointing-utils/json/es_fixed_myproc.json --no-compile -f true -v false -d false --max-files 20 --skip-files 3840
Environment is already initialized, not running init.sh again.
If it is not loaded properly, run export INIT_DONE=false and rerun init.sh
 Looking for json settings using command: /afs/cern.ch/work/e/evilla/private/dune/online-pointing-utils/scripts/findSettings.sh -j /afs/cern.ch/work/e/evilla/private/dune/online-pointing-utils/json/es_fixed_myproc.json
Settings file found, full path is: /afs/cern.ch/work/e/evilla/private/dune/online-pointing-utils/json/es_fixed_myproc.json 

Compiling the code with the following command:
/afs/cern.ch/work/e/evilla/private/dune/online-pointing-utils/scripts/compile.sh -p /afs/cern.ch/work/e/evilla/private/dune/online-pointing-utils --no-compile true --clean-compile
Starting script /afs/cern.ch/work/e/evilla/private/dune/online-pointing-utils/scripts/add_backgrounds.sh
Environment is already initialized, not running init.sh again.
If it is not loaded properly, run export INIT_DONE=false and rerun init.sh
 Got home path as argument
  No compilation was requested. Stopping execution of this script.

Running: /afs/cern.ch/work/e/evilla/private/dune/online-pointing-utils/build//src/app/add_backgrounds -j /afs/cern.ch/work/e/evilla/private/dune/online-pointing-utils/json/es_fixed_myproc.json -f
30/10/2025 16:21:24 [32m[add_backgrounds.cpp][0m: > add_backgrounds app - Merge signal TPs with random background events, writing *_tps_bg.root files.

30/10/2025 16:21:24 [32m[add_backgrounds.cpp][0m: Usage: 
30/10/2025 16:21:24 [32m[add_backgrounds.cpp][0m: ──────────── Main options ────────────
30/10/2025 16:21:24 [32m[add_backgrounds.cpp][0m: json {-j,--json}: JSON file containing the configuration (expected: 1 value)
30/10/2025 16:21:24 [32m[add_backgrounds.cpp][0m: skip_files {-s,--skip}: Number of files to skip at start (overrides JSON) (expected: N values)
30/10/2025 16:21:24 [32m[add_backgrounds.cpp][0m: max_files {-m,--max}: Maximum number of files to process (overrides JSON) (expected: N values)
30/10/2025 16:21:24 [32m[add_backgrounds.cpp][0m: verboseMode {-v,--verbose}: Run in verbose mode (trigger)
30/10/2025 16:21:24 [32m[add_backgrounds.cpp][0m: debugMode {-d,--debug}: Run in debug mode (more detailed than verbose) (trigger)
30/10/2025 16:21:24 [32m[add_backgrounds.cpp][0m: override {-f,--override}: Override existing output files (trigger)


30/10/2025 16:21:24 [32m[add_backgrounds.cpp][0m: Number of files to skip at start: 0
30/10/2025 16:21:24 [32m[add_backgrounds.cpp][0m: Configuration:
30/10/2025 16:21:24 [32m[add_backgrounds.cpp][0m:  - Signal type: cc
30/10/2025 16:21:24 [32m[add_backgrounds.cpp][0m:  - Signal folder (pure signal TPs): /eos/user/e/evilla/dune/sn-tps/production_es/fixed_tps/
30/10/2025 16:21:24 [32m[add_backgrounds.cpp][0m:  - Background folder (pure bg TPs): /eos/user/e/evilla/dune/sn-tps/bkgs/
30/10/2025 16:21:24 [32m[add_backgrounds.cpp][0m:  - Output folder (merged TPs): /eos/user/e/evilla/dune/sn-tps/production_es/fixed_tps/bkgs/
30/10/2025 16:21:24 [32m[add_backgrounds.cpp][0m:  - Add backgrounds around vertex only: NO
30/10/2025 16:21:24 [32m[add_backgrounds.cpp][0m:  - Max files to process: unlimited
30/10/2025 16:21:24 [32m[utils.cpp][0m: [find_input_files] Called with pattern: sig
30/10/2025 16:23:54 [32m[add_backgrounds.cpp][0m: Found 4520 signal files
30/10/2025 16:23:54 [32m[utils.cpp][0m: [find_input_files] Called with pattern: bg
30/10/2025 16:26:15 [32m[add_backgrounds.cpp][0m: Found 346 background files
Adding backgrounds...   0% (    0 it/s)
[1F[1K file probably overwritten: stopping reporting error messages
Error: Add backgrounds step failed.
