Home directory set from CLI to: /afs/cern.ch/work/e/evilla/private/dune/online-pointing-utils

init.sh script started
 Repository home is /afs/cern.ch/work/e/evilla/private/dune/online-pointing-utils
 Parameters directory is /afs/cern.ch/work/e/evilla/private/dune/online-pointing-utils/parameters
 Setting up environment for lxplus using /cvmfs/sft.cern.ch/lcg/views/LCG_104/x86_64-el9-gcc11-opt/setup.sh
 WARNING: python environment not found, not activating.
init.sh finished

**************************
Selected options:
Run backtrack:		false
Run analyze_tps:	false
Run add backgrounds:	true
Run make clusters:	false
Run analyze:		false
Run generate images:	false
Run generate volumes:	false
Run analyze volumes:	false
Clean clusters (no backgrounds):	false
No compile:		true
Clean compile:		false
Override:		true
**************************

**************************
Sample selected: .
Global json settings file provided: /afs/cern.ch/work/e/evilla/private/dune/online-pointing-utils/json/es_fixed_myproc.json
**************************
 Looking for json settings using command: /afs/cern.ch/work/e/evilla/private/dune/online-pointing-utils/scripts/findSettings.sh -j /afs/cern.ch/work/e/evilla/private/dune/online-pointing-utils/json/es_fixed_myproc.json
Global settings file found, full path is: /afs/cern.ch/work/e/evilla/private/dune/online-pointing-utils/json/es_fixed_myproc.json 

Using this for all steps, overriding individual jsons.
Compiling the code with the following command:
/afs/cern.ch/work/e/evilla/private/dune/online-pointing-utils/scripts/compile.sh -p /afs/cern.ch/work/e/evilla/private/dune/online-pointing-utils --no-compile true --clean-compile false
Starting script /pool/condor/dir_2702969/sequence.sh
Environment is already initialized, not running init.sh again.
If it is not loaded properly, run export INIT_DONE=false and rerun init.sh
 Got home path as argument
  No compilation was requested. Stopping execution of this script.

Running add backgrounds step with command:
/afs/cern.ch/work/e/evilla/private/dune/online-pointing-utils/scripts/add_backgrounds.sh -j /afs/cern.ch/work/e/evilla/private/dune/online-pointing-utils/json/es_fixed_myproc.json --no-compile -f true -v false -d false --max-files 20 --skip-files 2100
Environment is already initialized, not running init.sh again.
If it is not loaded properly, run export INIT_DONE=false and rerun init.sh
 Looking for json settings using command: /afs/cern.ch/work/e/evilla/private/dune/online-pointing-utils/scripts/findSettings.sh -j /afs/cern.ch/work/e/evilla/private/dune/online-pointing-utils/json/es_fixed_myproc.json
Settings file found, full path is: /afs/cern.ch/work/e/evilla/private/dune/online-pointing-utils/json/es_fixed_myproc.json 

Compiling the code with the following command:
/afs/cern.ch/work/e/evilla/private/dune/online-pointing-utils/scripts/compile.sh -p /afs/cern.ch/work/e/evilla/private/dune/online-pointing-utils --no-compile true --clean-compile
Starting script /afs/cern.ch/work/e/evilla/private/dune/online-pointing-utils/scripts/add_backgrounds.sh
Environment is already initialized, not running init.sh again.
If it is not loaded properly, run export INIT_DONE=false and rerun init.sh
 Got home path as argument
  No compilation was requested. Stopping execution of this script.

Running: /afs/cern.ch/work/e/evilla/private/dune/online-pointing-utils/build//src/app/add_backgrounds -j /afs/cern.ch/work/e/evilla/private/dune/online-pointing-utils/json/es_fixed_myproc.json -f
30/10/2025 16:20:54 [32m[add_backgrounds.cpp][0m: > add_backgrounds app - Merge signal TPs with random background events, writing *_tps_bg.root files.

30/10/2025 16:20:54 [32m[add_backgrounds.cpp][0m: Usage: 
30/10/2025 16:20:54 [32m[add_backgrounds.cpp][0m: ──────────── Main options ────────────
30/10/2025 16:20:54 [32m[add_backgrounds.cpp][0m: json {-j,--json}: JSON file containing the configuration (expected: 1 value)
30/10/2025 16:20:54 [32m[add_backgrounds.cpp][0m: skip_files {-s,--skip}: Number of files to skip at start (overrides JSON) (expected: N values)
30/10/2025 16:20:54 [32m[add_backgrounds.cpp][0m: max_files {-m,--max}: Maximum number of files to process (overrides JSON) (expected: N values)
30/10/2025 16:20:54 [32m[add_backgrounds.cpp][0m: verboseMode {-v,--verbose}: Run in verbose mode (trigger)
30/10/2025 16:20:54 [32m[add_backgrounds.cpp][0m: debugMode {-d,--debug}: Run in debug mode (more detailed than verbose) (trigger)
30/10/2025 16:20:54 [32m[add_backgrounds.cpp][0m: override {-f,--override}: Override existing output files (trigger)


30/10/2025 16:20:54 [32m[add_backgrounds.cpp][0m: Number of files to skip at start: 0
30/10/2025 16:20:54 [32m[add_backgrounds.cpp][0m: Configuration:
30/10/2025 16:20:54 [32m[add_backgrounds.cpp][0m:  - Signal type: cc
30/10/2025 16:20:54 [32m[add_backgrounds.cpp][0m:  - Signal folder (pure signal TPs): /eos/user/e/evilla/dune/sn-tps/production_es/fixed_tps/
30/10/2025 16:20:54 [32m[add_backgrounds.cpp][0m:  - Background folder (pure bg TPs): /eos/user/e/evilla/dune/sn-tps/bkgs/
30/10/2025 16:20:54 [32m[add_backgrounds.cpp][0m:  - Output folder (merged TPs): /eos/user/e/evilla/dune/sn-tps/production_es/fixed_tps/bkgs/
30/10/2025 16:20:54 [32m[add_backgrounds.cpp][0m:  - Add backgrounds around vertex only: NO
30/10/2025 16:20:54 [32m[add_backgrounds.cpp][0m:  - Max files to process: unlimited
30/10/2025 16:20:54 [32m[utils.cpp][0m: [find_input_files] Called with pattern: sig
30/10/2025 16:21:03 [32m[add_backgrounds.cpp][0m: Found 4520 signal files
30/10/2025 16:21:03 [32m[utils.cpp][0m: [find_input_files] Called with pattern: bg
30/10/2025 16:30:24 [32m[add_backgrounds.cpp][0m: Found 346 background files
Adding backgrounds...   0% (    0 it/s)
[1F[1K30/10/2025 16:34:04 [31m[Backtracking.cpp][0m: Cannot create output file: /eos/user/e/evilla/dune/sn-tps/production_es/fixed_tps/bkgs//prodmarley_nue_flat_es_dune10kt_1x2x2_20250826T082329Z_gen_000001_supernova_g4_detsim_ana_2025-10-21T_090355Z_bg_tps.root
30/10/2025 16:34:43 [31m[Clustering.cpp][0m: Cannot open: /eos/user/e/evilla/dune/sn-tps/production_es/fixed_tps/prodmarley_nue_flat_es_dune10kt_1x2x2_20250826T082329Z_gen_000002_supernova_g4_detsim_ana_2025-10-21T_092404Z_tps.root
30/10/2025 16:36:19 [31m[Backtracking.cpp][0m: Cannot create output file: /eos/user/e/evilla/dune/sn-tps/production_es/fixed_tps/bkgs//prodmarley_nue_flat_es_dune10kt_1x2x2_20250826T082329Z_gen_000002_supernova_g4_detsim_ana_2025-10-21T_092404Z_bg_tps.root
30/10/2025 16:38:04 [31m[Backtracking.cpp][0m: Cannot create output file: /eos/user/e/evilla/dune/sn-tps/production_es/fixed_tps/bkgs//prodmarley_nue_flat_es_dune10kt_1x2x2_20250826T082334Z_gen_000005_supernova_g4_detsim_ana_2025-10-21T_092851Z_bg_tps.root
30/10/2025 16:41:38 [31m[Backtracking.cpp][0m: Cannot create output file: /eos/user/e/evilla/dune/sn-tps/production_es/fixed_tps/bkgs//prodmarley_nue_flat_es_dune10kt_1x2x2_20250826T082336Z_gen_000010_supernova_g4_detsim_ana_2025-10-21T_094453Z_bg_tps.root
30/10/2025 16:43:39 [31m[Backtracking.cpp][0m: Cannot create output file: /eos/user/e/evilla/dune/sn-tps/production_es/fixed_tps/bkgs//prodmarley_nue_flat_es_dune10kt_1x2x2_20250826T082340Z_gen_000019_supernova_g4_detsim_ana_2025-10-21T_094511Z_bg_tps.root
30/10/2025 16:46:25 [31m[Backtracking.cpp][0m: Cannot create output file: /eos/user/e/evilla/dune/sn-tps/production_es/fixed_tps/bkgs//prodmarley_nue_flat_es_dune10kt_1x2x2_20250826T082341Z_gen_000021_supernova_g4_detsim_ana_2025-10-21T_092301Z_bg_tps.root
30/10/2025 16:46:27 [31m[Backtracking.cpp][0m: Cannot create output file: /eos/user/e/evilla/dune/sn-tps/production_es/fixed_tps/bkgs//prodmarley_nue_flat_es_dune10kt_1x2x2_20250826T082342Z_gen_000022_supernova_g4_detsim_ana_2025-10-21T_090421Z_bg_tps.root
30/10/2025 16:46:29 [31m[Backtracking.cpp][0m: Cannot create output file: /eos/user/e/evilla/dune/sn-tps/production_es/fixed_tps/bkgs//prodmarley_nue_flat_es_dune10kt_1x2x2_20250826T082343Z_gen_000023_supernova_g4_detsim_ana_2025-10-21T_094430Z_bg_tps.root
30/10/2025 16:48:01 [31m[Backtracking.cpp][0m: Cannot create output file: /eos/user/e/evilla/dune/sn-tps/production_es/fixed_tps/bkgs//prodmarley_nue_flat_es_dune10kt_1x2x2_20250826T082343Z_gen_000025_supernova_g4_detsim_ana_2025-10-21T_092432Z_bg_tps.root
30/10/2025 16:48:11 [31m[Backtracking.cpp][0m: Cannot create output file: /eos/user/e/evilla/dune/sn-tps/production_es/fixed_tps/bkgs//prodmarley_nue_flat_es_dune10kt_1x2x2_20250826T082344Z_gen_000027_supernova_g4_detsim_ana_2025-10-21T_084427Z_bg_tps.root
Adding backgrounds...   1% (    0 it/s)
[1F[1K30/10/2025 16:48:17 [31m[Backtracking.cpp][0m: Cannot create output file: /eos/user/e/evilla/dune/sn-tps/production_es/fixed_tps/bkgs//prodmarley_nue_flat_es_dune10kt_1x2x2_20250826T082348Z_gen_000030_supernova_g4_detsim_ana_2025-10-21T_090302Z_bg_tps.root
30/10/2025 16:49:21 [31m[Backtracking.cpp][0m: Cannot create output file: /eos/user/e/evilla/dune/sn-tps/production_es/fixed_tps/bkgs//prodmarley_nue_flat_es_dune10kt_1x2x2_20250826T082349Z_gen_000032_supernova_g4_detsim_ana_2025-10-21T_092740Z_bg_tps.root
30/10/2025 16:49:24 [31m[Backtracking.cpp][0m: Cannot create output file: /eos/user/e/evilla/dune/sn-tps/production_es/fixed_tps/bkgs//prodmarley_nue_flat_es_dune10kt_1x2x2_20250826T082350Z_gen_000034_supernova_g4_detsim_ana_2025-10-21T_090428Z_bg_tps.root
30/10/2025 16:49:58 [31m[Backtracking.cpp][0m: Cannot create output file: /eos/user/e/evilla/dune/sn-tps/production_es/fixed_tps/bkgs//prodmarley_nue_flat_es_dune10kt_1x2x2_20250826T082351Z_gen_000039_supernova_g4_detsim_ana_2025-10-21T_084428Z_bg_tps.root
30/10/2025 16:50:03 [31m[Backtracking.cpp][0m: Cannot create output file: /eos/user/e/evilla/dune/sn-tps/production_es/fixed_tps/bkgs//prodmarley_nue_flat_es_dune10kt_1x2x2_20250826T082351Z_gen_000040_supernova_g4_detsim_ana_2025-10-21T_094503Z_bg_tps.root
30/10/2025 16:50:13 [31m[Clustering.cpp][0m: Cannot open: /eos/user/e/evilla/dune/sn-tps/bkgs/BG_75_tps.root
30/10/2025 16:50:13 [33m[add_backgrounds.cpp][0m: Background file /eos/user/e/evilla/dune/sn-tps/bkgs/BG_75_tps.root has no events!
30/10/2025 16:50:20 [31m[Backtracking.cpp][0m: Cannot create output file: /eos/user/e/evilla/dune/sn-tps/production_es/fixed_tps/bkgs//prodmarley_nue_flat_es_dune10kt_1x2x2_20250826T082356Z_gen_000042_supernova_g4_detsim_ana_2025-10-21T_090255Z_bg_tps.root
30/10/2025 16:50:24 [31m[Backtracking.cpp][0m: Cannot create output file: /eos/user/e/evilla/dune/sn-tps/production_es/fixed_tps/bkgs//prodmarley_nue_flat_es_dune10kt_1x2x2_20250826T082356Z_gen_000043_supernova_g4_detsim_ana_2025-10-21T_092535Z_bg_tps.root
30/10/2025 16:50:33 [31m[Backtracking.cpp][0m: Cannot create output file: /eos/user/e/evilla/dune/sn-tps/production_es/fixed_tps/bkgs//prodmarley_nue_flat_es_dune10kt_1x2x2_20250826T082357Z_gen_000044_supernova_g4_detsim_ana_2025-10-21T_092950Z_bg_tps.root
30/10/2025 16:50:49 [31m[Backtracking.cpp][0m: Cannot create output file: /eos/user/e/evilla/dune/sn-tps/production_es/fixed_tps/bkgs//prodmarley_nue_flat_es_dune10kt_1x2x2_20250826T082359Z_gen_000047_supernova_g4_detsim_ana_2025-10-21T_094513Z_bg_tps.root
30/10/2025 16:50:53 [31m[Backtracking.cpp][0m: Cannot create output file: /eos/user/e/evilla/dune/sn-tps/production_es/fixed_tps/bkgs//prodmarley_nue_flat_es_dune10kt_1x2x2_20250826T082359Z_gen_000048_supernova_g4_detsim_ana_2025-10-21T_084424Z_bg_tps.root
30/10/2025 16:51:03 [31m[Backtracking.cpp][0m: Cannot create output file: /eos/user/e/evilla/dune/sn-tps/production_es/fixed_tps/bkgs//prodmarley_nue_flat_es_dune10kt_1x2x2_20250826T082400Z_gen_000050_supernova_g4_detsim_ana_2025-10-21T_090414Z_bg_tps.root
30/10/2025 16:51:16 [31m[Backtracking.cpp][0m: Cannot create output file: /eos/user/e/evilla/dune/sn-tps/production_es/fixed_tps/bkgs//prodmarley_nue_flat_es_dune10kt_1x2x2_20250826T082400Z_gen_000052_supernova_g4_detsim_ana_2025-10-21T_092331Z_bg_tps.root
30/10/2025 16:51:19 [31m[Backtracking.cpp][0m: Cannot create output file: /eos/user/e/evilla/dune/sn-tps/production_es/fixed_tps/bkgs//prodmarley_nue_flat_es_dune10kt_1x2x2_20250826T082401Z_gen_000053_supernova_g4_detsim_ana_2025-10-21T_084431Z_bg_tps.root
30/10/2025 16:51:29 [31m[Backtracking.cpp][0m: Cannot create output file: /eos/user/e/evilla/dune/sn-tps/production_es/fixed_tps/bkgs//prodmarley_nue_flat_es_dune10kt_1x2x2_20250826T082401Z_gen_000056_supernova_g4_detsim_ana_2025-10-21T_092846Z_bg_tps.root
30/10/2025 16:51:31 [31m[Backtracking.cpp][0m: Cannot create output file: /eos/user/e/evilla/dune/sn-tps/production_es/fixed_tps/bkgs//prodmarley_nue_flat_es_dune10kt_1x2x2_20250826T082402Z_gen_000058_supernova_g4_detsim_ana_2025-10-21T_092752Z_bg_tps.root
30/10/2025 16:51:33 [31m[Backtracking.cpp][0m: Cannot create output file: /eos/user/e/evilla/dune/sn-tps/production_es/fixed_tps/bkgs//prodmarley_nue_flat_es_dune10kt_1x2x2_20250826T082402Z_gen_000059_supernova_g4_detsim_ana_2025-10-21T_094516Z_bg_tps.root
30/10/2025 16:53:01 [31m[Backtracking.cpp][0m: Cannot create output file: /eos/user/e/evilla/dune/sn-tps/production_es/fixed_tps/bkgs//prodmarley_nue_flat_es_dune10kt_1x2x2_20250826T082403Z_gen_000063_supernova_g4_detsim_ana_2025-10-21T_092429Z_bg_tps.root
30/10/2025 16:53:29 [31m[Backtracking.cpp][0m: Cannot create output file: /eos/user/e/evilla/dune/sn-tps/production_es/fixed_tps/bkgs//prodmarley_nue_flat_es_dune10kt_1x2x2_20250826T082405Z_gen_000071_supernova_g4_detsim_ana_2025-10-21T_091825Z_bg_tps.root
30/10/2025 16:53:49 [31m[Backtracking.cpp][0m: Cannot create output file: /eos/user/e/evilla/dune/sn-tps/production_es/fixed_tps/bkgs//prodmarley_nue_flat_es_dune10kt_1x2x2_20250826T082406Z_gen_000075_supernova_g4_detsim_ana_2025-10-21T_092829Z_bg_tps.root
30/10/2025 16:54:30 [31m[Backtracking.cpp][0m: Cannot create output file: /eos/user/e/evilla/dune/sn-tps/production_es/fixed_tps/bkgs//prodmarley_nue_flat_es_dune10kt_1x2x2_20250826T082407Z_gen_000077_supernova_g4_detsim_ana_2025-10-21T_091831Z_bg_tps.root
30/10/2025 16:54:54 [31m[Backtracking.cpp][0m: Cannot create output file: /eos/user/e/evilla/dune/sn-tps/production_es/fixed_tps/bkgs//prodmarley_nue_flat_es_dune10kt_1x2x2_20250826T082410Z_gen_000084_supernova_g4_detsim_ana_2025-10-21T_092235Z_bg_tps.root
Adding backgrounds...   2% (    0 it/s)
[1F[1K30/10/2025 16:55:54 [31m[Backtracking.cpp][0m: Cannot create output file: /eos/user/e/evilla/dune/sn-tps/production_es/fixed_tps/bkgs//prodmarley_nue_flat_es_dune10kt_1x2x2_20250826T082412Z_gen_000088_supernova_g4_detsim_ana_2025-10-21T_090305Z_bg_tps.root
30/10/2025 16:56:50 [31m[Backtracking.cpp][0m: Cannot create output file: /eos/user/e/evilla/dune/sn-tps/production_es/fixed_tps/bkgs//prodmarley_nue_flat_es_dune10kt_1x2x2_20250826T082413Z_gen_000091_supernova_g4_detsim_ana_2025-10-21T_091800Z_bg_tps.root
30/10/2025 16:57:28 [31m[Backtracking.cpp][0m: Cannot create output file: /eos/user/e/evilla/dune/sn-tps/production_es/fixed_tps/bkgs//prodmarley_nue_flat_es_dune10kt_1x2x2_20250826T082413Z_gen_000092_supernova_g4_detsim_ana_2025-10-21T_094451Z_bg_tps.root
30/10/2025 16:57:42 [31m[Backtracking.cpp][0m: Cannot create output file: /eos/user/e/evilla/dune/sn-tps/production_es/fixed_tps/bkgs//prodmarley_nue_flat_es_dune10kt_1x2x2_20250826T082415Z_gen_000096_supernova_g4_detsim_ana_2025-10-21T_094457Z_bg_tps.root
30/10/2025 16:59:10 [31m[Backtracking.cpp][0m: Cannot create output file: /eos/user/e/evilla/dune/sn-tps/production_es/fixed_tps/bkgs//prodmarley_nue_flat_es_dune10kt_1x2x2_20250826T082415Z_gen_000097_supernova_g4_detsim_ana_2025-10-21T_092326Z_bg_tps.root
30/10/2025 16:59:53 [31m[Backtracking.cpp][0m: Cannot create output file: /eos/user/e/evilla/dune/sn-tps/production_es/fixed_tps/bkgs//prodmarley_nue_flat_es_dune10kt_1x2x2_20250826T082416Z_gen_000098_supernova_g4_detsim_ana_2025-10-21T_094452Z_bg_tps.root
30/10/2025 17:00:35 [31m[Backtracking.cpp][0m: Cannot create output file: /eos/user/e/evilla/dune/sn-tps/production_es/fixed_tps/bkgs//prodmarley_nue_flat_es_dune10kt_1x2x2_20250826T082416Z_gen_000100_supernova_g4_detsim_ana_2025-10-21T_090257Z_bg_tps.root
30/10/2025 17:01:58 [31m[Backtracking.cpp][0m: Cannot create output file: /eos/user/e/evilla/dune/sn-tps/production_es/fixed_tps/bkgs//prodmarley_nue_flat_es_dune10kt_1x2x2_20250826T082418Z_gen_000103_supernova_g4_detsim_ana_2025-10-21T_092851Z_bg_tps.root
30/10/2025 17:02:08 [31m[Backtracking.cpp][0m: Cannot create output file: /eos/user/e/evilla/dune/sn-tps/production_es/fixed_tps/bkgs//prodmarley_nue_flat_es_dune10kt_1x2x2_20250826T082419Z_gen_000105_supernova_g4_detsim_ana_2025-10-21T_094514Z_bg_tps.root
30/10/2025 17:03:19 [31m[Backtracking.cpp][0m: Cannot create output file: /eos/user/e/evilla/dune/sn-tps/production_es/fixed_tps/bkgs//prodmarley_nue_flat_es_dune10kt_1x2x2_20250826T082420Z_gen_000109_supernova_g4_detsim_ana_2025-10-21T_093221Z_bg_tps.root
30/10/2025 17:04:33 [31m[Backtracking.cpp][0m: Cannot create output file: /eos/user/e/evilla/dune/sn-tps/production_es/fixed_tps/bkgs//prodmarley_nue_flat_es_dune10kt_1x2x2_20250826T082421Z_gen_000111_supernova_g4_detsim_ana_2025-10-21T_092846Z_bg_tps.root
30/10/2025 17:05:26 [31m[Backtracking.cpp][0m: Cannot create output file: /eos/user/e/evilla/dune/sn-tps/production_es/fixed_tps/bkgs//prodmarley_nue_flat_es_dune10kt_1x2x2_20250826T082422Z_gen_000113_supernova_g4_detsim_ana_2025-10-21T_094423Z_bg_tps.root
30/10/2025 17:06:36 [31m[Backtracking.cpp][0m: Cannot create output file: /eos/user/e/evilla/dune/sn-tps/production_es/fixed_tps/bkgs//prodmarley_nue_flat_es_dune10kt_1x2x2_20250826T082424Z_gen_000116_supernova_g4_detsim_ana_2025-10-21T_090413Z_bg_tps.root
30/10/2025 17:07:58 [31m[Backtracking.cpp][0m: Cannot create output file: /eos/user/e/evilla/dune/sn-tps/production_es/fixed_tps/bkgs//prodmarley_nue_flat_es_dune10kt_1x2x2_20250826T082425Z_gen_000118_supernova_g4_detsim_ana_2025-10-21T_092314Z_bg_tps.root
30/10/2025 17:08:00 [31m[Backtracking.cpp][0m: Cannot create output file: /eos/user/e/evilla/dune/sn-tps/production_es/fixed_tps/bkgs//prodmarley_nue_flat_es_dune10kt_1x2x2_20250826T082425Z_gen_000119_supernova_g4_detsim_ana_2025-10-21T_092323Z_bg_tps.root
30/10/2025 17:08:50 [31m[Backtracking.cpp][0m: Cannot create output file: /eos/user/e/evilla/dune/sn-tps/production_es/fixed_tps/bkgs//prodmarley_nue_flat_es_dune10kt_1x2x2_20250826T082425Z_gen_000120_supernova_g4_detsim_ana_2025-10-21T_084425Z_bg_tps.root
30/10/2025 17:10:25 [31m[Backtracking.cpp][0m: Cannot create output file: /eos/user/e/evilla/dune/sn-tps/production_es/fixed_tps/bkgs//prodmarley_nue_flat_es_dune10kt_1x2x2_20250826T082428Z_gen_000122_supernova_g4_detsim_ana_2025-10-21T_090337Z_bg_tps.root
30/10/2025 17:10:27 [31m[Backtracking.cpp][0m: Cannot create output file: /eos/user/e/evilla/dune/sn-tps/production_es/fixed_tps/bkgs//prodmarley_nue_flat_es_dune10kt_1x2x2_20250826T082428Z_gen_000123_supernova_g4_detsim_ana_2025-10-21T_084435Z_bg_tps.root
30/10/2025 17:10:31 [31m[Backtracking.cpp][0m: Cannot create output file: /eos/user/e/evilla/dune/sn-tps/production_es/fixed_tps/bkgs//prodmarley_nue_flat_es_dune10kt_1x2x2_20250826T082429Z_gen_000124_supernova_g4_detsim_ana_2025-10-21T_092236Z_bg_tps.root
30/10/2025 17:10:35 [31m[Backtracking.cpp][0m: Cannot create output file: /eos/user/e/evilla/dune/sn-tps/production_es/fixed_tps/bkgs//prodmarley_nue_flat_es_dune10kt_1x2x2_20250826T082431Z_gen_000125_supernova_g4_detsim_ana_2025-10-21T_092806Z_bg_tps.root
30/10/2025 17:10:42 [31m[Backtracking.cpp][0m: Cannot create output file: /eos/user/e/evilla/dune/sn-tps/production_es/fixed_tps/bkgs//prodmarley_nue_flat_es_dune10kt_1x2x2_20250826T082433Z_gen_000127_supernova_g4_detsim_ana_2025-10-21T_094510Z_bg_tps.root
30/10/2025 17:11:13 [31m[Backtracking.cpp][0m: Cannot create output file: /eos/user/e/evilla/dune/sn-tps/production_es/fixed_tps/bkgs//prodmarley_nue_flat_es_dune10kt_1x2x2_20250826T082438Z_gen_000133_supernova_g4_detsim_ana_2025-10-21T_092807Z_bg_tps.root
30/10/2025 17:12:31 [31m[Backtracking.cpp][0m: Cannot create output file: /eos/user/e/evilla/dune/sn-tps/production_es/fixed_tps/bkgs//prodmarley_nue_flat_es_dune10kt_1x2x2_20250826T082439Z_gen_000134_supernova_g4_detsim_ana_2025-10-21T_092422Z_bg_tps.root
30/10/2025 17:13:21 [31m[Backtracking.cpp][0m: Cannot create output file: /eos/user/e/evilla/dune/sn-tps/production_es/fixed_tps/bkgs//prodmarley_nue_flat_es_dune10kt_1x2x2_20250826T082441Z_gen_000136_supernova_g4_detsim_ana_2025-10-21T_090431Z_bg_tps.root
Adding backgrounds...   3% (    0 it/s)
[1F[1K30/10/2025 17:15:00 [31m[Backtracking.cpp][0m: Cannot create output file: /eos/user/e/evilla/dune/sn-tps/production_es/fixed_tps/bkgs//prodmarley_nue_flat_es_dune10kt_1x2x2_20250826T082446Z_gen_000138_supernova_g4_detsim_ana_2025-10-21T_094450Z_bg_tps.root
30/10/2025 17:16:09 [31m[Backtracking.cpp][0m: Cannot create output file: /eos/user/e/evilla/dune/sn-tps/production_es/fixed_tps/bkgs//prodmarley_nue_flat_es_dune10kt_1x2x2_20250826T082449Z_gen_000142_supernova_g4_detsim_ana_2025-10-21T_084420Z_bg_tps.root
30/10/2025 17:16:17 [31m[Backtracking.cpp][0m: Cannot create output file: /eos/user/e/evilla/dune/sn-tps/production_es/fixed_tps/bkgs//prodmarley_nue_flat_es_dune10kt_1x2x2_20250826T082449Z_gen_000143_supernova_g4_detsim_ana_2025-10-21T_092537Z_bg_tps.root
30/10/2025 17:16:19 [31m[Backtracking.cpp][0m: Cannot create output file: /eos/user/e/evilla/dune/sn-tps/production_es/fixed_tps/bkgs//prodmarley_nue_flat_es_dune10kt_1x2x2_20250826T082450Z_gen_000144_supernova_g4_detsim_ana_2025-10-21T_092813Z_bg_tps.root
30/10/2025 17:18:00 [31m[Backtracking.cpp][0m: Cannot create output file: /eos/user/e/evilla/dune/sn-tps/production_es/fixed_tps/bkgs//prodmarley_nue_flat_es_dune10kt_1x2x2_20250826T082453Z_gen_000147_supernova_g4_detsim_ana_2025-10-21T_094507Z_bg_tps.root
30/10/2025 17:18:27 [31m[Backtracking.cpp][0m: Cannot create output file: /eos/user/e/evilla/dune/sn-tps/production_es/fixed_tps/bkgs//prodmarley_nue_flat_es_dune10kt_1x2x2_20250826T082459Z_gen_000152_supernova_g4_detsim_ana_2025-10-21T_093224Z_bg_tps.root
30/10/2025 17:19:55 [31m[Backtracking.cpp][0m: Cannot create output file: /eos/user/e/evilla/dune/sn-tps/production_es/fixed_tps/bkgs//prodmarley_nue_flat_es_dune10kt_1x2x2_20250826T082502Z_gen_000155_supernova_g4_detsim_ana_2025-10-21T_092317Z_bg_tps.root
30/10/2025 17:20:09 [31m[Backtracking.cpp][0m: Cannot create output file: /eos/user/e/evilla/dune/sn-tps/production_es/fixed_tps/bkgs//prodmarley_nue_flat_es_dune10kt_1x2x2_20250826T082503Z_gen_000157_supernova_g4_detsim_ana_2025-10-21T_090406Z_bg_tps.root
30/10/2025 17:21:17 [31m[Backtracking.cpp][0m: Cannot create output file: /eos/user/e/evilla/dune/sn-tps/production_es/fixed_tps/bkgs//prodmarley_nue_flat_es_dune10kt_1x2x2_20250826T082504Z_gen_000159_supernova_g4_detsim_ana_2025-10-21T_084433Z_bg_tps.root
30/10/2025 17:22:31 [31m[Backtracking.cpp][0m: Cannot create output file: /eos/user/e/evilla/dune/sn-tps/production_es/fixed_tps/bkgs//prodmarley_nue_flat_es_dune10kt_1x2x2_20250826T082505Z_gen_000162_supernova_g4_detsim_ana_2025-10-21T_091755Z_bg_tps.root
30/10/2025 17:22:34 [31m[Backtracking.cpp][0m: Cannot create output file: /eos/user/e/evilla/dune/sn-tps/production_es/fixed_tps/bkgs//prodmarley_nue_flat_es_dune10kt_1x2x2_20250826T082505Z_gen_000163_supernova_g4_detsim_ana_2025-10-21T_094502Z_bg_tps.root
30/10/2025 17:22:43 [31m[Backtracking.cpp][0m: Cannot create output file: /eos/user/e/evilla/dune/sn-tps/production_es/fixed_tps/bkgs//prodmarley_nue_flat_es_dune10kt_1x2x2_20250826T082506Z_gen_000165_supernova_g4_detsim_ana_2025-10-21T_092831Z_bg_tps.root
30/10/2025 17:23:42 [31m[Backtracking.cpp][0m: Cannot create output file: /eos/user/e/evilla/dune/sn-tps/production_es/fixed_tps/bkgs//prodmarley_nue_flat_es_dune10kt_1x2x2_20250826T082507Z_gen_000168_supernova_g4_detsim_ana_2025-10-21T_094501Z_bg_tps.root
30/10/2025 17:23:52 [31m[Backtracking.cpp][0m: Cannot create output file: /eos/user/e/evilla/dune/sn-tps/production_es/fixed_tps/bkgs//prodmarley_nue_flat_es_dune10kt_1x2x2_20250826T082512Z_gen_000172_supernova_g4_detsim_ana_2025-10-21T_094436Z_bg_tps.root
30/10/2025 17:26:19 [31m[Backtracking.cpp][0m: Cannot create output file: /eos/user/e/evilla/dune/sn-tps/production_es/fixed_tps/bkgs//prodmarley_nue_flat_es_dune10kt_1x2x2_20250826T082513Z_gen_000177_supernova_g4_detsim_ana_2025-10-21T_092531Z_bg_tps.root
30/10/2025 17:26:26 [31m[Backtracking.cpp][0m: Cannot create output file: /eos/user/e/evilla/dune/sn-tps/production_es/fixed_tps/bkgs//prodmarley_nue_flat_es_dune10kt_1x2x2_20250826T082513Z_gen_000179_supernova_g4_detsim_ana_2025-10-21T_092806Z_bg_tps.root
30/10/2025 17:27:29 [31m[Clustering.cpp][0m: Cannot open: /eos/user/e/evilla/dune/sn-tps/bkgs/BG_275_tps.root
30/10/2025 17:27:29 [33m[add_backgrounds.cpp][0m: Background file /eos/user/e/evilla/dune/sn-tps/bkgs/BG_275_tps.root has no events!
30/10/2025 17:27:36 [31m[Backtracking.cpp][0m: Cannot create output file: /eos/user/e/evilla/dune/sn-tps/production_es/fixed_tps/bkgs//prodmarley_nue_flat_es_dune10kt_1x2x2_20250826T082514Z_gen_000182_supernova_g4_detsim_ana_2025-10-21T_094511Z_bg_tps.root
30/10/2025 17:28:52 [31m[Backtracking.cpp][0m: Cannot create output file: /eos/user/e/evilla/dune/sn-tps/production_es/fixed_tps/bkgs//prodmarley_nue_flat_es_dune10kt_1x2x2_20250826T082514Z_gen_000183_supernova_g4_detsim_ana_2025-10-21T_092536Z_bg_tps.root
30/10/2025 17:29:09 [31m[Backtracking.cpp][0m: Cannot create output file: /eos/user/e/evilla/dune/sn-tps/production_es/fixed_tps/bkgs//prodmarley_nue_flat_es_dune10kt_1x2x2_20250826T082515Z_gen_000185_supernova_g4_detsim_ana_2025-10-21T_090419Z_bg_tps.root
30/10/2025 17:30:09 [31m[Backtracking.cpp][0m: Cannot create output file: /eos/user/e/evilla/dune/sn-tps/production_es/fixed_tps/bkgs//prodmarley_nue_flat_es_dune10kt_1x2x2_20250826T082515Z_gen_000186_supernova_g4_detsim_ana_2025-10-21T_092816Z_bg_tps.root
30/10/2025 17:31:03 [33m[Backtracking.cpp][0m: TriggerPrimitive version is not 2, be sure to have converted time_peak to samples_to_peak
Error: Add backgrounds step failed.
