040 (17832083.017.000) 10/30 00:46:25 Started transferring input files
	Transferring to host: <128.142.161.124:9618?addrs=128.142.161.124-9618+[2001-1458-301-b8--100-3a]-9618&alias=b9g03p3589.cern.ch&noUDP&sock=slot1_19_3845774_701c_44305>
...
040 (17832083.017.000) 10/30 00:46:25 Finished transferring input files
...
001 (17832083.017.000) 10/30 00:46:26 Job executing on host: <128.142.161.124:9618?addrs=128.142.161.124-9618+[2001-1458-301-b8--100-3a]-9618&alias=b9g03p3589.cern.ch&noUDP&sock=startd_2545_3c9e>
	SlotName: slot1_19@b9g03p3589.cern.ch
	CondorScratchDir = "/pool/condor/dir_2157648"
	Cpus = 1
	Disk = 3962
	GPUs = 0
	Memory = 3000
...
006 (17832083.017.000) 10/30 00:46:37 Image size of job updated: 17704
	0  -  MemoryUsage of job (MB)
	0  -  ResidentSetSize of job (KB)
...
040 (17832083.017.000) 10/30 00:46:37 Started transferring output files
...
040 (17832083.017.000) 10/30 00:46:37 Finished transferring output files
...
005 (17832083.017.000) 10/30 00:46:37 Job terminated.
	(1) Normal termination (return value 1)
		Usr 0 00:00:00, Sys 0 00:00:00  -  Run Remote Usage
		Usr 0 00:00:00, Sys 0 00:00:00  -  Run Local Usage
		Usr 0 00:00:00, Sys 0 00:00:00  -  Total Remote Usage
		Usr 0 00:00:00, Sys 0 00:00:00  -  Total Local Usage
	1141  -  Run Bytes Sent By Job
	15628  -  Run Bytes Received By Job
	1141  -  Total Bytes Sent By Job
	31029  -  Total Bytes Received By Job
	Partitionable Resources :    Usage  Request Allocated 
	   Cpus                 :        0        1         1 
	   Disk (KB)            :       45       17      3962 
	   GPUs                 :                           0 
	   Memory (MB)          :        0     3000      3000 
	   TimeExecute (s)      :       11                    
	   TimeSlotBusy (s)     :       12                    

	Job terminated of its own accord at 2025-10-29T23:46:37Z with exit-code 1.
...
