/pool/condor/dir_4149699/sequence.sh: line 4: /pool/condor/dir_4149699/init.sh: No such file or directory
<<< cling interactive line includer >>>: fatal error: module file '/build/jenkins/workspace/lcg_release_pipeline/build/projects/ROOT-6.28.04/src/ROOT-6.28.04-build/lib/Vc.pcm' not found: module file not found
<<< cling interactive line includer >>>: note: imported by module 'MathCore' in '/cvmfs/sft.cern.ch/lcg/releases/ROOT/6.28.04-740f6/x86_64-el9-gcc11-opt/lib/MathCore.pcm'
input_line_4:2:2: error: unknown type name 'include'
#include "TError.h"
 ^
input_line_4:2:1: error: expected unqualified-id
#include "TError.h"
^
input_line_4:4:2: error: unknown type name 'define'
#define _ClassDefInterp_(name,id,virtual_keyword, overrd) \
 ^
input_line_4:21:7: error: expected ';' after top level declarator
#undef ClassDef
      ^
      ;
input_line_5:1:2: error: unknown type name 'include'
#include <cling/Interpreter/DynamicLookupRuntimeUniverse.h>
 ^
input_line_5:1:1: error: expected unqualified-id
#include <cling/Interpreter/DynamicLookupRuntimeUniverse.h>
^
Info in <TInterpreter::TCling::RegisterModule>: Module MathCore in modulemap failed to load.
Error in <TCling::LoadPCM>: ROOT PCM /cvmfs/sft.cern.ch/lcg/releases/ROOT/6.28.04-740f6/x86_64-el9-gcc11-opt/lib/libMathCore_rdict.pcm file does not exist
Info in <TCling::LoadPCM>: In-memory ROOT PCM candidate /cvmfs/sft.cern.ch/lcg/releases/ROOT/6.28.04-740f6/x86_64-el9-gcc11-opt/lib/libNetxNG_rdict.pcm

Info in <TCling::LoadPCM>: In-memory ROOT PCM candidate /cvmfs/sft.cern.ch/lcg/releases/ROOT/6.28.04-740f6/x86_64-el9-gcc11-opt/lib/libOracle_rdict.pcm

Info in <TCling::LoadPCM>: In-memory ROOT PCM candidate /cvmfs/sft.cern.ch/lcg/releases/ROOT/6.28.04-740f6/x86_64-el9-gcc11-opt/lib/libRDAVIX_rdict.pcm

Info in <TCling::LoadPCM>: In-memory ROOT PCM candidate /cvmfs/sft.cern.ch/lcg/releases/ROOT/6.28.04-740f6/x86_64-el9-gcc11-opt/lib/libRMySQL_rdict.pcm

Info in <TCling::LoadPCM>: In-memory ROOT PCM candidate /cvmfs/sft.cern.ch/lcg/releases/ROOT/6.28.04-740f6/x86_64-el9-gcc11-opt/lib/libROOTGpadv7_rdict.pcm

Info in <TCling::LoadPCM>: In-memory ROOT PCM candidate /cvmfs/sft.cern.ch/lcg/releases/ROOT/6.28.04-740f6/x86_64-el9-gcc11-opt/lib/libROOTGraphicsPrimitives_rdict.pcm

Info in <TCling::LoadPCM>: In-memory ROOT PCM candidate /cvmfs/sft.cern.ch/lcg/releases/ROOT/6.28.04-740f6/x86_64-el9-gcc11-opt/lib/libROOTNTuple_rdict.pcm

Info in <TCling::LoadPCM>: In-memory ROOT PCM candidate /cvmfs/sft.cern.ch/lcg/releases/ROOT/6.28.04-740f6/x86_64-el9-gcc11-opt/lib/libROOTTPython_rdict.pcm

Info in <TCling::LoadPCM>: In-memory ROOT PCM candidate /cvmfs/sft.cern.ch/lcg/releases/ROOT/6.28.04-740f6/x86_64-el9-gcc11-opt/lib/libROOTVecOps_rdict.pcm

Info in <TCling::LoadPCM>: In-memory ROOT PCM candidate /cvmfs/sft.cern.ch/lcg/releases/ROOT/6.28.04-740f6/x86_64-el9-gcc11-opt/lib/libRSQLite_rdict.pcm

Info in <TCling::LoadPCM>: In-memory ROOT PCM candidate /cvmfs/sft.cern.ch/lcg/releases/ROOT/6.28.04-740f6/x86_64-el9-gcc11-opt/lib/libRooFitJSONInterface_rdict.pcm

Info in <TCling::LoadPCM>: In-memory ROOT PCM candidate /cvmfs/sft.cern.ch/lcg/releases/ROOT/6.28.04-740f6/x86_64-el9-gcc11-opt/lib/libRootAuth_rdict.pcm

Info in <TCling::LoadPCM>: In-memory ROOT PCM candidate /cvmfs/sft.cern.ch/lcg/releases/ROOT/6.28.04-740f6/x86_64-el9-gcc11-opt/lib/libSQLIO_rdict.pcm

Info in <TCling::LoadPCM>: In-memory ROOT PCM candidate /cvmfs/sft.cern.ch/lcg/releases/ROOT/6.28.04-740f6/x86_64-el9-gcc11-opt/lib/libXMLIO_rdict.pcm

Info in <TCling::LoadPCM>: In-memory ROOT PCM candidate /cvmfs/sft.cern.ch/lcg/releases/ROOT/6.28.04-740f6/x86_64-el9-gcc11-opt/lib/libXMLParser_rdict.pcm

input_line_7:2:2: error: unknown type name 'define'
#define __ROOTCLING__ 1
 ^
input_line_7:3:7: error: expected ';' after top level declarator
#undef ClassDef
      ^
      ;
Warning in <TInterpreter::TCling::RegisterModule>: Problems declaring payload for module libMathCore.
input_line_8:1:2: error: unknown type name 'ifdef'
#ifdef __ROOTCLING__
 ^
<<< cling interactive line includer >>>:1:1: error: expected unqualified-id
^
Info in <TInterpreter::TCling::RegisterModule>: Module GenVector in modulemap failed to load.
Error in <TCling::LoadPCM>: ROOT PCM /cvmfs/sft.cern.ch/lcg/releases/ROOT/6.28.04-740f6/x86_64-el9-gcc11-opt/lib/libGenVector_rdict.pcm file does not exist
Info in <TCling::LoadPCM>: In-memory ROOT PCM candidate /cvmfs/sft.cern.ch/lcg/releases/ROOT/6.28.04-740f6/x86_64-el9-gcc11-opt/lib/libNetxNG_rdict.pcm

Info in <TCling::LoadPCM>: In-memory ROOT PCM candidate /cvmfs/sft.cern.ch/lcg/releases/ROOT/6.28.04-740f6/x86_64-el9-gcc11-opt/lib/libOracle_rdict.pcm

Info in <TCling::LoadPCM>: In-memory ROOT PCM candidate /cvmfs/sft.cern.ch/lcg/releases/ROOT/6.28.04-740f6/x86_64-el9-gcc11-opt/lib/libRDAVIX_rdict.pcm

Info in <TCling::LoadPCM>: In-memory ROOT PCM candidate /cvmfs/sft.cern.ch/lcg/releases/ROOT/6.28.04-740f6/x86_64-el9-gcc11-opt/lib/libRMySQL_rdict.pcm

Info in <TCling::LoadPCM>: In-memory ROOT PCM candidate /cvmfs/sft.cern.ch/lcg/releases/ROOT/6.28.04-740f6/x86_64-el9-gcc11-opt/lib/libROOTGpadv7_rdict.pcm

Info in <TCling::LoadPCM>: In-memory ROOT PCM candidate /cvmfs/sft.cern.ch/lcg/releases/ROOT/6.28.04-740f6/x86_64-el9-gcc11-opt/lib/libROOTGraphicsPrimitives_rdict.pcm

Info in <TCling::LoadPCM>: In-memory ROOT PCM candidate /cvmfs/sft.cern.ch/lcg/releases/ROOT/6.28.04-740f6/x86_64-el9-gcc11-opt/lib/libROOTNTuple_rdict.pcm

Info in <TCling::LoadPCM>: In-memory ROOT PCM candidate /cvmfs/sft.cern.ch/lcg/releases/ROOT/6.28.04-740f6/x86_64-el9-gcc11-opt/lib/libROOTTPython_rdict.pcm

Info in <TCling::LoadPCM>: In-memory ROOT PCM candidate /cvmfs/sft.cern.ch/lcg/releases/ROOT/6.28.04-740f6/x86_64-el9-gcc11-opt/lib/libROOTVecOps_rdict.pcm

Info in <TCling::LoadPCM>: In-memory ROOT PCM candidate /cvmfs/sft.cern.ch/lcg/releases/ROOT/6.28.04-740f6/x86_64-el9-gcc11-opt/lib/libRSQLite_rdict.pcm

Info in <TCling::LoadPCM>: In-memory ROOT PCM candidate /cvmfs/sft.cern.ch/lcg/releases/ROOT/6.28.04-740f6/x86_64-el9-gcc11-opt/lib/libRooFitJSONInterface_rdict.pcm

Info in <TCling::LoadPCM>: In-memory ROOT PCM candidate /cvmfs/sft.cern.ch/lcg/releases/ROOT/6.28.04-740f6/x86_64-el9-gcc11-opt/lib/libRootAuth_rdict.pcm

Info in <TCling::LoadPCM>: In-memory ROOT PCM candidate /cvmfs/sft.cern.ch/lcg/releases/ROOT/6.28.04-740f6/x86_64-el9-gcc11-opt/lib/libSQLIO_rdict.pcm

Info in <TCling::LoadPCM>: In-memory ROOT PCM candidate /cvmfs/sft.cern.ch/lcg/releases/ROOT/6.28.04-740f6/x86_64-el9-gcc11-opt/lib/libXMLIO_rdict.pcm

Info in <TCling::LoadPCM>: In-memory ROOT PCM candidate /cvmfs/sft.cern.ch/lcg/releases/ROOT/6.28.04-740f6/x86_64-el9-gcc11-opt/lib/libXMLParser_rdict.pcm

input_line_9:2:2: error: unknown type name 'define'
#define __ROOTCLING__ 1
 ^
input_line_9:3:7: error: expected ';' after top level declarator
#undef ClassDef
      ^
      ;
Warning in <TInterpreter::TCling::RegisterModule>: Problems declaring payload for module libGenVector.
input_line_10:1:2: error: unknown type name 'ifdef'
#ifdef __ROOTCLING__
 ^
<<< cling interactive line includer >>>:1:1: error: expected unqualified-id
^
Error in <TCling::LoadPCM>: ROOT PCM /cvmfs/sft.cern.ch/lcg/releases/ROOT/6.28.04-740f6/x86_64-el9-gcc11-opt/lib/libGenVector_G__GenVector32_rdict.pcm file does not exist
Info in <TCling::LoadPCM>: In-memory ROOT PCM candidate /cvmfs/sft.cern.ch/lcg/releases/ROOT/6.28.04-740f6/x86_64-el9-gcc11-opt/lib/libNetxNG_rdict.pcm

Info in <TCling::LoadPCM>: In-memory ROOT PCM candidate /cvmfs/sft.cern.ch/lcg/releases/ROOT/6.28.04-740f6/x86_64-el9-gcc11-opt/lib/libOracle_rdict.pcm

Info in <TCling::LoadPCM>: In-memory ROOT PCM candidate /cvmfs/sft.cern.ch/lcg/releases/ROOT/6.28.04-740f6/x86_64-el9-gcc11-opt/lib/libRDAVIX_rdict.pcm

Info in <TCling::LoadPCM>: In-memory ROOT PCM candidate /cvmfs/sft.cern.ch/lcg/releases/ROOT/6.28.04-740f6/x86_64-el9-gcc11-opt/lib/libRMySQL_rdict.pcm

Info in <TCling::LoadPCM>: In-memory ROOT PCM candidate /cvmfs/sft.cern.ch/lcg/releases/ROOT/6.28.04-740f6/x86_64-el9-gcc11-opt/lib/libROOTGpadv7_rdict.pcm

Info in <TCling::LoadPCM>: In-memory ROOT PCM candidate /cvmfs/sft.cern.ch/lcg/releases/ROOT/6.28.04-740f6/x86_64-el9-gcc11-opt/lib/libROOTGraphicsPrimitives_rdict.pcm

Info in <TCling::LoadPCM>: In-memory ROOT PCM candidate /cvmfs/sft.cern.ch/lcg/releases/ROOT/6.28.04-740f6/x86_64-el9-gcc11-opt/lib/libROOTNTuple_rdict.pcm

Info in <TCling::LoadPCM>: In-memory ROOT PCM candidate /cvmfs/sft.cern.ch/lcg/releases/ROOT/6.28.04-740f6/x86_64-el9-gcc11-opt/lib/libROOTTPython_rdict.pcm

Info in <TCling::LoadPCM>: In-memory ROOT PCM candidate /cvmfs/sft.cern.ch/lcg/releases/ROOT/6.28.04-740f6/x86_64-el9-gcc11-opt/lib/libROOTVecOps_rdict.pcm

Info in <TCling::LoadPCM>: In-memory ROOT PCM candidate /cvmfs/sft.cern.ch/lcg/releases/ROOT/6.28.04-740f6/x86_64-el9-gcc11-opt/lib/libRSQLite_rdict.pcm

Info in <TCling::LoadPCM>: In-memory ROOT PCM candidate /cvmfs/sft.cern.ch/lcg/releases/ROOT/6.28.04-740f6/x86_64-el9-gcc11-opt/lib/libRooFitJSONInterface_rdict.pcm

Info in <TCling::LoadPCM>: In-memory ROOT PCM candidate /cvmfs/sft.cern.ch/lcg/releases/ROOT/6.28.04-740f6/x86_64-el9-gcc11-opt/lib/libRootAuth_rdict.pcm

Info in <TCling::LoadPCM>: In-memory ROOT PCM candidate /cvmfs/sft.cern.ch/lcg/releases/ROOT/6.28.04-740f6/x86_64-el9-gcc11-opt/lib/libSQLIO_rdict.pcm

Info in <TCling::LoadPCM>: In-memory ROOT PCM candidate /cvmfs/sft.cern.ch/lcg/releases/ROOT/6.28.04-740f6/x86_64-el9-gcc11-opt/lib/libXMLIO_rdict.pcm

Info in <TCling::LoadPCM>: In-memory ROOT PCM candidate /cvmfs/sft.cern.ch/lcg/releases/ROOT/6.28.04-740f6/x86_64-el9-gcc11-opt/lib/libXMLParser_rdict.pcm

Info in <TInterpreter::TCling::RegisterModule>: Module Matrix in modulemap failed to load.
Error in <TCling::LoadPCM>: ROOT PCM /cvmfs/sft.cern.ch/lcg/releases/ROOT/6.28.04-740f6/x86_64-el9-gcc11-opt/lib/libMatrix_rdict.pcm file does not exist
Info in <TCling::LoadPCM>: In-memory ROOT PCM candidate /cvmfs/sft.cern.ch/lcg/releases/ROOT/6.28.04-740f6/x86_64-el9-gcc11-opt/lib/libNetxNG_rdict.pcm

Info in <TCling::LoadPCM>: In-memory ROOT PCM candidate /cvmfs/sft.cern.ch/lcg/releases/ROOT/6.28.04-740f6/x86_64-el9-gcc11-opt/lib/libOracle_rdict.pcm

Info in <TCling::LoadPCM>: In-memory ROOT PCM candidate /cvmfs/sft.cern.ch/lcg/releases/ROOT/6.28.04-740f6/x86_64-el9-gcc11-opt/lib/libRDAVIX_rdict.pcm

Info in <TCling::LoadPCM>: In-memory ROOT PCM candidate /cvmfs/sft.cern.ch/lcg/releases/ROOT/6.28.04-740f6/x86_64-el9-gcc11-opt/lib/libRMySQL_rdict.pcm

Info in <TCling::LoadPCM>: In-memory ROOT PCM candidate /cvmfs/sft.cern.ch/lcg/releases/ROOT/6.28.04-740f6/x86_64-el9-gcc11-opt/lib/libROOTGpadv7_rdict.pcm

Info in <TCling::LoadPCM>: In-memory ROOT PCM candidate /cvmfs/sft.cern.ch/lcg/releases/ROOT/6.28.04-740f6/x86_64-el9-gcc11-opt/lib/libROOTGraphicsPrimitives_rdict.pcm

Info in <TCling::LoadPCM>: In-memory ROOT PCM candidate /cvmfs/sft.cern.ch/lcg/releases/ROOT/6.28.04-740f6/x86_64-el9-gcc11-opt/lib/libROOTTPython_rdict.pcm

Info in <TCling::LoadPCM>: In-memory ROOT PCM candidate /cvmfs/sft.cern.ch/lcg/releases/ROOT/6.28.04-740f6/x86_64-el9-gcc11-opt/lib/libRSQLite_rdict.pcm

Info in <TCling::LoadPCM>: In-memory ROOT PCM candidate /cvmfs/sft.cern.ch/lcg/releases/ROOT/6.28.04-740f6/x86_64-el9-gcc11-opt/lib/libRooFitJSONInterface_rdict.pcm

Info in <TCling::LoadPCM>: In-memory ROOT PCM candidate /cvmfs/sft.cern.ch/lcg/releases/ROOT/6.28.04-740f6/x86_64-el9-gcc11-opt/lib/libRootAuth_rdict.pcm

Info in <TCling::LoadPCM>: In-memory ROOT PCM candidate /cvmfs/sft.cern.ch/lcg/releases/ROOT/6.28.04-740f6/x86_64-el9-gcc11-opt/lib/libSQLIO_rdict.pcm

Info in <TCling::LoadPCM>: In-memory ROOT PCM candidate /cvmfs/sft.cern.ch/lcg/releases/ROOT/6.28.04-740f6/x86_64-el9-gcc11-opt/lib/libXMLIO_rdict.pcm

Info in <TCling::LoadPCM>: In-memory ROOT PCM candidate /cvmfs/sft.cern.ch/lcg/releases/ROOT/6.28.04-740f6/x86_64-el9-gcc11-opt/lib/libXMLParser_rdict.pcm

input_line_11:2:2: error: unknown type name 'define'
#define __ROOTCLING__ 1
 ^
input_line_11:3:7: error: expected ';' after top level declarator
#undef ClassDef
      ^
      ;
Warning in <TInterpreter::TCling::RegisterModule>: Problems declaring payload for module libMatrix.
input_line_12:1:2: error: unknown type name 'ifdef'
#ifdef __ROOTCLING__
 ^
<<< cling interactive line includer >>>:1:1: error: expected unqualified-id
^
Info in <TInterpreter::TCling::RegisterModule>: Module Physics in modulemap failed to load.
Error in <TCling::LoadPCM>: ROOT PCM /cvmfs/sft.cern.ch/lcg/releases/ROOT/6.28.04-740f6/x86_64-el9-gcc11-opt/lib/libPhysics_rdict.pcm file does not exist
Info in <TCling::LoadPCM>: In-memory ROOT PCM candidate /cvmfs/sft.cern.ch/lcg/releases/ROOT/6.28.04-740f6/x86_64-el9-gcc11-opt/lib/libNetxNG_rdict.pcm

Info in <TCling::LoadPCM>: In-memory ROOT PCM candidate /cvmfs/sft.cern.ch/lcg/releases/ROOT/6.28.04-740f6/x86_64-el9-gcc11-opt/lib/libOracle_rdict.pcm

Info in <TCling::LoadPCM>: In-memory ROOT PCM candidate /cvmfs/sft.cern.ch/lcg/releases/ROOT/6.28.04-740f6/x86_64-el9-gcc11-opt/lib/libRDAVIX_rdict.pcm

Info in <TCling::LoadPCM>: In-memory ROOT PCM candidate /cvmfs/sft.cern.ch/lcg/releases/ROOT/6.28.04-740f6/x86_64-el9-gcc11-opt/lib/libRMySQL_rdict.pcm

Info in <TCling::LoadPCM>: In-memory ROOT PCM candidate /cvmfs/sft.cern.ch/lcg/releases/ROOT/6.28.04-740f6/x86_64-el9-gcc11-opt/lib/libROOTGpadv7_rdict.pcm

Info in <TCling::LoadPCM>: In-memory ROOT PCM candidate /cvmfs/sft.cern.ch/lcg/releases/ROOT/6.28.04-740f6/x86_64-el9-gcc11-opt/lib/libROOTGraphicsPrimitives_rdict.pcm

Info in <TCling::LoadPCM>: In-memory ROOT PCM candidate /cvmfs/sft.cern.ch/lcg/releases/ROOT/6.28.04-740f6/x86_64-el9-gcc11-opt/lib/libROOTTPython_rdict.pcm

Info in <TCling::LoadPCM>: In-memory ROOT PCM candidate /cvmfs/sft.cern.ch/lcg/releases/ROOT/6.28.04-740f6/x86_64-el9-gcc11-opt/lib/libRSQLite_rdict.pcm

Info in <TCling::LoadPCM>: In-memory ROOT PCM candidate /cvmfs/sft.cern.ch/lcg/releases/ROOT/6.28.04-740f6/x86_64-el9-gcc11-opt/lib/libRooFitJSONInterface_rdict.pcm

Info in <TCling::LoadPCM>: In-memory ROOT PCM candidate /cvmfs/sft.cern.ch/lcg/releases/ROOT/6.28.04-740f6/x86_64-el9-gcc11-opt/lib/libRootAuth_rdict.pcm

Info in <TCling::LoadPCM>: In-memory ROOT PCM candidate /cvmfs/sft.cern.ch/lcg/releases/ROOT/6.28.04-740f6/x86_64-el9-gcc11-opt/lib/libSQLIO_rdict.pcm

Info in <TCling::LoadPCM>: In-memory ROOT PCM candidate /cvmfs/sft.cern.ch/lcg/releases/ROOT/6.28.04-740f6/x86_64-el9-gcc11-opt/lib/libXMLIO_rdict.pcm

Info in <TCling::LoadPCM>: In-memory ROOT PCM candidate /cvmfs/sft.cern.ch/lcg/releases/ROOT/6.28.04-740f6/x86_64-el9-gcc11-opt/lib/libXMLParser_rdict.pcm

input_line_13:2:2: error: unknown type name 'define'
#define __ROOTCLING__ 1
 ^
input_line_13:3:7: error: expected ';' after top level declarator
#undef ClassDef
      ^
      ;
Warning in <TInterpreter::TCling::RegisterModule>: Problems declaring payload for module libPhysics.
input_line_14:1:2: error: unknown type name 'ifdef'
#ifdef __ROOTCLING__
 ^
<<< cling interactive line includer >>>:1:1: error: expected unqualified-id
^
Info in <TInterpreter::TCling::RegisterModule>: Module Hist in modulemap failed to load.
Error in <TCling::LoadPCM>: ROOT PCM /cvmfs/sft.cern.ch/lcg/releases/ROOT/6.28.04-740f6/x86_64-el9-gcc11-opt/lib/libHist_rdict.pcm file does not exist
Info in <TCling::LoadPCM>: In-memory ROOT PCM candidate /cvmfs/sft.cern.ch/lcg/releases/ROOT/6.28.04-740f6/x86_64-el9-gcc11-opt/lib/libNetxNG_rdict.pcm

Info in <TCling::LoadPCM>: In-memory ROOT PCM candidate /cvmfs/sft.cern.ch/lcg/releases/ROOT/6.28.04-740f6/x86_64-el9-gcc11-opt/lib/libOracle_rdict.pcm

Info in <TCling::LoadPCM>: In-memory ROOT PCM candidate /cvmfs/sft.cern.ch/lcg/releases/ROOT/6.28.04-740f6/x86_64-el9-gcc11-opt/lib/libRDAVIX_rdict.pcm

Info in <TCling::LoadPCM>: In-memory ROOT PCM candidate /cvmfs/sft.cern.ch/lcg/releases/ROOT/6.28.04-740f6/x86_64-el9-gcc11-opt/lib/libRMySQL_rdict.pcm

Info in <TCling::LoadPCM>: In-memory ROOT PCM candidate /cvmfs/sft.cern.ch/lcg/releases/ROOT/6.28.04-740f6/x86_64-el9-gcc11-opt/lib/libROOTGpadv7_rdict.pcm

Info in <TCling::LoadPCM>: In-memory ROOT PCM candidate /cvmfs/sft.cern.ch/lcg/releases/ROOT/6.28.04-740f6/x86_64-el9-gcc11-opt/lib/libROOTGraphicsPrimitives_rdict.pcm

Info in <TCling::LoadPCM>: In-memory ROOT PCM candidate /cvmfs/sft.cern.ch/lcg/releases/ROOT/6.28.04-740f6/x86_64-el9-gcc11-opt/lib/libROOTTPython_rdict.pcm

Info in <TCling::LoadPCM>: In-memory ROOT PCM candidate /cvmfs/sft.cern.ch/lcg/releases/ROOT/6.28.04-740f6/x86_64-el9-gcc11-opt/lib/libRSQLite_rdict.pcm

Info in <TCling::LoadPCM>: In-memory ROOT PCM candidate /cvmfs/sft.cern.ch/lcg/releases/ROOT/6.28.04-740f6/x86_64-el9-gcc11-opt/lib/libRooFitJSONInterface_rdict.pcm

Info in <TCling::LoadPCM>: In-memory ROOT PCM candidate /cvmfs/sft.cern.ch/lcg/releases/ROOT/6.28.04-740f6/x86_64-el9-gcc11-opt/lib/libRootAuth_rdict.pcm

Info in <TCling::LoadPCM>: In-memory ROOT PCM candidate /cvmfs/sft.cern.ch/lcg/releases/ROOT/6.28.04-740f6/x86_64-el9-gcc11-opt/lib/libSQLIO_rdict.pcm

Info in <TCling::LoadPCM>: In-memory ROOT PCM candidate /cvmfs/sft.cern.ch/lcg/releases/ROOT/6.28.04-740f6/x86_64-el9-gcc11-opt/lib/libXMLIO_rdict.pcm

Info in <TCling::LoadPCM>: In-memory ROOT PCM candidate /cvmfs/sft.cern.ch/lcg/releases/ROOT/6.28.04-740f6/x86_64-el9-gcc11-opt/lib/libXMLParser_rdict.pcm

input_line_15:2:2: error: unknown type name 'define'
#define __ROOTCLING__ 1
 ^
input_line_15:3:7: error: expected ';' after top level declarator
#undef ClassDef
      ^
      ;
Warning in <TInterpreter::TCling::RegisterModule>: Problems declaring payload for module libHist.
input_line_16:1:2: error: unknown type name 'ifdef'
#ifdef __ROOTCLING__
 ^
<<< cling interactive line includer >>>:1:1: error: expected unqualified-id
^
Info in <TInterpreter::TCling::RegisterModule>: Module Graf in modulemap failed to load.
Error in <TCling::LoadPCM>: ROOT PCM /cvmfs/sft.cern.ch/lcg/releases/ROOT/6.28.04-740f6/x86_64-el9-gcc11-opt/lib/libGraf_rdict.pcm file does not exist
Info in <TCling::LoadPCM>: In-memory ROOT PCM candidate /cvmfs/sft.cern.ch/lcg/releases/ROOT/6.28.04-740f6/x86_64-el9-gcc11-opt/lib/libNetxNG_rdict.pcm

Info in <TCling::LoadPCM>: In-memory ROOT PCM candidate /cvmfs/sft.cern.ch/lcg/releases/ROOT/6.28.04-740f6/x86_64-el9-gcc11-opt/lib/libOracle_rdict.pcm

Info in <TCling::LoadPCM>: In-memory ROOT PCM candidate /cvmfs/sft.cern.ch/lcg/releases/ROOT/6.28.04-740f6/x86_64-el9-gcc11-opt/lib/libRDAVIX_rdict.pcm

Info in <TCling::LoadPCM>: In-memory ROOT PCM candidate /cvmfs/sft.cern.ch/lcg/releases/ROOT/6.28.04-740f6/x86_64-el9-gcc11-opt/lib/libRMySQL_rdict.pcm

Info in <TCling::LoadPCM>: In-memory ROOT PCM candidate /cvmfs/sft.cern.ch/lcg/releases/ROOT/6.28.04-740f6/x86_64-el9-gcc11-opt/lib/libROOTGpadv7_rdict.pcm

Info in <TCling::LoadPCM>: In-memory ROOT PCM candidate /cvmfs/sft.cern.ch/lcg/releases/ROOT/6.28.04-740f6/x86_64-el9-gcc11-opt/lib/libROOTGraphicsPrimitives_rdict.pcm

Info in <TCling::LoadPCM>: In-memory ROOT PCM candidate /cvmfs/sft.cern.ch/lcg/releases/ROOT/6.28.04-740f6/x86_64-el9-gcc11-opt/lib/libROOTTPython_rdict.pcm

Info in <TCling::LoadPCM>: In-memory ROOT PCM candidate /cvmfs/sft.cern.ch/lcg/releases/ROOT/6.28.04-740f6/x86_64-el9-gcc11-opt/lib/libRSQLite_rdict.pcm

Info in <TCling::LoadPCM>: In-memory ROOT PCM candidate /cvmfs/sft.cern.ch/lcg/releases/ROOT/6.28.04-740f6/x86_64-el9-gcc11-opt/lib/libRooFitJSONInterface_rdict.pcm

Info in <TCling::LoadPCM>: In-memory ROOT PCM candidate /cvmfs/sft.cern.ch/lcg/releases/ROOT/6.28.04-740f6/x86_64-el9-gcc11-opt/lib/libRootAuth_rdict.pcm

Info in <TCling::LoadPCM>: In-memory ROOT PCM candidate /cvmfs/sft.cern.ch/lcg/releases/ROOT/6.28.04-740f6/x86_64-el9-gcc11-opt/lib/libSQLIO_rdict.pcm

Info in <TCling::LoadPCM>: In-memory ROOT PCM candidate /cvmfs/sft.cern.ch/lcg/releases/ROOT/6.28.04-740f6/x86_64-el9-gcc11-opt/lib/libXMLIO_rdict.pcm

Info in <TCling::LoadPCM>: In-memory ROOT PCM candidate /cvmfs/sft.cern.ch/lcg/releases/ROOT/6.28.04-740f6/x86_64-el9-gcc11-opt/lib/libXMLParser_rdict.pcm

input_line_17:2:2: error: unknown type name 'define'
#define __ROOTCLING__ 1
 ^
input_line_17:3:7: error: expected ';' after top level declarator
#undef ClassDef
      ^
      ;
Warning in <TInterpreter::TCling::RegisterModule>: Problems declaring payload for module libGraf.
input_line_18:1:2: error: unknown type name 'ifdef'
#ifdef __ROOTCLING__
 ^
<<< cling interactive line includer >>>:1:1: error: expected unqualified-id
^
Info in <TInterpreter::TCling::RegisterModule>: Module Postscript in modulemap failed to load.
Error in <TCling::LoadPCM>: ROOT PCM /cvmfs/sft.cern.ch/lcg/releases/ROOT/6.28.04-740f6/x86_64-el9-gcc11-opt/lib/libPostscript_rdict.pcm file does not exist
Info in <TCling::LoadPCM>: In-memory ROOT PCM candidate /cvmfs/sft.cern.ch/lcg/releases/ROOT/6.28.04-740f6/x86_64-el9-gcc11-opt/lib/libNetxNG_rdict.pcm

Info in <TCling::LoadPCM>: In-memory ROOT PCM candidate /cvmfs/sft.cern.ch/lcg/releases/ROOT/6.28.04-740f6/x86_64-el9-gcc11-opt/lib/libOracle_rdict.pcm

Info in <TCling::LoadPCM>: In-memory ROOT PCM candidate /cvmfs/sft.cern.ch/lcg/releases/ROOT/6.28.04-740f6/x86_64-el9-gcc11-opt/lib/libRDAVIX_rdict.pcm

Info in <TCling::LoadPCM>: In-memory ROOT PCM candidate /cvmfs/sft.cern.ch/lcg/releases/ROOT/6.28.04-740f6/x86_64-el9-gcc11-opt/lib/libRMySQL_rdict.pcm

Info in <TCling::LoadPCM>: In-memory ROOT PCM candidate /cvmfs/sft.cern.ch/lcg/releases/ROOT/6.28.04-740f6/x86_64-el9-gcc11-opt/lib/libROOTGpadv7_rdict.pcm

Info in <TCling::LoadPCM>: In-memory ROOT PCM candidate /cvmfs/sft.cern.ch/lcg/releases/ROOT/6.28.04-740f6/x86_64-el9-gcc11-opt/lib/libROOTGraphicsPrimitives_rdict.pcm

Info in <TCling::LoadPCM>: In-memory ROOT PCM candidate /cvmfs/sft.cern.ch/lcg/releases/ROOT/6.28.04-740f6/x86_64-el9-gcc11-opt/lib/libROOTTPython_rdict.pcm

Info in <TCling::LoadPCM>: In-memory ROOT PCM candidate /cvmfs/sft.cern.ch/lcg/releases/ROOT/6.28.04-740f6/x86_64-el9-gcc11-opt/lib/libRSQLite_rdict.pcm

Info in <TCling::LoadPCM>: In-memory ROOT PCM candidate /cvmfs/sft.cern.ch/lcg/releases/ROOT/6.28.04-740f6/x86_64-el9-gcc11-opt/lib/libRooFitJSONInterface_rdict.pcm

Info in <TCling::LoadPCM>: In-memory ROOT PCM candidate /cvmfs/sft.cern.ch/lcg/releases/ROOT/6.28.04-740f6/x86_64-el9-gcc11-opt/lib/libRootAuth_rdict.pcm

Info in <TCling::LoadPCM>: In-memory ROOT PCM candidate /cvmfs/sft.cern.ch/lcg/releases/ROOT/6.28.04-740f6/x86_64-el9-gcc11-opt/lib/libSQLIO_rdict.pcm

Info in <TCling::LoadPCM>: In-memory ROOT PCM candidate /cvmfs/sft.cern.ch/lcg/releases/ROOT/6.28.04-740f6/x86_64-el9-gcc11-opt/lib/libXMLIO_rdict.pcm

Info in <TCling::LoadPCM>: In-memory ROOT PCM candidate /cvmfs/sft.cern.ch/lcg/releases/ROOT/6.28.04-740f6/x86_64-el9-gcc11-opt/lib/libXMLParser_rdict.pcm

input_line_19:2:2: error: unknown type name 'define'
#define __ROOTCLING__ 1
 ^
input_line_19:3:7: error: expected ';' after top level declarator
#undef ClassDef
      ^
      ;
Warning in <TInterpreter::TCling::RegisterModule>: Problems declaring payload for module libPostscript.
input_line_20:1:2: error: unknown type name 'ifdef'
#ifdef __ROOTCLING__
 ^
<<< cling interactive line includer >>>:1:1: error: expected unqualified-id
^
Info in <TInterpreter::TCling::RegisterModule>: Module Gpad in modulemap failed to load.
Error in <TCling::LoadPCM>: ROOT PCM /cvmfs/sft.cern.ch/lcg/releases/ROOT/6.28.04-740f6/x86_64-el9-gcc11-opt/lib/libGpad_rdict.pcm file does not exist
Info in <TCling::LoadPCM>: In-memory ROOT PCM candidate /cvmfs/sft.cern.ch/lcg/releases/ROOT/6.28.04-740f6/x86_64-el9-gcc11-opt/lib/libNetxNG_rdict.pcm

Info in <TCling::LoadPCM>: In-memory ROOT PCM candidate /cvmfs/sft.cern.ch/lcg/releases/ROOT/6.28.04-740f6/x86_64-el9-gcc11-opt/lib/libOracle_rdict.pcm

Info in <TCling::LoadPCM>: In-memory ROOT PCM candidate /cvmfs/sft.cern.ch/lcg/releases/ROOT/6.28.04-740f6/x86_64-el9-gcc11-opt/lib/libRDAVIX_rdict.pcm

Info in <TCling::LoadPCM>: In-memory ROOT PCM candidate /cvmfs/sft.cern.ch/lcg/releases/ROOT/6.28.04-740f6/x86_64-el9-gcc11-opt/lib/libRMySQL_rdict.pcm

Info in <TCling::LoadPCM>: In-memory ROOT PCM candidate /cvmfs/sft.cern.ch/lcg/releases/ROOT/6.28.04-740f6/x86_64-el9-gcc11-opt/lib/libROOTGpadv7_rdict.pcm

Info in <TCling::LoadPCM>: In-memory ROOT PCM candidate /cvmfs/sft.cern.ch/lcg/releases/ROOT/6.28.04-740f6/x86_64-el9-gcc11-opt/lib/libROOTGraphicsPrimitives_rdict.pcm

Info in <TCling::LoadPCM>: In-memory ROOT PCM candidate /cvmfs/sft.cern.ch/lcg/releases/ROOT/6.28.04-740f6/x86_64-el9-gcc11-opt/lib/libROOTTPython_rdict.pcm

Info in <TCling::LoadPCM>: In-memory ROOT PCM candidate /cvmfs/sft.cern.ch/lcg/releases/ROOT/6.28.04-740f6/x86_64-el9-gcc11-opt/lib/libRSQLite_rdict.pcm

Info in <TCling::LoadPCM>: In-memory ROOT PCM candidate /cvmfs/sft.cern.ch/lcg/releases/ROOT/6.28.04-740f6/x86_64-el9-gcc11-opt/lib/libRooFitJSONInterface_rdict.pcm

Info in <TCling::LoadPCM>: In-memory ROOT PCM candidate /cvmfs/sft.cern.ch/lcg/releases/ROOT/6.28.04-740f6/x86_64-el9-gcc11-opt/lib/libRootAuth_rdict.pcm

Info in <TCling::LoadPCM>: In-memory ROOT PCM candidate /cvmfs/sft.cern.ch/lcg/releases/ROOT/6.28.04-740f6/x86_64-el9-gcc11-opt/lib/libSQLIO_rdict.pcm

Info in <TCling::LoadPCM>: In-memory ROOT PCM candidate /cvmfs/sft.cern.ch/lcg/releases/ROOT/6.28.04-740f6/x86_64-el9-gcc11-opt/lib/libXMLIO_rdict.pcm

Info in <TCling::LoadPCM>: In-memory ROOT PCM candidate /cvmfs/sft.cern.ch/lcg/releases/ROOT/6.28.04-740f6/x86_64-el9-gcc11-opt/lib/libXMLParser_rdict.pcm

input_line_21:2:2: error: unknown type name 'define'
#define __ROOTCLING__ 1
 ^
input_line_21:3:7: error: expected ';' after top level declarator
#undef ClassDef
      ^
      ;
Warning in <TInterpreter::TCling::RegisterModule>: Problems declaring payload for module libGpad.
input_line_22:1:2: error: unknown type name 'ifdef'
#ifdef __ROOTCLING__
 ^
<<< cling interactive line includer >>>:1:1: error: expected unqualified-id
^
Info in <TInterpreter::TCling::RegisterModule>: Module Graf3d in modulemap failed to load.
Error in <TCling::LoadPCM>: ROOT PCM /cvmfs/sft.cern.ch/lcg/releases/ROOT/6.28.04-740f6/x86_64-el9-gcc11-opt/lib/libGraf3d_rdict.pcm file does not exist
Info in <TCling::LoadPCM>: In-memory ROOT PCM candidate /cvmfs/sft.cern.ch/lcg/releases/ROOT/6.28.04-740f6/x86_64-el9-gcc11-opt/lib/libNetxNG_rdict.pcm

Info in <TCling::LoadPCM>: In-memory ROOT PCM candidate /cvmfs/sft.cern.ch/lcg/releases/ROOT/6.28.04-740f6/x86_64-el9-gcc11-opt/lib/libOracle_rdict.pcm

Info in <TCling::LoadPCM>: In-memory ROOT PCM candidate /cvmfs/sft.cern.ch/lcg/releases/ROOT/6.28.04-740f6/x86_64-el9-gcc11-opt/lib/libRDAVIX_rdict.pcm

Info in <TCling::LoadPCM>: In-memory ROOT PCM candidate /cvmfs/sft.cern.ch/lcg/releases/ROOT/6.28.04-740f6/x86_64-el9-gcc11-opt/lib/libRMySQL_rdict.pcm

Info in <TCling::LoadPCM>: In-memory ROOT PCM candidate /cvmfs/sft.cern.ch/lcg/releases/ROOT/6.28.04-740f6/x86_64-el9-gcc11-opt/lib/libROOTGpadv7_rdict.pcm

Info in <TCling::LoadPCM>: In-memory ROOT PCM candidate /cvmfs/sft.cern.ch/lcg/releases/ROOT/6.28.04-740f6/x86_64-el9-gcc11-opt/lib/libROOTGraphicsPrimitives_rdict.pcm

Info in <TCling::LoadPCM>: In-memory ROOT PCM candidate /cvmfs/sft.cern.ch/lcg/releases/ROOT/6.28.04-740f6/x86_64-el9-gcc11-opt/lib/libROOTTPython_rdict.pcm

Info in <TCling::LoadPCM>: In-memory ROOT PCM candidate /cvmfs/sft.cern.ch/lcg/releases/ROOT/6.28.04-740f6/x86_64-el9-gcc11-opt/lib/libRSQLite_rdict.pcm

Info in <TCling::LoadPCM>: In-memory ROOT PCM candidate /cvmfs/sft.cern.ch/lcg/releases/ROOT/6.28.04-740f6/x86_64-el9-gcc11-opt/lib/libRooFitJSONInterface_rdict.pcm

Info in <TCling::LoadPCM>: In-memory ROOT PCM candidate /cvmfs/sft.cern.ch/lcg/releases/ROOT/6.28.04-740f6/x86_64-el9-gcc11-opt/lib/libRootAuth_rdict.pcm

Info in <TCling::LoadPCM>: In-memory ROOT PCM candidate /cvmfs/sft.cern.ch/lcg/releases/ROOT/6.28.04-740f6/x86_64-el9-gcc11-opt/lib/libSQLIO_rdict.pcm

Info in <TCling::LoadPCM>: In-memory ROOT PCM candidate /cvmfs/sft.cern.ch/lcg/releases/ROOT/6.28.04-740f6/x86_64-el9-gcc11-opt/lib/libXMLIO_rdict.pcm

Info in <TCling::LoadPCM>: In-memory ROOT PCM candidate /cvmfs/sft.cern.ch/lcg/releases/ROOT/6.28.04-740f6/x86_64-el9-gcc11-opt/lib/libXMLParser_rdict.pcm

input_line_23:2:2: error: unknown type name 'define'
#define __ROOTCLING__ 1
 ^
input_line_23:3:7: error: expected ';' after top level declarator
#undef ClassDef
      ^
      ;
Warning in <TInterpreter::TCling::RegisterModule>: Problems declaring payload for module libGraf3d.
input_line_24:1:2: error: unknown type name 'ifdef'
#ifdef __ROOTCLING__
 ^
<<< cling interactive line includer >>>:1:1: error: expected unqualified-id
^
Info in <TInterpreter::TCling::RegisterModule>: Module Tree in modulemap failed to load.
Error in <TCling::LoadPCM>: ROOT PCM /cvmfs/sft.cern.ch/lcg/releases/ROOT/6.28.04-740f6/x86_64-el9-gcc11-opt/lib/libTree_rdict.pcm file does not exist
Info in <TCling::LoadPCM>: In-memory ROOT PCM candidate /cvmfs/sft.cern.ch/lcg/releases/ROOT/6.28.04-740f6/x86_64-el9-gcc11-opt/lib/libNetxNG_rdict.pcm

Info in <TCling::LoadPCM>: In-memory ROOT PCM candidate /cvmfs/sft.cern.ch/lcg/releases/ROOT/6.28.04-740f6/x86_64-el9-gcc11-opt/lib/libOracle_rdict.pcm

Info in <TCling::LoadPCM>: In-memory ROOT PCM candidate /cvmfs/sft.cern.ch/lcg/releases/ROOT/6.28.04-740f6/x86_64-el9-gcc11-opt/lib/libRDAVIX_rdict.pcm

Info in <TCling::LoadPCM>: In-memory ROOT PCM candidate /cvmfs/sft.cern.ch/lcg/releases/ROOT/6.28.04-740f6/x86_64-el9-gcc11-opt/lib/libRMySQL_rdict.pcm

Info in <TCling::LoadPCM>: In-memory ROOT PCM candidate /cvmfs/sft.cern.ch/lcg/releases/ROOT/6.28.04-740f6/x86_64-el9-gcc11-opt/lib/libROOTGpadv7_rdict.pcm

Info in <TCling::LoadPCM>: In-memory ROOT PCM candidate /cvmfs/sft.cern.ch/lcg/releases/ROOT/6.28.04-740f6/x86_64-el9-gcc11-opt/lib/libROOTGraphicsPrimitives_rdict.pcm

Info in <TCling::LoadPCM>: In-memory ROOT PCM candidate /cvmfs/sft.cern.ch/lcg/releases/ROOT/6.28.04-740f6/x86_64-el9-gcc11-opt/lib/libROOTTPython_rdict.pcm

Info in <TCling::LoadPCM>: In-memory ROOT PCM candidate /cvmfs/sft.cern.ch/lcg/releases/ROOT/6.28.04-740f6/x86_64-el9-gcc11-opt/lib/libRSQLite_rdict.pcm

Info in <TCling::LoadPCM>: In-memory ROOT PCM candidate /cvmfs/sft.cern.ch/lcg/releases/ROOT/6.28.04-740f6/x86_64-el9-gcc11-opt/lib/libRooFitJSONInterface_rdict.pcm

Info in <TCling::LoadPCM>: In-memory ROOT PCM candidate /cvmfs/sft.cern.ch/lcg/releases/ROOT/6.28.04-740f6/x86_64-el9-gcc11-opt/lib/libRootAuth_rdict.pcm

Info in <TCling::LoadPCM>: In-memory ROOT PCM candidate /cvmfs/sft.cern.ch/lcg/releases/ROOT/6.28.04-740f6/x86_64-el9-gcc11-opt/lib/libSQLIO_rdict.pcm

Info in <TCling::LoadPCM>: In-memory ROOT PCM candidate /cvmfs/sft.cern.ch/lcg/releases/ROOT/6.28.04-740f6/x86_64-el9-gcc11-opt/lib/libXMLIO_rdict.pcm

Info in <TCling::LoadPCM>: In-memory ROOT PCM candidate /cvmfs/sft.cern.ch/lcg/releases/ROOT/6.28.04-740f6/x86_64-el9-gcc11-opt/lib/libXMLParser_rdict.pcm

input_line_25:2:2: error: unknown type name 'define'
#define __ROOTCLING__ 1
 ^
input_line_25:3:7: error: expected ';' after top level declarator
#undef ClassDef
      ^
      ;
Warning in <TInterpreter::TCling::RegisterModule>: Problems declaring payload for module libTree.
input_line_26:1:2: error: unknown type name 'ifdef'
#ifdef __ROOTCLING__
 ^
<<< cling interactive line includer >>>:1:1: error: expected unqualified-id
^
Info in <TInterpreter::TCling::RegisterModule>: Module TreePlayer in modulemap failed to load.
Error in <TCling::LoadPCM>: ROOT PCM /cvmfs/sft.cern.ch/lcg/releases/ROOT/6.28.04-740f6/x86_64-el9-gcc11-opt/lib/libTreePlayer_rdict.pcm file does not exist
Info in <TCling::LoadPCM>: In-memory ROOT PCM candidate /cvmfs/sft.cern.ch/lcg/releases/ROOT/6.28.04-740f6/x86_64-el9-gcc11-opt/lib/libNetxNG_rdict.pcm

Info in <TCling::LoadPCM>: In-memory ROOT PCM candidate /cvmfs/sft.cern.ch/lcg/releases/ROOT/6.28.04-740f6/x86_64-el9-gcc11-opt/lib/libOracle_rdict.pcm

Info in <TCling::LoadPCM>: In-memory ROOT PCM candidate /cvmfs/sft.cern.ch/lcg/releases/ROOT/6.28.04-740f6/x86_64-el9-gcc11-opt/lib/libRDAVIX_rdict.pcm

Info in <TCling::LoadPCM>: In-memory ROOT PCM candidate /cvmfs/sft.cern.ch/lcg/releases/ROOT/6.28.04-740f6/x86_64-el9-gcc11-opt/lib/libRMySQL_rdict.pcm

Info in <TCling::LoadPCM>: In-memory ROOT PCM candidate /cvmfs/sft.cern.ch/lcg/releases/ROOT/6.28.04-740f6/x86_64-el9-gcc11-opt/lib/libROOTGpadv7_rdict.pcm

Info in <TCling::LoadPCM>: In-memory ROOT PCM candidate /cvmfs/sft.cern.ch/lcg/releases/ROOT/6.28.04-740f6/x86_64-el9-gcc11-opt/lib/libROOTGraphicsPrimitives_rdict.pcm

Info in <TCling::LoadPCM>: In-memory ROOT PCM candidate /cvmfs/sft.cern.ch/lcg/releases/ROOT/6.28.04-740f6/x86_64-el9-gcc11-opt/lib/libROOTTPython_rdict.pcm

Info in <TCling::LoadPCM>: In-memory ROOT PCM candidate /cvmfs/sft.cern.ch/lcg/releases/ROOT/6.28.04-740f6/x86_64-el9-gcc11-opt/lib/libRSQLite_rdict.pcm

Info in <TCling::LoadPCM>: In-memory ROOT PCM candidate /cvmfs/sft.cern.ch/lcg/releases/ROOT/6.28.04-740f6/x86_64-el9-gcc11-opt/lib/libRooFitJSONInterface_rdict.pcm

Info in <TCling::LoadPCM>: In-memory ROOT PCM candidate /cvmfs/sft.cern.ch/lcg/releases/ROOT/6.28.04-740f6/x86_64-el9-gcc11-opt/lib/libRootAuth_rdict.pcm

Info in <TCling::LoadPCM>: In-memory ROOT PCM candidate /cvmfs/sft.cern.ch/lcg/releases/ROOT/6.28.04-740f6/x86_64-el9-gcc11-opt/lib/libSQLIO_rdict.pcm

Info in <TCling::LoadPCM>: In-memory ROOT PCM candidate /cvmfs/sft.cern.ch/lcg/releases/ROOT/6.28.04-740f6/x86_64-el9-gcc11-opt/lib/libXMLIO_rdict.pcm

Info in <TCling::LoadPCM>: In-memory ROOT PCM candidate /cvmfs/sft.cern.ch/lcg/releases/ROOT/6.28.04-740f6/x86_64-el9-gcc11-opt/lib/libXMLParser_rdict.pcm

input_line_27:2:2: error: unknown type name 'define'
#define __ROOTCLING__ 1
 ^
input_line_27:3:7: error: expected ';' after top level declarator
#undef ClassDef
      ^
      ;
Warning in <TInterpreter::TCling::RegisterModule>: Problems declaring payload for module libTreePlayer.
input_line_28:1:2: error: unknown type name 'ifdef'
#ifdef __ROOTCLING__
 ^
<<< cling interactive line includer >>>:1:1: error: expected unqualified-id
^
Info in <TInterpreter::TCling::RegisterModule>: Module ROOTDataFrame in modulemap failed to load.
Error in <TCling::LoadPCM>: ROOT PCM /cvmfs/sft.cern.ch/lcg/releases/ROOT/6.28.04-740f6/x86_64-el9-gcc11-opt/lib/libROOTDataFrame_rdict.pcm file does not exist
Info in <TCling::LoadPCM>: In-memory ROOT PCM candidate /cvmfs/sft.cern.ch/lcg/releases/ROOT/6.28.04-740f6/x86_64-el9-gcc11-opt/lib/libNetxNG_rdict.pcm

Info in <TCling::LoadPCM>: In-memory ROOT PCM candidate /cvmfs/sft.cern.ch/lcg/releases/ROOT/6.28.04-740f6/x86_64-el9-gcc11-opt/lib/libOracle_rdict.pcm

Info in <TCling::LoadPCM>: In-memory ROOT PCM candidate /cvmfs/sft.cern.ch/lcg/releases/ROOT/6.28.04-740f6/x86_64-el9-gcc11-opt/lib/libRDAVIX_rdict.pcm

Info in <TCling::LoadPCM>: In-memory ROOT PCM candidate /cvmfs/sft.cern.ch/lcg/releases/ROOT/6.28.04-740f6/x86_64-el9-gcc11-opt/lib/libRMySQL_rdict.pcm

Info in <TCling::LoadPCM>: In-memory ROOT PCM candidate /cvmfs/sft.cern.ch/lcg/releases/ROOT/6.28.04-740f6/x86_64-el9-gcc11-opt/lib/libROOTGpadv7_rdict.pcm

Info in <TCling::LoadPCM>: In-memory ROOT PCM candidate /cvmfs/sft.cern.ch/lcg/releases/ROOT/6.28.04-740f6/x86_64-el9-gcc11-opt/lib/libROOTGraphicsPrimitives_rdict.pcm

Info in <TCling::LoadPCM>: In-memory ROOT PCM candidate /cvmfs/sft.cern.ch/lcg/releases/ROOT/6.28.04-740f6/x86_64-el9-gcc11-opt/lib/libROOTTPython_rdict.pcm

Info in <TCling::LoadPCM>: In-memory ROOT PCM candidate /cvmfs/sft.cern.ch/lcg/releases/ROOT/6.28.04-740f6/x86_64-el9-gcc11-opt/lib/libRSQLite_rdict.pcm

Info in <TCling::LoadPCM>: In-memory ROOT PCM candidate /cvmfs/sft.cern.ch/lcg/releases/ROOT/6.28.04-740f6/x86_64-el9-gcc11-opt/lib/libRooFitJSONInterface_rdict.pcm

Info in <TCling::LoadPCM>: In-memory ROOT PCM candidate /cvmfs/sft.cern.ch/lcg/releases/ROOT/6.28.04-740f6/x86_64-el9-gcc11-opt/lib/libRootAuth_rdict.pcm

Info in <TCling::LoadPCM>: In-memory ROOT PCM candidate /cvmfs/sft.cern.ch/lcg/releases/ROOT/6.28.04-740f6/x86_64-el9-gcc11-opt/lib/libSQLIO_rdict.pcm

Info in <TCling::LoadPCM>: In-memory ROOT PCM candidate /cvmfs/sft.cern.ch/lcg/releases/ROOT/6.28.04-740f6/x86_64-el9-gcc11-opt/lib/libXMLIO_rdict.pcm

Info in <TCling::LoadPCM>: In-memory ROOT PCM candidate /cvmfs/sft.cern.ch/lcg/releases/ROOT/6.28.04-740f6/x86_64-el9-gcc11-opt/lib/libXMLParser_rdict.pcm

input_line_29:2:2: error: unknown type name 'define'
#define __ROOTCLING__ 1
 ^
input_line_29:3:7: error: expected ';' after top level declarator
#undef ClassDef
      ^
      ;
Warning in <TInterpreter::TCling::RegisterModule>: Problems declaring payload for module libROOTDataFrame.
input_line_30:1:2: error: unknown type name 'ifdef'
#ifdef __ROOTCLING__
 ^
<<< cling interactive line includer >>>:1:1: error: expected unqualified-id
^
input_line_31:2:2: error: unknown type name 'line'
#line 2 "Forward declarations from /cvmfs/sft.cern.ch/lcg/releases/ROOT/6.28.04-740f6/x86_64-el9-gcc11-opt/lib/libforward_listDict.rootmap"
 ^
Forward declarations from /cvmfs/sft.cern.ch/lcg/releases/ROOT/6.28.04-740f6/x86_64-el9-gcc11-opt/lib/libforward_listDict.rootmap:2:1: error: expected unqualified-id
namespace std {  }
^
Forward declarations from /cvmfs/sft.cern.ch/lcg/releases/ROOT/6.28.04-740f6/x86_64-el9-gcc11-opt/lib/libforward_listDict.rootmap:5:2: error: unknown type name 'line'
#line 2 "Forward declarations from /cvmfs/sft.cern.ch/lcg/releases/ROOT/6.28.04-740f6/x86_64-el9-gcc11-opt/lib/libvectorDict.rootmap"
 ^
Forward declarations from /cvmfs/sft.cern.ch/lcg/releases/ROOT/6.28.04-740f6/x86_64-el9-gcc11-opt/lib/libvectorDict.rootmap:3:6: error: expected ';' after top level declarator
#line 2 "Forward declarations from /cvmfs/sft.cern.ch/lcg/releases/ROOT/6.28.04-740f6/x86_64-el9-gcc11-opt/lib/libunordered_multimapDict.rootmap"
     ^
     ;
Forward declarations from /cvmfs/sft.cern.ch/lcg/releases/ROOT/6.28.04-740f6/x86_64-el9-gcc11-opt/lib/libcomplexDict.rootmap:6:2: error: unknown type name 'line'
#line 2 "Forward declarations from /cvmfs/sft.cern.ch/lcg/releases/ROOT/6.28.04-740f6/x86_64-el9-gcc11-opt/lib/libvalarrayDict.rootmap"
 ^
Forward declarations from /cvmfs/sft.cern.ch/lcg/releases/ROOT/6.28.04-740f6/x86_64-el9-gcc11-opt/lib/libvalarrayDict.rootmap:3:6: error: expected ';' after top level declarator
#line 2 "Forward declarations from /cvmfs/sft.cern.ch/lcg/releases/ROOT/6.28.04-740f6/x86_64-el9-gcc11-opt/lib/libunordered_setDict.rootmap"
     ^
     ;
Warning in <TInterpreter::LoadLibraryMap>: Problems in (null) declaring '
#line 2 "Forward declarations from /cvmfs/sft.cern.ch/lcg/releases/ROOT/6.28.04-740f6/x86_64-el9-gcc11-opt/lib/libforward_listDict.rootmap"
namespace std {  }


#line 2 "Forward declarations from /cvmfs/sft.cern.ch/lcg/releases/ROOT/6.28.04-740f6/x86_64-el9-gcc11-opt/lib/libvectorDict.rootmap"

#line 2 "Forward declarations from /cvmfs/sft.cern.ch/lcg/releases/ROOT/6.28.04-740f6/x86_64-el9-gcc11-opt/lib/libunordered_multimapDict.rootmap"

#line 2 "Forward declarations from /cvmfs/sft.cern.ch/lcg/releases/ROOT/6.28.04-740f6/x86_64-el9-gcc11-opt/lib/libmultimapDict.rootmap"

#line 2 "Forward declarations from /cvmfs/sft.cern.ch/lcg/releases/ROOT/6.28.04-740f6/x86_64-el9-gcc11-opt/lib/libmultimap2Dict.rootmap"

#line 2 "Forward declarations from /cvmfs/sft.cern.ch/lcg/releases/ROOT/6.28.04-740f6/x86_64-el9-gcc11-opt/lib/libdequeDict.rootmap"

#line 2 "Forward declarations from /cvmfs/sft.cern.ch/lcg/releases/ROOT/6.28.04-740f6/x86_64-el9-gcc11-opt/lib/libcomplexDict.rootmap"
template <> class complex<float>;
template <> class complex<double>;
template <typename T> class _root_std_complex;

#line 2 "Forward declarations from /cvmfs/sft.cern.ch/lcg/releases/ROOT/6.28.04-740f6/x86_64-el9-gcc11-opt/lib/libvalarrayDict.rootmap"

#line 2 "Forward declarations from /cvmfs/sft.cern.ch/lcg/releases/ROOT/6.28.04-740f6/x86_64-el9-gcc11-opt/lib/libunordered_setDict.rootmap"

#line 2 "Forward declarations from /cvmfs/sft.cern.ch/lcg/releases/ROOT/6.28.04-740f6/x86_64-el9-gcc11-opt/lib/libunordered_multisetDict.rootmap"

#line 2 "Forward declarations from /cvmfs/sft.cern.ch/lcg/releases/ROOT/6.28.04-740f6/x86_64-el9-gcc11-opt/lib/libSmatrix32.rootmap"
namespace ROOT { namespace Math {  } }
namespace ROOT { namespace Math { template <typename T, unsigned int, unsigned int> class MatRepStd; } }
namespace ROOT { namespace Math { template <typename T, unsigned int> class MatRepSym; } }
namespace ROOT { namespace Math { template <typename T, unsigned int> class SVector; } }
namespace ROOT { namespace Math { template <typename T, unsigned int, unsigned int, typename R> class SMatrix; } }

#line 2 "Forward declarations from /cvmfs/sft.cern.ch/lcg/releases/ROOT/6.28.04-740f6/x86_64-el9-gcc11-opt/lib/libsetDict.rootmap"

#line 2 "Forward declarations from /cvmfs/sft.cern.ch/lcg/releases/ROOT/6.28.04-740f6/x86_64-el9-gcc11-opt/lib/libmultisetDict.rootmap"

#line 2 "Forward declarations from /cvmfs/sft.cern.ch/lcg/releases/ROOT/6.28.04-740f6/x86_64-el9-gcc11-opt/lib/libGenVector32.rootmap"
namespace ROOT { namespace Math { template <typename T> class Cartesian2D; } }
namespace ROOT { namespace Math { template <typename T> class Polar2D; } }
namespace ROOT { namespace Math { class DefaultCoordinateSystemTag; } }
namespace ROOT { namespace Math { template <typename CoordSystem, typename Tag> class DisplacementVector2D; } }
namespace ROOT { namespace Math { template <typename T> class Cartesian3D; } }
namespace ROOT { namespace Math { template <typename CoordSystem, typename Tag> class PositionVector3D; } }
namespace ROOT { namespace Math { template <typename T> class CylindricalEta3D; } }
namespace ROOT { namespace Math { template <typename T> class Polar3D; } }
namespace ROOT { namespace Math { template <typename T> class Cylindrical3D; } }
namespace ROOT { namespace Math { class LocalCoordinateSystemTag; } }
namespace ROOT { namespace Math { class GlobalCoordinateSystemTag; } }
namespace ROOT { namespace Math { template <typename CoordSystem, typename Tag> class DisplacementVector3D; } }
namespace ROOT { namespace Math { template <typename T> class PxPyPzE4D; } }
namespace ROOT { namespace Math { template <typename CoordSystem> class LorentzVector; } }
namespace ROOT { namespace Math { template <typename T> class PxPyPzM4D; } }
namespace ROOT { namespace Math { template <typename T> class PtEtaPhiE4D; } }
namespace ROOT { namespace Math { template <typename T> class PtEtaPhiM4D; } }

#line 2 "Forward declarations from /cvmfs/sft.cern.ch/lcg/releases/ROOT/6.28.04-740f6/x86_64-el9-gcc11-opt/lib/liblistDict.rootmap"
namespace std { inline namespace __cxx11 {  } }

#line 2 "Forward declarations from /cvmfs/sft.cern.ch/lcg/releases/ROOT/6.28.04-740f6/x86_64-el9-gcc11-opt/lib/libmapDict.rootmap"

#line 2 "Forward declarations from /cvmfs/sft.cern.ch/lcg/releases/ROOT/6.28.04-740f6/x86_64-el9-gcc11-opt/lib/libmap2Dict.rootmap"

#line 2 "Forward declarations from /cvmfs/sft.cern.ch/lcg/releases/ROOT/6.28.04-740f6/x86_64-el9-gcc11-opt/lib/libunordered_mapDict.rootmap"
' were encountered.
input_line_32:1:2: error: unknown type name 'include'
#include "/cvmfs/sft.cern.ch/lcg/releases/ROOT/6.28.04-740f6/x86_64-el9-gcc11-opt/etc/plugins/TSystem/P020_TDCacheSystem.C"
 ^
input_line_33:1:2: error: unknown type name 'include'
#include "/cvmfs/sft.cern.ch/lcg/releases/ROOT/6.28.04-740f6/x86_64-el9-gcc11-opt/etc/plugins/TSystem/P030_TAlienSystem.C"
 ^
input_line_34:1:2: error: unknown type name 'include'
#include "/cvmfs/sft.cern.ch/lcg/releases/ROOT/6.28.04-740f6/x86_64-el9-gcc11-opt/etc/plugins/TSystem/P040_TXNetSystem.C"
 ^
In file included from input_line_34:1:
/cvmfs/sft.cern.ch/lcg/releases/ROOT/6.28.04-740f6/x86_64-el9-gcc11-opt/etc/plugins/TSystem/P040_TXNetSystem.C:1:8: error: expected ';' after top level declarator
TSystem* ROOT_Plugin_TNetXNGSystem(const char *,Bool_t);
       ^
       ;
input_line_35:1:2: error: unknown type name 'include'
#include "/cvmfs/sft.cern.ch/lcg/releases/ROOT/6.28.04-740f6/x86_64-el9-gcc11-opt/etc/plugins/TSystem/P045_TDavixSystem.C"
 ^
input_line_36:1:2: error: unknown type name 'include'
#include "/cvmfs/sft.cern.ch/lcg/releases/ROOT/6.28.04-740f6/x86_64-el9-gcc11-opt/etc/plugins/TSystem/P050_TWebSystem.C"
 ^
input_line_37:1:2: error: unknown type name 'include'
#include "/cvmfs/sft.cern.ch/lcg/releases/ROOT/6.28.04-740f6/x86_64-el9-gcc11-opt/etc/plugins/TSystem/P070_TNetSystem.C"
 ^
input_line_38:1:2: error: unknown type name 'include'
#include "/cvmfs/sft.cern.ch/lcg/releases/ROOT/6.28.04-740f6/x86_64-el9-gcc11-opt/etc/plugins/TFile/P010_TWebFile.C"
 ^
input_line_39:1:2: error: unknown type name 'include'
#include "/cvmfs/sft.cern.ch/lcg/releases/ROOT/6.28.04-740f6/x86_64-el9-gcc11-opt/etc/plugins/TFile/P040_TDCacheFile.C"
 ^
input_line_40:1:2: error: unknown type name 'include'
#include "/cvmfs/sft.cern.ch/lcg/releases/ROOT/6.28.04-740f6/x86_64-el9-gcc11-opt/etc/plugins/TFile/P050_TGFALFile.C"
 ^
input_line_41:1:2: error: unknown type name 'include'
#include "/cvmfs/sft.cern.ch/lcg/releases/ROOT/6.28.04-740f6/x86_64-el9-gcc11-opt/etc/plugins/TFile/P070_TAlienFile.C"
 ^
input_line_42:1:2: error: unknown type name 'include'
#include "/cvmfs/sft.cern.ch/lcg/releases/ROOT/6.28.04-740f6/x86_64-el9-gcc11-opt/etc/plugins/TFile/P080_TXMLFile.C"
 ^
input_line_43:1:2: error: unknown type name 'include'
#include "/cvmfs/sft.cern.ch/lcg/releases/ROOT/6.28.04-740f6/x86_64-el9-gcc11-opt/etc/plugins/TFile/P090_TSQLFile.C"
 ^
input_line_44:1:2: error: unknown type name 'include'
#include "/cvmfs/sft.cern.ch/lcg/releases/ROOT/6.28.04-740f6/x86_64-el9-gcc11-opt/etc/plugins/TFile/P100_TXNetFile.C"
 ^
input_line_45:1:2: error: unknown type name 'include'
#include "/cvmfs/sft.cern.ch/lcg/releases/ROOT/6.28.04-740f6/x86_64-el9-gcc11-opt/etc/plugins/TFile/P120_TNetFile.C"
 ^
input_line_46:1:2: error: unknown type name 'include'
#include "/cvmfs/sft.cern.ch/lcg/releases/ROOT/6.28.04-740f6/x86_64-el9-gcc11-opt/etc/plugins/TFile/P130_TDavixFile.C"
 ^
input_line_47:1:2: error: unknown type name 'include'
#include "/cvmfs/sft.cern.ch/lcg/releases/ROOT/6.28.04-740f6/x86_64-el9-gcc11-opt/etc/plugins/TFile/P150_TS3WebFile.C"
 ^
input_line_48:1:2: error: unknown type name 'include'
#include "/cvmfs/sft.cern.ch/lcg/releases/ROOT/6.28.04-740f6/x86_64-el9-gcc11-opt/etc/plugins/TArchiveFile/P010_TZIPFile.C"
 ^
SysError in <TFile::ReadBuffer>: error reading from file /eos/user/e/evilla/dune/sn-tps/production_cc/prodmarley_nue_flat_cc_dune10kt_1x2x2_20251003T055826Z_gen_000050_supernova_g4_detsim_ana_2025-10-21T_095649Z_tpstream.root Input/output error
Error in <TFile::Init>: /eos/user/e/evilla/dune/sn-tps/production_cc/prodmarley_nue_flat_cc_dune10kt_1x2x2_20251003T055826Z_gen_000050_supernova_g4_detsim_ana_2025-10-21T_095649Z_tpstream.root failed to read the file type data.
