============================================================
Processing CC samples
============================================================

Processing cc energy_cut=0
Looking in: /home/virgolaema/dune/online-pointing-utils/data/prod_cc/clusters_cc_valid_bg_tick3_ch2_min2_tot2_e0p0
  Found 2 cluster file(s)
Error in <TTree::SetBranchAddress>: unknown branch -> generator_name

 *** Break *** segmentation violation



===========================================================
There was a crash.
This is the entire stack trace of all threads:
===========================================================
#0  0x000071397f0ea3ea in __GI___wait4 (pid=243577, stat_loc=stat_loc
entry=0x7fff7e5eded8, options=options
entry=0, usage=usage
entry=0x0) at ../sysdeps/unix/sysv/linux/wait4.c:30
#1  0x000071397f0ea3ab in __GI___waitpid (pid=<optimized out>, stat_loc=stat_loc
entry=0x7fff7e5eded8, options=options
entry=0) at ./posix/waitpid.c:38
#2  0x000071397f050bdb in do_system (line=<optimized out>) at ../sysdeps/posix/system.c:171
#3  0x00007139801193b4 in TUnixSystem::StackTrace() () from /usr/local/lib/libCore.so
#4  0x00007139801166e5 in TUnixSystem::DispatchSignals(ESignals) () from /usr/local/lib/libCore.so
#5  <signal handler called>
#6  0x000059f66b1c3fa8 in TString::IsLong() const ()
#7  0x000059f66b1c4002 in TString::GetPointer() const ()
#8  0x000059f66b1c403e in TString::Data() const ()
#9  0x000059f66b1c1d19 in analyze_cluster_file(std::__cxx11::basic_string<char, std::char_traits<char>, std::allocator<char> > const&) ()
#10 0x000059f66b1c2585 in process_sample(std::__cxx11::basic_string<char, std::char_traits<char>, std::allocator<char> > const&, std::__cxx11::basic_string<char, std::char_traits<char>, std::allocator<char> > const&, std::vector<double, std::allocator<double> > const&) ()
#11 0x000059f66b1c3074 in main ()
===========================================================


The lines below might hint at the cause of the crash. If you see question
marks as part of the stack trace, try to recompile with debugging information
enabled and export CLING_DEBUG=1 environment variable before running.
You may get help by asking at the ROOT forum https://root.cern/forum
Only if you are really convinced it is a bug in ROOT then please submit a
report at https://root.cern/bugs Please post the ENTIRE stack trace
from above as an attachment in addition to anything else
that might help us fixing this issue.
===========================================================
#6  0x000059f66b1c3fa8 in TString::IsLong() const ()
#7  0x000059f66b1c4002 in TString::GetPointer() const ()
#8  0x000059f66b1c403e in TString::Data() const ()
#9  0x000059f66b1c1d19 in analyze_cluster_file(std::__cxx11::basic_string<char, std::char_traits<char>, std::allocator<char> > const&) ()
#10 0x000059f66b1c2585 in process_sample(std::__cxx11::basic_string<char, std::char_traits<char>, std::allocator<char> > const&, std::__cxx11::basic_string<char, std::char_traits<char>, std::allocator<char> > const&, std::vector<double, std::allocator<double> > const&) ()
#11 0x000059f66b1c3074 in main ()
===========================================================


